<?xml version="1.0" encoding="UTF-8"?>
<testsuite name="scacchiera.pedine.PedoneTest" tests="4" skipped="0" failures="0" errors="0" timestamp="2020-05-17T14:44:42" hostname="MBP-di-Antonio" time="0.055">
  <properties/>
  <testcase name="testIsEnPassantValido()" classname="scacchiera.pedine.PedoneTest" time="0.019"/>
  <testcase name="testConvertiMossa()" classname="scacchiera.pedine.PedoneTest" time="0.002"/>
  <testcase name="testIsPedone()" classname="scacchiera.pedine.PedoneTest" time="0.013"/>
  <testcase name="testIsMossaValida()" classname="scacchiera.pedine.PedoneTest" time="0.014"/>
  <system-out><![CDATA[]]></system-out>
  <system-err><![CDATA[]]></system-err>
</testsuite>
