<?xml version="1.0" encoding="UTF-8"?>
<testsuite name="gioco.GiocatoreTest" tests="6" skipped="0" failures="0" errors="0" timestamp="2020-05-26T13:43:52" hostname="LAPTOP-N9R260GT" time="0.029">
  <properties/>
  <testcase name="testAddPezziCatturati()" classname="gioco.GiocatoreTest" time="0.018"/>
  <testcase name="testIsEmptyPezziCatturati()" classname="gioco.GiocatoreTest" time="0.002"/>
  <testcase name="testGetNome()" classname="gioco.GiocatoreTest" time="0.001"/>
  <testcase name="testGetPezziCatturati()" classname="gioco.GiocatoreTest" time="0.002"/>
  <testcase name="testRemovePezzoCatturato()" classname="gioco.GiocatoreTest" time="0.002"/>
  <testcase name="testGetColore()" classname="gioco.GiocatoreTest" time="0.001"/>
  <system-out><![CDATA[]]></system-out>
  <system-err><![CDATA[]]></system-err>
</testsuite>
