<?xml version="1.0" encoding="UTF-8"?>
<testsuite name="scacchiera.pedine.PezzoTest" tests="5" skipped="0" failures="0" errors="0" timestamp="2020-05-26T13:59:27" hostname="LAPTOP-N9R260GT" time="0.007">
  <properties/>
  <testcase name="testToString()" classname="scacchiera.pedine.PezzoTest" time="0.002"/>
  <testcase name="testGetNome()" classname="scacchiera.pedine.PezzoTest" time="0.001"/>
  <testcase name="testGetSimboloNero()" classname="scacchiera.pedine.PezzoTest" time="0.001"/>
  <testcase name="testGetSimboloBianco()" classname="scacchiera.pedine.PezzoTest" time="0.0"/>
  <testcase name="testGetColore()" classname="scacchiera.pedine.PezzoTest" time="0.0"/>
  <system-out><![CDATA[]]></system-out>
  <system-err><![CDATA[]]></system-err>
</testsuite>
