<?xml version="1.0" encoding="UTF-8"?>
<testsuite name="gioco.ComandoTest" tests="3" skipped="0" failures="0" errors="0" timestamp="2020-05-17T14:44:42" hostname="MBP-di-Antonio" time="0.003">
  <properties/>
  <testcase name="testToString()" classname="gioco.ComandoTest" time="0.0"/>
  <testcase name="testGetNome()" classname="gioco.ComandoTest" time="0.001"/>
  <testcase name="testGetDescrizione()" classname="gioco.ComandoTest" time="0.0"/>
  <system-out><![CDATA[]]></system-out>
  <system-err><![CDATA[]]></system-err>
</testsuite>
