<?xml version="1.0" encoding="UTF-8"?>
<testsuite name="gioco.TurnoTest" tests="10" skipped="0" failures="0" errors="0" timestamp="2020-05-26T13:43:52" hostname="LAPTOP-N9R260GT" time="0.012">
  <properties/>
  <testcase name="testGetArrayStoriaMosseBianco()" classname="gioco.TurnoTest" time="0.001"/>
  <testcase name="testGetGiocatoreInAttesa()" classname="gioco.TurnoTest" time="0.001"/>
  <testcase name="testGetArrayStoriaMosseNero()" classname="gioco.TurnoTest" time="0.001"/>
  <testcase name="testGetArrayStoriaMosseAttesaDim1Nero()" classname="gioco.TurnoTest" time="0.001"/>
  <testcase name="testSetNomeGiocatoreInTurno()" classname="gioco.TurnoTest" time="0.001"/>
  <testcase name="testGetGiocatoreInTurno()" classname="gioco.TurnoTest" time="0.001"/>
  <testcase name="testGetArrayStoriaMosseAttesaDim1Bianco()" classname="gioco.TurnoTest" time="0.001"/>
  <testcase name="testGetArrayStoriaMosseNeroDim1()" classname="gioco.TurnoTest" time="0.001"/>
  <testcase name="testGetArrayStoriaMosseBiancoDim1()" classname="gioco.TurnoTest" time="0.001"/>
  <testcase name="testSetNomeGiocatoreInAttesa()" classname="gioco.TurnoTest" time="0.0"/>
  <system-out><![CDATA[]]></system-out>
  <system-err><![CDATA[]]></system-err>
</testsuite>
