<?xml version="1.0" encoding="UTF-8"?>
<testsuite name="scacchiera.pedine.CavalloTest" tests="33" skipped="0" failures="0" errors="0" timestamp="2020-05-25T23:20:00" hostname="DESKTOP-4L7G6SD" time="0.339">
  <properties/>
  <testcase name="testConvertiMossaFull()" classname="scacchiera.pedine.CavalloTest" time="0.008"/>
  <testcase name="testConvertiMossaAmbiguitaTravSx1()" classname="scacchiera.pedine.CavalloTest" time="0.002"/>
  <testcase name="testConvertiMossaAmbiguitaTravSx2()" classname="scacchiera.pedine.CavalloTest" time="0.002"/>
  <testcase name="testConvertiMossab4()" classname="scacchiera.pedine.CavalloTest" time="0.003"/>
  <testcase name="testConvertiMossab6()" classname="scacchiera.pedine.CavalloTest" time="0.007"/>
  <testcase name="testConvertiMossac3()" classname="scacchiera.pedine.CavalloTest" time="0.006"/>
  <testcase name="testConvertiMossac7()" classname="scacchiera.pedine.CavalloTest" time="0.004"/>
  <testcase name="testConvertiMossae3()" classname="scacchiera.pedine.CavalloTest" time="0.005"/>
  <testcase name="testConvertiMossae7()" classname="scacchiera.pedine.CavalloTest" time="0.007"/>
  <testcase name="testConvertiMossaf4()" classname="scacchiera.pedine.CavalloTest" time="0.005"/>
  <testcase name="testConvertiMossaf6()" classname="scacchiera.pedine.CavalloTest" time="0.002"/>
  <testcase name="testConvertiMossaCatturaFinaleVuota()" classname="scacchiera.pedine.CavalloTest" time="0.002"/>
  <testcase name="testIsMossaValidab4()" classname="scacchiera.pedine.CavalloTest" time="0.003"/>
  <testcase name="testIsMossaValidab6()" classname="scacchiera.pedine.CavalloTest" time="0.005"/>
  <testcase name="testIsMossaValidac3()" classname="scacchiera.pedine.CavalloTest" time="0.002"/>
  <testcase name="testIsMossaValidae3()" classname="scacchiera.pedine.CavalloTest" time="0.002"/>
  <testcase name="testIsMossaValidae7()" classname="scacchiera.pedine.CavalloTest" time="0.001"/>
  <testcase name="testIsMossaValidaf4()" classname="scacchiera.pedine.CavalloTest" time="0.001"/>
  <testcase name="testIsMossaValidaf6()" classname="scacchiera.pedine.CavalloTest" time="0.005"/>
  <testcase name="testConvertiMossaAmbiguitaColonnaDx()" classname="scacchiera.pedine.CavalloTest" time="0.007"/>
  <testcase name="testIsMossaValidaEndOccupato()" classname="scacchiera.pedine.CavalloTest" time="0.003"/>
  <testcase name="testConvertiMossaAmbiguitaTrav2()" classname="scacchiera.pedine.CavalloTest" time="0.017"/>
  <testcase name="testConvertiMossaAmbiguitaTrav()" classname="scacchiera.pedine.CavalloTest" time="0.003"/>
  <testcase name="testisMossaValidac7()" classname="scacchiera.pedine.CavalloTest" time="0.003"/>
  <testcase name="testConvertiMossaAmbiguitaColonna()" classname="scacchiera.pedine.CavalloTest" time="0.001"/>
  <testcase name="testConvertiMossaCatturaAmbiguitaTrav()" classname="scacchiera.pedine.CavalloTest" time="0.004"/>
  <testcase name="testConvertiMossaAmbiguitaColonnaPiena()" classname="scacchiera.pedine.CavalloTest" time="0.002"/>
  <testcase name="testConvertiMossaCattura()" classname="scacchiera.pedine.CavalloTest" time="0.009"/>
  <testcase name="testConvertiMossaAmbiguitaTravFull()" classname="scacchiera.pedine.CavalloTest" time="0.005"/>
  <testcase name="testConvertiMossaAmbiguitaColonnaDx2()" classname="scacchiera.pedine.CavalloTest" time="0.01"/>
  <testcase name="testConvertiMossaCatturaAmbiguitaTravEmpty()" classname="scacchiera.pedine.CavalloTest" time="0.001"/>
  <testcase name="testConvertiMossaCatturaAmbiguitaColonne()" classname="scacchiera.pedine.CavalloTest" time="0.009"/>
  <testcase name="testConvertiMossaCatturaAmbiguitaColonneEmpty()" classname="scacchiera.pedine.CavalloTest" time="0.001"/>
  <system-out><![CDATA[]]></system-out>
  <system-err><![CDATA[]]></system-err>
</testsuite>
