<?xml version="1.0" encoding="UTF-8"?>
<testsuite name="gioco.ComandoTest" tests="2" skipped="0" failures="0" errors="0" timestamp="2020-05-21T10:56:44" hostname="MBP-di-Antonio" time="0.009">
  <properties/>
  <testcase name="testToString()" classname="gioco.ComandoTest" time="0.003"/>
  <testcase name="testGetNome()" classname="gioco.ComandoTest" time="0.003"/>
  <system-out><![CDATA[]]></system-out>
  <system-err><![CDATA[]]></system-err>
</testsuite>
