<?xml version="1.0" encoding="UTF-8"?>
<testsuite name="scacchiera.CellaTest" tests="4" skipped="0" failures="0" errors="0" timestamp="2020-05-26T10:57:01" hostname="LAPTOP-N9R260GT" time="0.014">
  <properties/>
  <testcase name="testEndX()" classname="scacchiera.CellaTest" time="0.0"/>
  <testcase name="testEndY()" classname="scacchiera.CellaTest" time="0.001"/>
  <testcase name="testStartX()" classname="scacchiera.CellaTest" time="0.002"/>
  <testcase name="testStartY()" classname="scacchiera.CellaTest" time="0.002"/>
  <system-out><![CDATA[]]></system-out>
  <system-err><![CDATA[]]></system-err>
</testsuite>
