<?xml version="1.0" encoding="UTF-8"?>
<testsuite name="scacchiera.pedine.PezzoTest" tests="4" skipped="0" failures="0" errors="0" timestamp="2020-05-17T14:44:42" hostname="MBP-di-Antonio" time="0.013">
  <properties/>
  <testcase name="testGetSimbolo()" classname="scacchiera.pedine.PezzoTest" time="0.001"/>
  <testcase name="testToString()" classname="scacchiera.pedine.PezzoTest" time="0.001"/>
  <testcase name="testGetNome()" classname="scacchiera.pedine.PezzoTest" time="0.001"/>
  <testcase name="testGetColore()" classname="scacchiera.pedine.PezzoTest" time="0.002"/>
  <system-out><![CDATA[]]></system-out>
  <system-err><![CDATA[]]></system-err>
</testsuite>
