<?xml version="1.0" encoding="UTF-8"?>
<testsuite name="it.uniba.example.utils.test.MathUtilsTest" tests="2" skipped="0" failures="0" errors="0" timestamp="2020-04-10T09:29:58" hostname="LAPTOP-871GRCT0" time="0.047">
  <properties/>
  <testcase name="testAddition()" classname="it.uniba.example.utils.test.MathUtilsTest" time="0.038"/>
  <testcase name="testDivision()" classname="it.uniba.example.utils.test.MathUtilsTest" time="0.007"/>
  <system-out><![CDATA[setUpAll
setUpEach
teadDownEach
setUpEach
teadDownEach
teadDownAll
]]></system-out>
  <system-err><![CDATA[]]></system-err>
</testsuite>
