<?xml version="1.0" encoding="UTF-8"?>
<testsuite name="gioco.MenuTest" tests="4" skipped="0" failures="0" errors="0" timestamp="2020-05-17T14:44:42" hostname="MBP-di-Antonio" time="0.037">
  <properties/>
  <testcase name="testPlay()" classname="gioco.MenuTest" time="0.001"/>
  <testcase name="testIsNotazioneAlgebrica()" classname="gioco.MenuTest" time="0.02"/>
  <testcase name="testIsComandoValido()" classname="gioco.MenuTest" time="0.001"/>
  <testcase name="testIsArrocco()" classname="gioco.MenuTest" time="0.003"/>
  <system-out><![CDATA[]]></system-out>
  <system-err><![CDATA[]]></system-err>
</testsuite>
