<?xml version="1.0" encoding="UTF-8"?>
<testsuite name="scacchiera.CellaTest" tests="4" skipped="0" failures="0" errors="0" timestamp="2020-05-25T23:19:59" hostname="DESKTOP-4L7G6SD" time="0.013">
  <properties/>
  <testcase name="testEndX()" classname="scacchiera.CellaTest" time="0.001"/>
  <testcase name="testEndY()" classname="scacchiera.CellaTest" time="0.008"/>
  <testcase name="testStartX()" classname="scacchiera.CellaTest" time="0.001"/>
  <testcase name="testStartY()" classname="scacchiera.CellaTest" time="0.002"/>
  <system-out><![CDATA[]]></system-out>
  <system-err><![CDATA[]]></system-err>
</testsuite>
