<?xml version="1.0" encoding="UTF-8"?>
<testsuite name="scacchiera.CellaTest" tests="5" skipped="0" failures="0" errors="0" timestamp="2020-05-17T14:44:42" hostname="MBP-di-Antonio" time="0.029">
  <properties/>
  <testcase name="testEndX()" classname="scacchiera.CellaTest" time="0.0"/>
  <testcase name="testEndY()" classname="scacchiera.CellaTest" time="0.001"/>
  <testcase name="testCostruttore()" classname="scacchiera.CellaTest" time="0.009"/>
  <testcase name="testStartX()" classname="scacchiera.CellaTest" time="0.009"/>
  <testcase name="testStartY()" classname="scacchiera.CellaTest" time="0.001"/>
  <system-out><![CDATA[]]></system-out>
  <system-err><![CDATA[]]></system-err>
</testsuite>
