<?xml version="1.0" encoding="UTF-8"?>
<testsuite name="scacchiera.pedine.AlfiereTest" tests="2" skipped="0" failures="0" errors="0" timestamp="2020-05-17T14:44:42" hostname="MBP-di-Antonio" time="0.011">
  <properties/>
  <testcase name="testConvertiMossa()" classname="scacchiera.pedine.AlfiereTest" time="0.008"/>
  <testcase name="testIsMossaValida()" classname="scacchiera.pedine.AlfiereTest" time="0.001"/>
  <system-out><![CDATA[]]></system-out>
  <system-err><![CDATA[]]></system-err>
</testsuite>
