<?xml version="1.0" encoding="UTF-8"?>
<testsuite name="gioco.ComandoTest" tests="2" skipped="0" failures="0" errors="0" timestamp="2020-05-26T13:43:52" hostname="LAPTOP-N9R260GT" time="0.029">
  <properties/>
  <testcase name="testToString()" classname="gioco.ComandoTest" time="0.028"/>
  <testcase name="testGetNome()" classname="gioco.ComandoTest" time="0.0"/>
  <system-out><![CDATA[]]></system-out>
  <system-err><![CDATA[]]></system-err>
</testsuite>
