<?xml version="1.0" encoding="UTF-8"?>
<testsuite name="scacchiera.pedine.ReTest" tests="1" skipped="0" failures="0" errors="0" timestamp="2020-05-26T10:57:01" hostname="LAPTOP-N9R260GT" time="0.0">
  <properties/>
  <testcase name="test()" classname="scacchiera.pedine.ReTest" time="0.0"/>
  <system-out><![CDATA[]]></system-out>
  <system-err><![CDATA[]]></system-err>
</testsuite>
