<?xml version="1.0" encoding="UTF-8"?>
<testsuite name="it.uniba.example.db.test.LocalDatabaseConnectionTest" tests="1" skipped="1" failures="0" errors="0" timestamp="2020-04-10T09:02:13" hostname="MBP-di-Antonio" time="0.0">
  <properties/>
  <testcase name="testSomething()" classname="it.uniba.example.db.test.LocalDatabaseConnectionTest" time="0.0">
    <skipped/>
  </testcase>
  <system-out><![CDATA[]]></system-out>
  <system-err><![CDATA[]]></system-err>
</testsuite>
