<?xml version="1.0" encoding="UTF-8"?>
<testsuite name="gioco.TurnoTest" tests="5" skipped="0" failures="0" errors="0" timestamp="2020-05-17T14:44:42" hostname="MBP-di-Antonio" time="0.083">
  <properties/>
  <testcase name="testSetGiocatoreInAttesa()" classname="gioco.TurnoTest" time="0.058"/>
  <testcase name="testGetGiocatoreInAttesa()" classname="gioco.TurnoTest" time="0.004"/>
  <testcase name="testSetGiocatoreInTurno()" classname="gioco.TurnoTest" time="0.001"/>
  <testcase name="testGetGiocatoreInTurno()" classname="gioco.TurnoTest" time="0.003"/>
  <testcase name="testGetArrayStoriaMosse()" classname="gioco.TurnoTest" time="0.002"/>
  <system-out><![CDATA[]]></system-out>
  <system-err><![CDATA[]]></system-err>
</testsuite>
