<?xml version="1.0" encoding="UTF-8"?>
<testsuite name="it.uniba.example.utils.test.MathUtilsTest" tests="2" skipped="0" failures="0" errors="0" timestamp="2020-04-10T10:05:51" hostname="DESKTOP-7CRH8OC" time="0.033">
  <properties/>
  <testcase name="testAddition()" classname="it.uniba.example.utils.test.MathUtilsTest" time="0.028"/>
  <testcase name="testDivision()" classname="it.uniba.example.utils.test.MathUtilsTest" time="0.004"/>
  <system-out><![CDATA[setUpAll
setUpEach
teadDownEach
setUpEach
teadDownEach
teadDownAll
]]></system-out>
  <system-err><![CDATA[]]></system-err>
</testsuite>
