<?xml version="1.0" encoding="UTF-8"?>
<testsuite name="scacchiera.CellaTest" tests="4" skipped="0" failures="0" errors="0" timestamp="2020-05-26T08:29:46" hostname="LAPTOP-5EBE22AV" time="0.011">
  <properties/>
  <testcase name="testEndX()" classname="scacchiera.CellaTest" time="0.002"/>
  <testcase name="testEndY()" classname="scacchiera.CellaTest" time="0.001"/>
  <testcase name="testStartX()" classname="scacchiera.CellaTest" time="0.002"/>
  <testcase name="testStartY()" classname="scacchiera.CellaTest" time="0.001"/>
  <system-out><![CDATA[]]></system-out>
  <system-err><![CDATA[]]></system-err>
</testsuite>
