<?xml version="1.0" encoding="UTF-8"?>
<testsuite name="gioco.TurnoTest" tests="10" skipped="0" failures="0" errors="0" timestamp="2020-05-25T23:19:59" hostname="DESKTOP-4L7G6SD" time="0.106">
  <properties/>
  <testcase name="testGetArrayStoriaMosseBianco()" classname="gioco.TurnoTest" time="0.005"/>
  <testcase name="testGetGiocatoreInAttesa()" classname="gioco.TurnoTest" time="0.002"/>
  <testcase name="testGetArrayStoriaMosseNero()" classname="gioco.TurnoTest" time="0.007"/>
  <testcase name="testGetArrayStoriaMosseAttesaDim1Nero()" classname="gioco.TurnoTest" time="0.002"/>
  <testcase name="testSetNomeGiocatoreInTurno()" classname="gioco.TurnoTest" time="0.003"/>
  <testcase name="testGetGiocatoreInTurno()" classname="gioco.TurnoTest" time="0.001"/>
  <testcase name="testGetArrayStoriaMosseAttesaDim1Bianco()" classname="gioco.TurnoTest" time="0.003"/>
  <testcase name="testGetArrayStoriaMosseNeroDim1()" classname="gioco.TurnoTest" time="0.003"/>
  <testcase name="testGetArrayStoriaMosseBiancoDim1()" classname="gioco.TurnoTest" time="0.009"/>
  <testcase name="testSetNomeGiocatoreInAttesa()" classname="gioco.TurnoTest" time="0.018"/>
  <system-out><![CDATA[]]></system-out>
  <system-err><![CDATA[]]></system-err>
</testsuite>
