<?xml version="1.0" encoding="UTF-8"?>
<testsuite name="scacchiera.CellaTest" tests="4" skipped="0" failures="0" errors="0" timestamp="2020-05-26T14:23:51" hostname="MBP-di-Antonio" time="0.004">
  <properties/>
  <testcase name="testEndX()" classname="scacchiera.CellaTest" time="0.001"/>
  <testcase name="testEndY()" classname="scacchiera.CellaTest" time="0.0"/>
  <testcase name="testStartX()" classname="scacchiera.CellaTest" time="0.0"/>
  <testcase name="testStartY()" classname="scacchiera.CellaTest" time="0.0"/>
  <system-out><![CDATA[]]></system-out>
  <system-err><![CDATA[]]></system-err>
</testsuite>
