<?xml version="1.0" encoding="UTF-8"?>
<testsuite name="it.uniba.example.db.test.LocalDatabaseConnectionTest" tests="1" skipped="1" failures="0" errors="0" timestamp="2020-04-09T17:36:54" hostname="GREG" time="0.002">
  <properties/>
  <testcase name="testSomething()" classname="it.uniba.example.db.test.LocalDatabaseConnectionTest" time="0.002">
    <skipped/>
  </testcase>
  <system-out><![CDATA[]]></system-out>
  <system-err><![CDATA[]]></system-err>
</testsuite>
