<?xml version="1.0" encoding="UTF-8"?>
<testsuite name="it.uniba.example.utils.test.MathUtilsTest" tests="2" skipped="0" failures="0" errors="0" timestamp="2020-04-09T16:00:53" hostname="LAPTOP-5EBE22AV" time="0.099">
  <properties/>
  <testcase name="testAddition()" classname="it.uniba.example.utils.test.MathUtilsTest" time="0.07"/>
  <testcase name="testDivision()" classname="it.uniba.example.utils.test.MathUtilsTest" time="0.022"/>
  <system-out><![CDATA[setUpAll
setUpEach
teadDownEach
setUpEach
teadDownEach
teadDownAll
]]></system-out>
  <system-err><![CDATA[]]></system-err>
</testsuite>
