<?xml version="1.0" encoding="UTF-8"?>
<testsuite name="it.uniba.example.utils.test.MathUtilsTest" tests="2" skipped="0" failures="0" errors="0" timestamp="2020-04-09T17:36:54" hostname="GREG" time="0.226">
  <properties/>
  <testcase name="testAddition()" classname="it.uniba.example.utils.test.MathUtilsTest" time="0.172"/>
  <testcase name="testDivision()" classname="it.uniba.example.utils.test.MathUtilsTest" time="0.049"/>
  <system-out><![CDATA[setUpAll
setUpEach
teadDownEach
setUpEach
teadDownEach
teadDownAll
]]></system-out>
  <system-err><![CDATA[]]></system-err>
</testsuite>
