<<<<<<< HEAD
<<<<<<< HEAD
<<<<<<< HEAD
<<<<<<< HEAD
<<<<<<< HEAD
<?xml version="1.0" encoding="UTF-8"?>
<<<<<<< HEAD
<testsuite name="JUnit Jupiter" tests="0" skipped="0" failures="0" errors="0" time="0.007" hostname="DESKTOP-4L7G6SD" timestamp="2020-05-25T18:33:12">
=======
<<<<<<< HEAD
<testsuite name="JUnit Jupiter" tests="0" skipped="0" failures="0" errors="0" time="0.004" hostname="DESKTOP-7CRH8OC" timestamp="2020-05-20T20:48:06">
=======
<testsuite name="JUnit Jupiter" tests="0" skipped="0" failures="0" errors="0" time="0.005" hostname="DESKTOP-7CRH8OC" timestamp="2020-05-20T19:13:31">
=======
<<<<<<< HEAD
=======
>>>>>>> Riparazione conflitti
<?xml version="1.0" encoding="UTF-8"?><testsuite"JUnit Jupiter" tests="0" skipped="0" failures="0" errors="0" time="0.014" hostname="LAPTOP-5EBE22AV" timestamp="2020-05-15T16:13:57">name="JUnit Jupiter" tests="0" skipped="0" failures="0" errors="0" time="0.014" hostname="DESKTOP-4L7G6SD" timestamp="2020-05-15T13:39:29">
>>>>>>> c4eeb60a8ca4455df22bc68691708cb9613b6fe3
=======
<?xml version="1.0" encoding="UTF-8"?>
<testsuite name="JUnit Jupiter" tests="31" skipped="0" failures="6" errors="0" time="0.112" hostname="MBP-di-Antonio" timestamp="2020-05-16T23:05:11">
>>>>>>> Riparazione conflitti
<<<<<<< HEAD
>>>>>>> Riparazione conflitti
<<<<<<< HEAD
>>>>>>> Riparazione conflitti
<<<<<<< HEAD
>>>>>>> Riparazione conflitti
=======
=======
=======
<?xml version="1.0" encoding="UTF-8"?>
<testsuite name="JUnit Jupiter" tests="36" skipped="0" failures="0" errors="0" time="0.145" hostname="MBP-di-Antonio" timestamp="2020-05-17T16:44:34">
>>>>>>> Implementazione test classi comando, giocatore, turno, pezzo e scacchiera
>>>>>>> Implementazione test classi comando, giocatore, turno, pezzo e scacchiera
>>>>>>> Implementazione test classi comando, giocatore, turno, pezzo e scacchiera
=======
>>>>>>> Riparazione conflitti
=======
<?xml version="1.0" encoding="UTF-8"?>
<testsuite name="JUnit Jupiter" tests="36" skipped="0" failures="0" errors="0" time="0.145" hostname="MBP-di-Antonio" timestamp="2020-05-17T16:44:34">
>>>>>>> Implementazione test classi comando, giocatore, turno, pezzo e scacchiera
=======
<?xml version="1.0" encoding="UTF-8"?>
<testsuite name="JUnit Jupiter" tests="146" skipped="0" failures="0" errors="0" time="0.238" hostname="MBP-di-Antonio" timestamp="2020-05-21T12:55:25">
>>>>>>> Risoluzione errori checkstyle e miglioramento codice
<properties>
<property name="awt.toolkit" value="sun.lwawt.macosx.LWCToolkit"/>
<property name="file.encoding" value="UTF-8"/>
<property name="file.encoding.pkg" value="sun.io"/>
<<<<<<< HEAD
<<<<<<< HEAD
<<<<<<< HEAD
<<<<<<< HEAD
<<<<<<< HEAD
=======
>>>>>>> Riparazione conflitti
<property name="file.separator" value="\"/>
<property name="java.awt.graphicsenv" value="sun.awt.Win32GraphicsEnvironment"/>
<property name="java.awt.printerjob" value="sun.awt.windows.WPrinterJob"/>
<<<<<<< HEAD
<<<<<<< HEAD
=======
<property name="java.class.path" value="C:\Users\Admin\progetto1920-catmull\build\classes\java\test;C:\Users\Admin\progetto1920-catmull\build\resources\test;C:\Users\Admin\progetto1920-catmull\build\classes\java\main;C:\Users\Admin\progetto1920-catmull\build\resources\main;C:\Users\Admin\.gradle\caches\modules-2\files-2.1\com.google.apis\google-api-services-drive\v3-rev154-1.25.0\b840aeb45c31b97e28f365667f93bbd86fd8790d\google-api-services-drive-v3-rev154-1.25.0.jar;C:\Users\Admin\.gradle\caches\modules-2\files-2.1\com.google.api-client\google-api-client\1.25.0\e7ff725e89ff5dcbed107be1a24e8102ae2441ee\google-api-client-1.25.0.jar;C:\Users\Admin\.gradle\caches\modules-2\files-2.1\com.google.oauth-client\google-oauth-client-jetty\1.23.0\e0deaf34371e9ca09f9a04bcbaa854243283cae4\google-oauth-client-jetty-1.23.0.jar;C:\Users\Admin\.gradle\caches\modules-2\files-2.1\com.google.guava\guava\21.0\3a3d111be1be1b745edfa7d91678a12d7ed38709\guava-21.0.jar;C:\Users\Admin\.gradle\caches\modules-2\files-2.1\org.junit.jupiter\junit-jupiter-engine\5.5.1\5e6fdb03ccfc853aca39704c5e97850d732df204\junit-jupiter-engine-5.5.1.jar;C:\Users\Admin\.gradle\caches\modules-2\files-2.1\org.junit.jupiter\junit-jupiter-api\5.5.1\fc466b57ceda453119bd630c830ec68b93bba7f4\junit-jupiter-api-5.5.1.jar;C:\Users\Admin\.gradle\caches\modules-2\files-2.1\org.junit.vintage\junit-vintage-engine\5.5.1\6afaa240f16f69d324178f7f976461dfcfe42a85\junit-vintage-engine-5.5.1.jar;C:\Users\Admin\.gradle\caches\modules-2\files-2.1\junit\junit\4.13\e49ccba652b735c93bd6e6f59760d8254cf597dd\junit-4.13.jar;C:\Users\Admin\.gradle\caches\modules-2\files-2.1\com.google.oauth-client\google-oauth-client-java6\1.23.0\7acbddf56c4ad04efc9d3b48fe015e6250241bf0\google-oauth-client-java6-1.23.0.jar;C:\Users\Admin\.gradle\caches\modules-2\files-2.1\com.google.oauth-client\google-oauth-client\1.25.0\c9ee14e8b095b4b301b28d57755cc482b8d6f39f\google-oauth-client-1.25.0.jar;C:\Users\Admin\.gradle\caches\modules-2\files-2.1\com.google.http-client\google-http-client-jackson2\1.25.0\7c5c89bd4d0d34d9f1cb3396e8da6233e5074b5c\google-http-client-jackson2-1.25.0.jar;C:\Users\Admin\.gradle\caches\modules-2\files-2.1\org.mortbay.jetty\jetty\6.1.26\2f546e289fddd5b1fab1d4199fbb6e9ef43ee4b0\jetty-6.1.26.jar;C:\Users\Admin\.gradle\caches\modules-2\files-2.1\org.junit.platform\junit-platform-engine\1.5.1\ab7d21edb0b176698a8252374fbed4f665519cdd\junit-platform-engine-1.5.1.jar;C:\Users\Admin\.gradle\caches\modules-2\files-2.1\org.junit.platform\junit-platform-commons\1.5.1\d94bdac345742fe1b0d993f0be51bb7146579b1b\junit-platform-commons-1.5.1.jar;C:\Users\Admin\.gradle\caches\modules-2\files-2.1\org.apiguardian\apiguardian-api\1.1.0\fc9dff4bb36d627bdc553de77e1f17efd790876c\apiguardian-api-1.1.0.jar;C:\Users\Admin\.gradle\caches\modules-2\files-2.1\org.opentest4j\opentest4j\1.2.0\28c11eb91f9b6d8e200631d46e20a7f407f2a046\opentest4j-1.2.0.jar;C:\Users\Admin\.gradle\caches\modules-2\files-2.1\org.hamcrest\hamcrest-core\1.3\42a25dc3219429f0e5d060061f71acb49bf010a0\hamcrest-core-1.3.jar;C:\Users\Admin\.gradle\caches\modules-2\files-2.1\org.mortbay.jetty\jetty-util\6.1.26\e5642fe0399814e1687d55a3862aa5a3417226a9\jetty-util-6.1.26.jar;C:\Users\Admin\.gradle\caches\modules-2\files-2.1\org.mortbay.jetty\servlet-api\2.5-20081211\22bff70037e1e6fa7e6413149489552ee2064702\servlet-api-2.5-20081211.jar;C:\Users\Admin\.gradle\caches\modules-2\files-2.1\com.google.http-client\google-http-client\1.25.0\5fb16523c393bfe0210c29db44742bd308311841\google-http-client-1.25.0.jar;C:\Users\Admin\.gradle\caches\modules-2\files-2.1\com.google.code.findbugs\jsr305\3.0.2\25ea2e8b0c338a877313bd4672d3fe056ea78f0d\jsr305-3.0.2.jar;C:\Users\Admin\.gradle\caches\modules-2\files-2.1\com.fasterxml.jackson.core\jackson-core\2.9.6\4e393793c37c77e042ccc7be5a914ae39251b365\jackson-core-2.9.6.jar;C:\Users\Admin\.gradle\caches\modules-2\files-2.1\org.apache.httpcomponents\httpclient\4.5.5\1603dfd56ebcd583ccdf337b6c3984ac55d89e58\httpclient-4.5.5.jar;C:\Users\Admin\.gradle\caches\modules-2\files-2.1\com.google.j2objc\j2objc-annotations\1.1\ed28ded51a8b1c6b112568def5f4b455e6809019\j2objc-annotations-1.1.jar;C:\Users\Admin\.gradle\caches\modules-2\files-2.1\org.apache.httpcomponents\httpcore\4.4.9\a86ce739e5a7175b4b234c290a00a5fdb80957a0\httpcore-4.4.9.jar;C:\Users\Admin\.gradle\caches\modules-2\files-2.1\commons-logging\commons-logging\1.2\4bfc12adfe4842bf07b657f0369c4cb522955686\commons-logging-1.2.jar;C:\Users\Admin\.gradle\caches\modules-2\files-2.1\commons-codec\commons-codec\1.10\4b95f4897fa13f2cd904aee711aeafc0c5295cd8\commons-codec-1.10.jar;C:\Users\Admin\.gradle\caches\modules-2\files-2.1\org.junit.platform\junit-platform-console\1.1.0\1ea376db54ab4ec0018c5e99d414e1c7c034387\junit-platform-console-1.1.0.jar;C:\Users\Admin\.gradle\caches\modules-2\files-2.1\org.junit.platform\junit-platform-launcher\1.1.0\ba098edde4e59cacd9225e238ea3ad9c946684ab\junit-platform-launcher-1.1.0.jar;C:\Users\Admin\.gradle\caches\modules-2\files-2.1\org.junit.platform\junit-platform-engine\1.1.0\2596bd4d909e7ea8d029272db4338075445d731b\junit-platform-engine-1.1.0.jar;C:\Users\Admin\.gradle\caches\modules-2\files-2.1\org.junit.platform\junit-platform-commons\1.1.0\d6aa21029f9cedfb4cc8a9e9efc0bd97987205b8\junit-platform-commons-1.1.0.jar;C:\Users\Admin\.gradle\caches\modules-2\files-2.1\org.apiguardian\apiguardian-api\1.0.0\3ef5276905e36f4d8055fe3cb0bdcc7503ffc85d\apiguardian-api-1.0.0.jar;C:\Users\Admin\.gradle\caches\modules-2\files-2.1\org.opentest4j\opentest4j\1.0.0\6f09c598e9ff64bf0ce2fa7e7de49a99ba83c0b4\opentest4j-1.0.0.jar"/>
=======
=======
>>>>>>> Implementazione test classi comando, giocatore, turno, pezzo e scacchiera
<property name="file.separator" value="/"/>
<property name="ftp.nonProxyHosts" value="local|*.local|169.254/16|*.169.254/16"/>
<property name="gopherProxySet" value="false"/>
<property name="http.nonProxyHosts" value="local|*.local|169.254/16|*.169.254/16"/>
<property name="java.awt.graphicsenv" value="sun.awt.CGraphicsEnvironment"/>
<property name="java.awt.printerjob" value="sun.lwawt.macosx.CPrinterJob"/>
<property name="java.class.path" value="/Users/antoniocurci/progetto1920-catmull/build/classes/java/test:/Users/antoniocurci/progetto1920-catmull/build/resources/test:/Users/antoniocurci/progetto1920-catmull/build/classes/java/main:/Users/antoniocurci/progetto1920-catmull/build/resources/main:/Users/antoniocurci/.gradle/caches/modules-2/files-2.1/com.google.apis/google-api-services-drive/v3-rev154-1.25.0/b840aeb45c31b97e28f365667f93bbd86fd8790d/google-api-services-drive-v3-rev154-1.25.0.jar:/Users/antoniocurci/.gradle/caches/modules-2/files-2.1/com.google.api-client/google-api-client/1.25.0/e7ff725e89ff5dcbed107be1a24e8102ae2441ee/google-api-client-1.25.0.jar:/Users/antoniocurci/.gradle/caches/modules-2/files-2.1/com.google.oauth-client/google-oauth-client-jetty/1.23.0/e0deaf34371e9ca09f9a04bcbaa854243283cae4/google-oauth-client-jetty-1.23.0.jar:/Users/antoniocurci/.gradle/caches/modules-2/files-2.1/com.google.guava/guava/21.0/3a3d111be1be1b745edfa7d91678a12d7ed38709/guava-21.0.jar:/Users/antoniocurci/.gradle/caches/modules-2/files-2.1/org.junit.vintage/junit-vintage-engine/5.6.0/a8e5f7ae69043582a5ab05bdaa62ba4406f403f0/junit-vintage-engine-5.6.0.jar:/Users/antoniocurci/.gradle/caches/modules-2/files-2.1/org.junit.platform/junit-platform-engine/1.6.0/a3a6ec96c010875444b3ca31828108093758ec00/junit-platform-engine-1.6.0.jar:/Users/antoniocurci/.gradle/caches/modules-2/files-2.1/org.junit.platform/junit-platform-commons/1.6.0/b0a75795cf03841d4f9cc54099557baffc11c727/junit-platform-commons-1.6.0.jar:/Users/antoniocurci/.gradle/caches/modules-2/files-2.1/org.junit.jupiter/junit-jupiter-engine/5.6.0/83c9e737f6015d9e00029b9b1d51e952a884b8f9/junit-jupiter-engine-5.6.0.jar:/Users/antoniocurci/.gradle/caches/modules-2/files-2.1/org.junit.jupiter/junit-jupiter-api/5.6.0/f29e6318333d2303ce4965c9819cfad08de7d1e5/junit-jupiter-api-5.6.0.jar:/Users/antoniocurci/.gradle/caches/modules-2/files-2.1/junit/junit/4.13/e49ccba652b735c93bd6e6f59760d8254cf597dd/junit-4.13.jar:/Users/antoniocurci/.gradle/caches/modules-2/files-2.1/com.google.oauth-client/google-oauth-client-java6/1.23.0/7acbddf56c4ad04efc9d3b48fe015e6250241bf0/google-oauth-client-java6-1.23.0.jar:/Users/antoniocurci/.gradle/caches/modules-2/files-2.1/com.google.oauth-client/google-oauth-client/1.25.0/c9ee14e8b095b4b301b28d57755cc482b8d6f39f/google-oauth-client-1.25.0.jar:/Users/antoniocurci/.gradle/caches/modules-2/files-2.1/com.google.http-client/google-http-client-jackson2/1.25.0/7c5c89bd4d0d34d9f1cb3396e8da6233e5074b5c/google-http-client-jackson2-1.25.0.jar:/Users/antoniocurci/.gradle/caches/modules-2/files-2.1/org.mortbay.jetty/jetty/6.1.26/2f546e289fddd5b1fab1d4199fbb6e9ef43ee4b0/jetty-6.1.26.jar:/Users/antoniocurci/.gradle/caches/modules-2/files-2.1/org.apiguardian/apiguardian-api/1.1.0/fc9dff4bb36d627bdc553de77e1f17efd790876c/apiguardian-api-1.1.0.jar:/Users/antoniocurci/.gradle/caches/modules-2/files-2.1/org.opentest4j/opentest4j/1.2.0/28c11eb91f9b6d8e200631d46e20a7f407f2a046/opentest4j-1.2.0.jar:/Users/antoniocurci/.gradle/caches/modules-2/files-2.1/org.hamcrest/hamcrest-core/1.3/42a25dc3219429f0e5d060061f71acb49bf010a0/hamcrest-core-1.3.jar:/Users/antoniocurci/.gradle/caches/modules-2/files-2.1/org.mortbay.jetty/jetty-util/6.1.26/e5642fe0399814e1687d55a3862aa5a3417226a9/jetty-util-6.1.26.jar:/Users/antoniocurci/.gradle/caches/modules-2/files-2.1/org.mortbay.jetty/servlet-api/2.5-20081211/22bff70037e1e6fa7e6413149489552ee2064702/servlet-api-2.5-20081211.jar:/Users/antoniocurci/.gradle/caches/modules-2/files-2.1/com.google.http-client/google-http-client/1.25.0/5fb16523c393bfe0210c29db44742bd308311841/google-http-client-1.25.0.jar:/Users/antoniocurci/.gradle/caches/modules-2/files-2.1/com.google.code.findbugs/jsr305/3.0.2/25ea2e8b0c338a877313bd4672d3fe056ea78f0d/jsr305-3.0.2.jar:/Users/antoniocurci/.gradle/caches/modules-2/files-2.1/com.fasterxml.jackson.core/jackson-core/2.9.6/4e393793c37c77e042ccc7be5a914ae39251b365/jackson-core-2.9.6.jar:/Users/antoniocurci/.gradle/caches/modules-2/files-2.1/org.apache.httpcomponents/httpclient/4.5.5/1603dfd56ebcd583ccdf337b6c3984ac55d89e58/httpclient-4.5.5.jar:/Users/antoniocurci/.gradle/caches/modules-2/files-2.1/com.google.j2objc/j2objc-annotations/1.1/ed28ded51a8b1c6b112568def5f4b455e6809019/j2objc-annotations-1.1.jar:/Users/antoniocurci/.gradle/caches/modules-2/files-2.1/org.apache.httpcomponents/httpcore/4.4.9/a86ce739e5a7175b4b234c290a00a5fdb80957a0/httpcore-4.4.9.jar:/Users/antoniocurci/.gradle/caches/modules-2/files-2.1/commons-logging/commons-logging/1.2/4bfc12adfe4842bf07b657f0369c4cb522955686/commons-logging-1.2.jar:/Users/antoniocurci/.gradle/caches/modules-2/files-2.1/commons-codec/commons-codec/1.10/4b95f4897fa13f2cd904aee711aeafc0c5295cd8/commons-codec-1.10.jar:/Users/antoniocurci/.gradle/caches/modules-2/files-2.1/org.junit.platform/junit-platform-console/1.1.0/1ea376db54ab4ec0018c5e99d414e1c7c034387/junit-platform-console-1.1.0.jar:/Users/antoniocurci/.gradle/caches/modules-2/files-2.1/org.junit.platform/junit-platform-launcher/1.1.0/ba098edde4e59cacd9225e238ea3ad9c946684ab/junit-platform-launcher-1.1.0.jar:/Users/antoniocurci/.gradle/caches/modules-2/files-2.1/org.junit.platform/junit-platform-engine/1.1.0/2596bd4d909e7ea8d029272db4338075445d731b/junit-platform-engine-1.1.0.jar:/Users/antoniocurci/.gradle/caches/modules-2/files-2.1/org.junit.platform/junit-platform-commons/1.1.0/d6aa21029f9cedfb4cc8a9e9efc0bd97987205b8/junit-platform-commons-1.1.0.jar:/Users/antoniocurci/.gradle/caches/modules-2/files-2.1/org.apiguardian/apiguardian-api/1.0.0/3ef5276905e36f4d8055fe3cb0bdcc7503ffc85d/apiguardian-api-1.0.0.jar:/Users/antoniocurci/.gradle/caches/modules-2/files-2.1/org.opentest4j/opentest4j/1.0.0/6f09c598e9ff64bf0ce2fa7e7de49a99ba83c0b4/opentest4j-1.0.0.jar"/>
<property name="java.class.version" value="52.0"/>
<property name="java.endorsed.dirs" value="/Library/Java/JavaVirtualMachines/jdk1.8.0_251.jdk/Contents/Home/jre/lib/endorsed"/>
<property name="java.ext.dirs" value="/Users/antoniocurci/Library/Java/Extensions:/Library/Java/JavaVirtualMachines/jdk1.8.0_251.jdk/Contents/Home/jre/lib/ext:/Library/Java/Extensions:/Network/Library/Java/Extensions:/System/Library/Java/Extensions:/usr/lib/java"/>
<property name="java.home" value="/Library/Java/JavaVirtualMachines/jdk1.8.0_251.jdk/Contents/Home/jre"/>
<property name="java.io.tmpdir" value="/var/folders/bx/1jr_p2r545z00kcp9drf1fz80000gn/T/"/>
<property name="java.library.path" value="/Users/antoniocurci/Library/Java/Extensions:/Library/Java/Extensions:/Network/Library/Java/Extensions:/System/Library/Java/Extensions:/usr/lib/java:."/>
<property name="java.runtime.name" value="Java(TM) SE Runtime Environment"/>
<<<<<<< HEAD
<<<<<<< HEAD
<property name="java.runtime.version" value="1.8.0_191-b12"/>
=======
>>>>>>> Riparazione conflitti
<property name="java.class.path" value="C:\Users\Gregorio\eclipse-workspace\scacchi\build\classes\java\test;C:\Users\Gregorio\eclipse-workspace\scacchi\build\resources\test;C:\Users\Gregorio\eclipse-workspace\scacchi\build\classes\java\main;C:\Users\Gregorio\eclipse-workspace\scacchi\build\resources\main;C:\Users\Gregorio\.gradle\caches\modules-2\files-2.1\com.google.apis\google-api-services-drive\v3-rev154-1.25.0\b840aeb45c31b97e28f365667f93bbd86fd8790d\google-api-services-drive-v3-rev154-1.25.0.jar;C:\Users\Gregorio\.gradle\caches\modules-2\files-2.1\com.google.api-client\google-api-client\1.25.0\e7ff725e89ff5dcbed107be1a24e8102ae2441ee\google-api-client-1.25.0.jar;C:\Users\Gregorio\.gradle\caches\modules-2\files-2.1\com.google.oauth-client\google-oauth-client-jetty\1.23.0\e0deaf34371e9ca09f9a04bcbaa854243283cae4\google-oauth-client-jetty-1.23.0.jar;C:\Users\Gregorio\.gradle\caches\modules-2\files-2.1\com.google.guava\guava\21.0\3a3d111be1be1b745edfa7d91678a12d7ed38709\guava-21.0.jar;C:\Users\Gregorio\.gradle\caches\modules-2\files-2.1\org.junit.jupiter\junit-jupiter-engine\5.5.1\5e6fdb03ccfc853aca39704c5e97850d732df204\junit-jupiter-engine-5.5.1.jar;C:\Users\Gregorio\.gradle\caches\modules-2\files-2.1\org.junit.jupiter\junit-jupiter-api\5.5.1\fc466b57ceda453119bd630c830ec68b93bba7f4\junit-jupiter-api-5.5.1.jar;C:\Users\Gregorio\.gradle\caches\modules-2\files-2.1\org.junit.vintage\junit-vintage-engine\5.5.1\6afaa240f16f69d324178f7f976461dfcfe42a85\junit-vintage-engine-5.5.1.jar;C:\Users\Gregorio\.gradle\caches\modules-2\files-2.1\junit\junit\4.13\e49ccba652b735c93bd6e6f59760d8254cf597dd\junit-4.13.jar;C:\Users\Gregorio\.gradle\caches\modules-2\files-2.1\com.google.oauth-client\google-oauth-client-java6\1.23.0\7acbddf56c4ad04efc9d3b48fe015e6250241bf0\google-oauth-client-java6-1.23.0.jar;C:\Users\Gregorio\.gradle\caches\modules-2\files-2.1\com.google.oauth-client\google-oauth-client\1.25.0\c9ee14e8b095b4b301b28d57755cc482b8d6f39f\google-oauth-client-1.25.0.jar;C:\Users\Gregorio\.gradle\caches\modules-2\files-2.1\com.google.http-client\google-http-client-jackson2\1.25.0\7c5c89bd4d0d34d9f1cb3396e8da6233e5074b5c\google-http-client-jackson2-1.25.0.jar;C:\Users\Gregorio\.gradle\caches\modules-2\files-2.1\org.mortbay.jetty\jetty\6.1.26\2f546e289fddd5b1fab1d4199fbb6e9ef43ee4b0\jetty-6.1.26.jar;C:\Users\Gregorio\.gradle\caches\modules-2\files-2.1\org.junit.platform\junit-platform-engine\1.5.1\ab7d21edb0b176698a8252374fbed4f665519cdd\junit-platform-engine-1.5.1.jar;C:\Users\Gregorio\.gradle\caches\modules-2\files-2.1\org.junit.platform\junit-platform-commons\1.5.1\d94bdac345742fe1b0d993f0be51bb7146579b1b\junit-platform-commons-1.5.1.jar;C:\Users\Gregorio\.gradle\caches\modules-2\files-2.1\org.apiguardian\apiguardian-api\1.1.0\fc9dff4bb36d627bdc553de77e1f17efd790876c\apiguardian-api-1.1.0.jar;C:\Users\Gregorio\.gradle\caches\modules-2\files-2.1\org.opentest4j\opentest4j\1.2.0\28c11eb91f9b6d8e200631d46e20a7f407f2a046\opentest4j-1.2.0.jar;C:\Users\Gregorio\.gradle\caches\modules-2\files-2.1\org.hamcrest\hamcrest-core\1.3\42a25dc3219429f0e5d060061f71acb49bf010a0\hamcrest-core-1.3.jar;C:\Users\Gregorio\.gradle\caches\modules-2\files-2.1\org.mortbay.jetty\jetty-util\6.1.26\e5642fe0399814e1687d55a3862aa5a3417226a9\jetty-util-6.1.26.jar;C:\Users\Gregorio\.gradle\caches\modules-2\files-2.1\org.mortbay.jetty\servlet-api\2.5-20081211\22bff70037e1e6fa7e6413149489552ee2064702\servlet-api-2.5-20081211.jar;C:\Users\Gregorio\.gradle\caches\modules-2\files-2.1\com.google.http-client\google-http-client\1.25.0\5fb16523c393bfe0210c29db44742bd308311841\google-http-client-1.25.0.jar;C:\Users\Gregorio\.gradle\caches\modules-2\files-2.1\com.google.code.findbugs\jsr305\3.0.2\25ea2e8b0c338a877313bd4672d3fe056ea78f0d\jsr305-3.0.2.jar;C:\Users\Gregorio\.gradle\caches\modules-2\files-2.1\com.fasterxml.jackson.core\jackson-core\2.9.6\4e393793c37c77e042ccc7be5a914ae39251b365\jackson-core-2.9.6.jar;C:\Users\Gregorio\.gradle\caches\modules-2\files-2.1\org.apache.httpcomponents\httpclient\4.5.5\1603dfd56ebcd583ccdf337b6c3984ac55d89e58\httpclient-4.5.5.jar;C:\Users\Gregorio\.gradle\caches\modules-2\files-2.1\com.google.j2objc\j2objc-annotations\1.1\ed28ded51a8b1c6b112568def5f4b455e6809019\j2objc-annotations-1.1.jar;C:\Users\Gregorio\.gradle\caches\modules-2\files-2.1\org.apache.httpcomponents\httpcore\4.4.9\a86ce739e5a7175b4b234c290a00a5fdb80957a0\httpcore-4.4.9.jar;C:\Users\Gregorio\.gradle\caches\modules-2\files-2.1\commons-logging\commons-logging\1.2\4bfc12adfe4842bf07b657f0369c4cb522955686\commons-logging-1.2.jar;C:\Users\Gregorio\.gradle\caches\modules-2\files-2.1\commons-codec\commons-codec\1.10\4b95f4897fa13f2cd904aee711aeafc0c5295cd8\commons-codec-1.10.jar;C:\Users\Gregorio\.gradle\caches\modules-2\files-2.1\org.junit.platform\junit-platform-console\1.1.0\1ea376db54ab4ec0018c5e99d414e1c7c034387\junit-platform-console-1.1.0.jar;C:\Users\Gregorio\.gradle\caches\modules-2\files-2.1\org.junit.platform\junit-platform-launcher\1.1.0\ba098edde4e59cacd9225e238ea3ad9c946684ab\junit-platform-launcher-1.1.0.jar;C:\Users\Gregorio\.gradle\caches\modules-2\files-2.1\org.junit.platform\junit-platform-engine\1.1.0\2596bd4d909e7ea8d029272db4338075445d731b\junit-platform-engine-1.1.0.jar;C:\Users\Gregorio\.gradle\caches\modules-2\files-2.1\org.junit.platform\junit-platform-commons\1.1.0\d6aa21029f9cedfb4cc8a9e9efc0bd97987205b8\junit-platform-commons-1.1.0.jar;C:\Users\Gregorio\.gradle\caches\modules-2\files-2.1\org.apiguardian\apiguardian-api\1.0.0\3ef5276905e36f4d8055fe3cb0bdcc7503ffc85d\apiguardian-api-1.0.0.jar;C:\Users\Gregorio\.gradle\caches\modules-2\files-2.1\org.opentest4j\opentest4j\1.0.0\6f09c598e9ff64bf0ce2fa7e7de49a99ba83c0b4\opentest4j-1.0.0.jar"/>
=======
<<<<<<< HEAD
<property name="java.class.path" value="C:\Users\lomon\progetto1920-catmull\build\classes\java\test;C:\Users\lomon\progetto1920-catmull\build\resources\test;C:\Users\lomon\progetto1920-catmull\build\classes\java\main;C:\Users\lomon\progetto1920-catmull\build\resources\main;C:\Users\lomon\.gradle\caches\modules-2\files-2.1\com.google.apis\google-api-services-drive\v3-rev154-1.25.0\b840aeb45c31b97e28f365667f93bbd86fd8790d\google-api-services-drive-v3-rev154-1.25.0.jar;C:\Users\lomon\.gradle\caches\modules-2\files-2.1\com.google.api-client\google-api-client\1.25.0\e7ff725e89ff5dcbed107be1a24e8102ae2441ee\google-api-client-1.25.0.jar;C:\Users\lomon\.gradle\caches\modules-2\files-2.1\com.google.oauth-client\google-oauth-client-jetty\1.23.0\e0deaf34371e9ca09f9a04bcbaa854243283cae4\google-oauth-client-jetty-1.23.0.jar;C:\Users\lomon\.gradle\caches\modules-2\files-2.1\com.google.guava\guava\21.0\3a3d111be1be1b745edfa7d91678a12d7ed38709\guava-21.0.jar;C:\Users\lomon\.gradle\caches\modules-2\files-2.1\org.junit.jupiter\junit-jupiter-engine\5.5.1\5e6fdb03ccfc853aca39704c5e97850d732df204\junit-jupiter-engine-5.5.1.jar;C:\Users\lomon\.gradle\caches\modules-2\files-2.1\org.junit.jupiter\junit-jupiter-api\5.5.1\fc466b57ceda453119bd630c830ec68b93bba7f4\junit-jupiter-api-5.5.1.jar;C:\Users\lomon\.gradle\caches\modules-2\files-2.1\org.junit.vintage\junit-vintage-engine\5.5.1\6afaa240f16f69d324178f7f976461dfcfe42a85\junit-vintage-engine-5.5.1.jar;C:\Users\lomon\.gradle\caches\modules-2\files-2.1\junit\junit\4.13\e49ccba652b735c93bd6e6f59760d8254cf597dd\junit-4.13.jar;C:\Users\lomon\.gradle\caches\modules-2\files-2.1\com.google.oauth-client\google-oauth-client-java6\1.23.0\7acbddf56c4ad04efc9d3b48fe015e6250241bf0\google-oauth-client-java6-1.23.0.jar;C:\Users\lomon\.gradle\caches\modules-2\files-2.1\com.google.oauth-client\google-oauth-client\1.25.0\c9ee14e8b095b4b301b28d57755cc482b8d6f39f\google-oauth-client-1.25.0.jar;C:\Users\lomon\.gradle\caches\modules-2\files-2.1\com.google.http-client\google-http-client-jackson2\1.25.0\7c5c89bd4d0d34d9f1cb3396e8da6233e5074b5c\google-http-client-jackson2-1.25.0.jar;C:\Users\lomon\.gradle\caches\modules-2\files-2.1\org.mortbay.jetty\jetty\6.1.26\2f546e289fddd5b1fab1d4199fbb6e9ef43ee4b0\jetty-6.1.26.jar;C:\Users\lomon\.gradle\caches\modules-2\files-2.1\org.junit.platform\junit-platform-engine\1.5.1\ab7d21edb0b176698a8252374fbed4f665519cdd\junit-platform-engine-1.5.1.jar;C:\Users\lomon\.gradle\caches\modules-2\files-2.1\org.junit.platform\junit-platform-commons\1.5.1\d94bdac345742fe1b0d993f0be51bb7146579b1b\junit-platform-commons-1.5.1.jar;C:\Users\lomon\.gradle\caches\modules-2\files-2.1\org.apiguardian\apiguardian-api\1.1.0\fc9dff4bb36d627bdc553de77e1f17efd790876c\apiguardian-api-1.1.0.jar;C:\Users\lomon\.gradle\caches\modules-2\files-2.1\org.opentest4j\opentest4j\1.2.0\28c11eb91f9b6d8e200631d46e20a7f407f2a046\opentest4j-1.2.0.jar;C:\Users\lomon\.gradle\caches\modules-2\files-2.1\org.hamcrest\hamcrest-core\1.3\42a25dc3219429f0e5d060061f71acb49bf010a0\hamcrest-core-1.3.jar;C:\Users\lomon\.gradle\caches\modules-2\files-2.1\org.mortbay.jetty\jetty-util\6.1.26\e5642fe0399814e1687d55a3862aa5a3417226a9\jetty-util-6.1.26.jar;C:\Users\lomon\.gradle\caches\modules-2\files-2.1\org.mortbay.jetty\servlet-api\2.5-20081211\22bff70037e1e6fa7e6413149489552ee2064702\servlet-api-2.5-20081211.jar;C:\Users\lomon\.gradle\caches\modules-2\files-2.1\com.google.http-client\google-http-client\1.25.0\5fb16523c393bfe0210c29db44742bd308311841\google-http-client-1.25.0.jar;C:\Users\lomon\.gradle\caches\modules-2\files-2.1\com.google.code.findbugs\jsr305\3.0.2\25ea2e8b0c338a877313bd4672d3fe056ea78f0d\jsr305-3.0.2.jar;C:\Users\lomon\.gradle\caches\modules-2\files-2.1\com.fasterxml.jackson.core\jackson-core\2.9.6\4e393793c37c77e042ccc7be5a914ae39251b365\jackson-core-2.9.6.jar;C:\Users\lomon\.gradle\caches\modules-2\files-2.1\org.apache.httpcomponents\httpclient\4.5.5\1603dfd56ebcd583ccdf337b6c3984ac55d89e58\httpclient-4.5.5.jar;C:\Users\lomon\.gradle\caches\modules-2\files-2.1\com.google.j2objc\j2objc-annotations\1.1\ed28ded51a8b1c6b112568def5f4b455e6809019\j2objc-annotations-1.1.jar;C:\Users\lomon\.gradle\caches\modules-2\files-2.1\org.apache.httpcomponents\httpcore\4.4.9\a86ce739e5a7175b4b234c290a00a5fdb80957a0\httpcore-4.4.9.jar;C:\Users\lomon\.gradle\caches\modules-2\files-2.1\commons-logging\commons-logging\1.2\4bfc12adfe4842bf07b657f0369c4cb522955686\commons-logging-1.2.jar;C:\Users\lomon\.gradle\caches\modules-2\files-2.1\commons-codec\commons-codec\1.10\4b95f4897fa13f2cd904aee711aeafc0c5295cd8\commons-codec-1.10.jar;C:\Users\lomon\.gradle\caches\modules-2\files-2.1\org.junit.platform\junit-platform-console\1.1.0\1ea376db54ab4ec0018c5e99d414e1c7c034387\junit-platform-console-1.1.0.jar;C:\Users\lomon\.gradle\caches\modules-2\files-2.1\org.junit.platform\junit-platform-launcher\1.1.0\ba098edde4e59cacd9225e238ea3ad9c946684ab\junit-platform-launcher-1.1.0.jar;C:\Users\lomon\.gradle\caches\modules-2\files-2.1\org.junit.platform\junit-platform-engine\1.1.0\2596bd4d909e7ea8d029272db4338075445d731b\junit-platform-engine-1.1.0.jar;C:\Users\lomon\.gradle\caches\modules-2\files-2.1\org.junit.platform\junit-platform-commons\1.1.0\d6aa21029f9cedfb4cc8a9e9efc0bd97987205b8\junit-platform-commons-1.1.0.jar;C:\Users\lomon\.gradle\caches\modules-2\files-2.1\org.apiguardian\apiguardian-api\1.0.0\3ef5276905e36f4d8055fe3cb0bdcc7503ffc85d\apiguardian-api-1.0.0.jar;C:\Users\lomon\.gradle\caches\modules-2\files-2.1\org.opentest4j\opentest4j\1.0.0\6f09c598e9ff64bf0ce2fa7e7de49a99ba83c0b4\opentest4j-1.0.0.jar"/>
>>>>>>> Riparazione conflitti
<property name="java.class.version" value="52.0"/>
<property name="java.endorsed.dirs" value="C:\Program Files\Java\jdk1.8.0_251\jre\lib\endorsed"/>
<property name="java.ext.dirs" value="C:\Program Files\Java\jdk1.8.0_251\jre\lib\ext;C:\Windows\Sun\Java\lib\ext"/>
<property name="java.home" value="C:\Program Files\Java\jdk1.8.0_251\jre"/>
<property name="java.io.tmpdir" value="C:\Users\Gregorio\AppData\Local\Temp\"/>
<property name="java.library.path" value="C:\Program Files\Java\jdk1.8.0_251\bin;C:\Windows\Sun\Java\bin;C:\Windows\system32;C:\Windows;C:/Program Files/Java/jre1.8.0_251/bin/server;C:/Program Files/Java/jre1.8.0_251/bin;C:/Program Files/Java/jre1.8.0_251/lib/amd64;C:\Python38\Scripts\;C:\Python38\;C:\Program Files (x86)\Common Files\Oracle\Java\javapath;C:\Windows\system32;C:\Windows;C:\Windows\System32\Wbem;C:\Windows\System32\WindowsPowerShell\v1.0\;C:\Windows\System32\OpenSSH\;C:\Program Files (x86)\AMD\ATI.ACE\Core-Static;C:\Program Files\Git\cmd;C:\Program Files\Docker\Docker\resources\bin;C:\ProgramData\DockerDesktop\version-bin;C:\Program Files (x86)\Meld;C:\Program Files\nodejs\;C:\ProgramData\chocolatey\bin;C:\Users\Gregorio\AppData\Local\Microsoft\WindowsApps;C:\Program Files\JetBrains\PhpStorm 2020.1.1\bin;;C:\Users\Gregorio\AppData\Local\atom\bin;C:\Users\Gregorio\AppData\Local\GitHubDesktop\bin;C:\Users\Gregorio\AppData\Roaming\npm;C:\Program Files\eclipse;;."/>
<property name="java.runtime.name" value="Java(TM) SE Runtime Environment"/>
<<<<<<< HEAD
<property name="java.runtime.version" value="1.8.0_251-b08"/>
<<<<<<< HEAD
=======
<property name="java.runtime.version" value="1.8.0_241-b07"/>
=======
<<<<<<< HEAD
<property name="java.class.path" value="C:\Users\Admin\progetto1920-catmull\build\classes\java\test;C:\Users\Admin\progetto1920-catmull\build\resources\test;C:\Users\Admin\progetto1920-catmull\build\classes\java\main;C:\Users\Admin\progetto1920-catmull\build\resources\main;C:\Users\Admin\.gradle\caches\modules-2\files-2.1\com.google.apis\google-api-services-drive\v3-rev154-1.25.0\b840aeb45c31b97e28f365667f93bbd86fd8790d\google-api-services-drive-v3-rev154-1.25.0.jar;C:\Users\Admin\.gradle\caches\modules-2\files-2.1\com.google.api-client\google-api-client\1.25.0\e7ff725e89ff5dcbed107be1a24e8102ae2441ee\google-api-client-1.25.0.jar;C:\Users\Admin\.gradle\caches\modules-2\files-2.1\com.google.oauth-client\google-oauth-client-jetty\1.23.0\e0deaf34371e9ca09f9a04bcbaa854243283cae4\google-oauth-client-jetty-1.23.0.jar;C:\Users\Admin\.gradle\caches\modules-2\files-2.1\com.google.guava\guava\21.0\3a3d111be1be1b745edfa7d91678a12d7ed38709\guava-21.0.jar;C:\Users\Admin\.gradle\caches\modules-2\files-2.1\org.junit.jupiter\junit-jupiter-engine\5.5.1\5e6fdb03ccfc853aca39704c5e97850d732df204\junit-jupiter-engine-5.5.1.jar;C:\Users\Admin\.gradle\caches\modules-2\files-2.1\org.junit.jupiter\junit-jupiter-api\5.5.1\fc466b57ceda453119bd630c830ec68b93bba7f4\junit-jupiter-api-5.5.1.jar;C:\Users\Admin\.gradle\caches\modules-2\files-2.1\org.junit.vintage\junit-vintage-engine\5.5.1\6afaa240f16f69d324178f7f976461dfcfe42a85\junit-vintage-engine-5.5.1.jar;C:\Users\Admin\.gradle\caches\modules-2\files-2.1\junit\junit\4.13\e49ccba652b735c93bd6e6f59760d8254cf597dd\junit-4.13.jar;C:\Users\Admin\.gradle\caches\modules-2\files-2.1\com.google.oauth-client\google-oauth-client-java6\1.23.0\7acbddf56c4ad04efc9d3b48fe015e6250241bf0\google-oauth-client-java6-1.23.0.jar;C:\Users\Admin\.gradle\caches\modules-2\files-2.1\com.google.oauth-client\google-oauth-client\1.25.0\c9ee14e8b095b4b301b28d57755cc482b8d6f39f\google-oauth-client-1.25.0.jar;C:\Users\Admin\.gradle\caches\modules-2\files-2.1\com.google.http-client\google-http-client-jackson2\1.25.0\7c5c89bd4d0d34d9f1cb3396e8da6233e5074b5c\google-http-client-jackson2-1.25.0.jar;C:\Users\Admin\.gradle\caches\modules-2\files-2.1\org.mortbay.jetty\jetty\6.1.26\2f546e289fddd5b1fab1d4199fbb6e9ef43ee4b0\jetty-6.1.26.jar;C:\Users\Admin\.gradle\caches\modules-2\files-2.1\org.junit.platform\junit-platform-engine\1.5.1\ab7d21edb0b176698a8252374fbed4f665519cdd\junit-platform-engine-1.5.1.jar;C:\Users\Admin\.gradle\caches\modules-2\files-2.1\org.junit.platform\junit-platform-commons\1.5.1\d94bdac345742fe1b0d993f0be51bb7146579b1b\junit-platform-commons-1.5.1.jar;C:\Users\Admin\.gradle\caches\modules-2\files-2.1\org.apiguardian\apiguardian-api\1.1.0\fc9dff4bb36d627bdc553de77e1f17efd790876c\apiguardian-api-1.1.0.jar;C:\Users\Admin\.gradle\caches\modules-2\files-2.1\org.opentest4j\opentest4j\1.2.0\28c11eb91f9b6d8e200631d46e20a7f407f2a046\opentest4j-1.2.0.jar;C:\Users\Admin\.gradle\caches\modules-2\files-2.1\org.hamcrest\hamcrest-core\1.3\42a25dc3219429f0e5d060061f71acb49bf010a0\hamcrest-core-1.3.jar;C:\Users\Admin\.gradle\caches\modules-2\files-2.1\org.mortbay.jetty\jetty-util\6.1.26\e5642fe0399814e1687d55a3862aa5a3417226a9\jetty-util-6.1.26.jar;C:\Users\Admin\.gradle\caches\modules-2\files-2.1\org.mortbay.jetty\servlet-api\2.5-20081211\22bff70037e1e6fa7e6413149489552ee2064702\servlet-api-2.5-20081211.jar;C:\Users\Admin\.gradle\caches\modules-2\files-2.1\com.google.http-client\google-http-client\1.25.0\5fb16523c393bfe0210c29db44742bd308311841\google-http-client-1.25.0.jar;C:\Users\Admin\.gradle\caches\modules-2\files-2.1\com.google.code.findbugs\jsr305\3.0.2\25ea2e8b0c338a877313bd4672d3fe056ea78f0d\jsr305-3.0.2.jar;C:\Users\Admin\.gradle\caches\modules-2\files-2.1\com.fasterxml.jackson.core\jackson-core\2.9.6\4e393793c37c77e042ccc7be5a914ae39251b365\jackson-core-2.9.6.jar;C:\Users\Admin\.gradle\caches\modules-2\files-2.1\org.apache.httpcomponents\httpclient\4.5.5\1603dfd56ebcd583ccdf337b6c3984ac55d89e58\httpclient-4.5.5.jar;C:\Users\Admin\.gradle\caches\modules-2\files-2.1\com.google.j2objc\j2objc-annotations\1.1\ed28ded51a8b1c6b112568def5f4b455e6809019\j2objc-annotations-1.1.jar;C:\Users\Admin\.gradle\caches\modules-2\files-2.1\org.apache.httpcomponents\httpcore\4.4.9\a86ce739e5a7175b4b234c290a00a5fdb80957a0\httpcore-4.4.9.jar;C:\Users\Admin\.gradle\caches\modules-2\files-2.1\commons-logging\commons-logging\1.2\4bfc12adfe4842bf07b657f0369c4cb522955686\commons-logging-1.2.jar;C:\Users\Admin\.gradle\caches\modules-2\files-2.1\commons-codec\commons-codec\1.10\4b95f4897fa13f2cd904aee711aeafc0c5295cd8\commons-codec-1.10.jar;C:\Users\Admin\.gradle\caches\modules-2\files-2.1\org.junit.platform\junit-platform-console\1.1.0\1ea376db54ab4ec0018c5e99d414e1c7c034387\junit-platform-console-1.1.0.jar;C:\Users\Admin\.gradle\caches\modules-2\files-2.1\org.junit.platform\junit-platform-launcher\1.1.0\ba098edde4e59cacd9225e238ea3ad9c946684ab\junit-platform-launcher-1.1.0.jar;C:\Users\Admin\.gradle\caches\modules-2\files-2.1\org.junit.platform\junit-platform-engine\1.1.0\2596bd4d909e7ea8d029272db4338075445d731b\junit-platform-engine-1.1.0.jar;C:\Users\Admin\.gradle\caches\modules-2\files-2.1\org.junit.platform\junit-platform-commons\1.1.0\d6aa21029f9cedfb4cc8a9e9efc0bd97987205b8\junit-platform-commons-1.1.0.jar;C:\Users\Admin\.gradle\caches\modules-2\files-2.1\org.apiguardian\apiguardian-api\1.0.0\3ef5276905e36f4d8055fe3cb0bdcc7503ffc85d\apiguardian-api-1.0.0.jar;C:\Users\Admin\.gradle\caches\modules-2\files-2.1\org.opentest4j\opentest4j\1.0.0\6f09c598e9ff64bf0ce2fa7e7de49a99ba83c0b4\opentest4j-1.0.0.jar"/>
=======
=======
>>>>>>> Implementazione test classi comando, giocatore, turno, pezzo e scacchiera
=======
>>>>>>> Risoluzione errori checkstyle e miglioramento codice
<property name="file.separator" value="/"/>
<property name="ftp.nonProxyHosts" value="local|*.local|169.254/16|*.169.254/16"/>
<property name="gopherProxySet" value="false"/>
<property name="http.nonProxyHosts" value="local|*.local|169.254/16|*.169.254/16"/>
<property name="java.awt.graphicsenv" value="sun.awt.CGraphicsEnvironment"/>
<property name="java.awt.printerjob" value="sun.lwawt.macosx.CPrinterJob"/>
<property name="java.class.path" value="/Users/antoniocurci/progetto1920-catmull/build/classes/java/test:/Users/antoniocurci/progetto1920-catmull/build/resources/test:/Users/antoniocurci/progetto1920-catmull/build/classes/java/main:/Users/antoniocurci/progetto1920-catmull/build/resources/main:/Users/antoniocurci/.gradle/caches/modules-2/files-2.1/com.google.apis/google-api-services-drive/v3-rev154-1.25.0/b840aeb45c31b97e28f365667f93bbd86fd8790d/google-api-services-drive-v3-rev154-1.25.0.jar:/Users/antoniocurci/.gradle/caches/modules-2/files-2.1/com.google.api-client/google-api-client/1.25.0/e7ff725e89ff5dcbed107be1a24e8102ae2441ee/google-api-client-1.25.0.jar:/Users/antoniocurci/.gradle/caches/modules-2/files-2.1/com.google.oauth-client/google-oauth-client-jetty/1.23.0/e0deaf34371e9ca09f9a04bcbaa854243283cae4/google-oauth-client-jetty-1.23.0.jar:/Users/antoniocurci/.gradle/caches/modules-2/files-2.1/com.google.guava/guava/21.0/3a3d111be1be1b745edfa7d91678a12d7ed38709/guava-21.0.jar:/Users/antoniocurci/.gradle/caches/modules-2/files-2.1/org.junit.vintage/junit-vintage-engine/5.6.0/a8e5f7ae69043582a5ab05bdaa62ba4406f403f0/junit-vintage-engine-5.6.0.jar:/Users/antoniocurci/.gradle/caches/modules-2/files-2.1/org.junit.platform/junit-platform-engine/1.6.0/a3a6ec96c010875444b3ca31828108093758ec00/junit-platform-engine-1.6.0.jar:/Users/antoniocurci/.gradle/caches/modules-2/files-2.1/org.junit.platform/junit-platform-commons/1.6.0/b0a75795cf03841d4f9cc54099557baffc11c727/junit-platform-commons-1.6.0.jar:/Users/antoniocurci/.gradle/caches/modules-2/files-2.1/org.junit.jupiter/junit-jupiter-engine/5.6.0/83c9e737f6015d9e00029b9b1d51e952a884b8f9/junit-jupiter-engine-5.6.0.jar:/Users/antoniocurci/.gradle/caches/modules-2/files-2.1/org.junit.jupiter/junit-jupiter-api/5.6.0/f29e6318333d2303ce4965c9819cfad08de7d1e5/junit-jupiter-api-5.6.0.jar:/Users/antoniocurci/.gradle/caches/modules-2/files-2.1/junit/junit/4.13/e49ccba652b735c93bd6e6f59760d8254cf597dd/junit-4.13.jar:/Users/antoniocurci/.gradle/caches/modules-2/files-2.1/com.google.oauth-client/google-oauth-client-java6/1.23.0/7acbddf56c4ad04efc9d3b48fe015e6250241bf0/google-oauth-client-java6-1.23.0.jar:/Users/antoniocurci/.gradle/caches/modules-2/files-2.1/com.google.oauth-client/google-oauth-client/1.25.0/c9ee14e8b095b4b301b28d57755cc482b8d6f39f/google-oauth-client-1.25.0.jar:/Users/antoniocurci/.gradle/caches/modules-2/files-2.1/com.google.http-client/google-http-client-jackson2/1.25.0/7c5c89bd4d0d34d9f1cb3396e8da6233e5074b5c/google-http-client-jackson2-1.25.0.jar:/Users/antoniocurci/.gradle/caches/modules-2/files-2.1/org.mortbay.jetty/jetty/6.1.26/2f546e289fddd5b1fab1d4199fbb6e9ef43ee4b0/jetty-6.1.26.jar:/Users/antoniocurci/.gradle/caches/modules-2/files-2.1/org.apiguardian/apiguardian-api/1.1.0/fc9dff4bb36d627bdc553de77e1f17efd790876c/apiguardian-api-1.1.0.jar:/Users/antoniocurci/.gradle/caches/modules-2/files-2.1/org.opentest4j/opentest4j/1.2.0/28c11eb91f9b6d8e200631d46e20a7f407f2a046/opentest4j-1.2.0.jar:/Users/antoniocurci/.gradle/caches/modules-2/files-2.1/org.hamcrest/hamcrest-core/1.3/42a25dc3219429f0e5d060061f71acb49bf010a0/hamcrest-core-1.3.jar:/Users/antoniocurci/.gradle/caches/modules-2/files-2.1/org.mortbay.jetty/jetty-util/6.1.26/e5642fe0399814e1687d55a3862aa5a3417226a9/jetty-util-6.1.26.jar:/Users/antoniocurci/.gradle/caches/modules-2/files-2.1/org.mortbay.jetty/servlet-api/2.5-20081211/22bff70037e1e6fa7e6413149489552ee2064702/servlet-api-2.5-20081211.jar:/Users/antoniocurci/.gradle/caches/modules-2/files-2.1/com.google.http-client/google-http-client/1.25.0/5fb16523c393bfe0210c29db44742bd308311841/google-http-client-1.25.0.jar:/Users/antoniocurci/.gradle/caches/modules-2/files-2.1/com.google.code.findbugs/jsr305/3.0.2/25ea2e8b0c338a877313bd4672d3fe056ea78f0d/jsr305-3.0.2.jar:/Users/antoniocurci/.gradle/caches/modules-2/files-2.1/com.fasterxml.jackson.core/jackson-core/2.9.6/4e393793c37c77e042ccc7be5a914ae39251b365/jackson-core-2.9.6.jar:/Users/antoniocurci/.gradle/caches/modules-2/files-2.1/org.apache.httpcomponents/httpclient/4.5.5/1603dfd56ebcd583ccdf337b6c3984ac55d89e58/httpclient-4.5.5.jar:/Users/antoniocurci/.gradle/caches/modules-2/files-2.1/com.google.j2objc/j2objc-annotations/1.1/ed28ded51a8b1c6b112568def5f4b455e6809019/j2objc-annotations-1.1.jar:/Users/antoniocurci/.gradle/caches/modules-2/files-2.1/org.apache.httpcomponents/httpcore/4.4.9/a86ce739e5a7175b4b234c290a00a5fdb80957a0/httpcore-4.4.9.jar:/Users/antoniocurci/.gradle/caches/modules-2/files-2.1/commons-logging/commons-logging/1.2/4bfc12adfe4842bf07b657f0369c4cb522955686/commons-logging-1.2.jar:/Users/antoniocurci/.gradle/caches/modules-2/files-2.1/commons-codec/commons-codec/1.10/4b95f4897fa13f2cd904aee711aeafc0c5295cd8/commons-codec-1.10.jar:/Users/antoniocurci/.gradle/caches/modules-2/files-2.1/org.junit.platform/junit-platform-console/1.1.0/1ea376db54ab4ec0018c5e99d414e1c7c034387/junit-platform-console-1.1.0.jar:/Users/antoniocurci/.gradle/caches/modules-2/files-2.1/org.junit.platform/junit-platform-launcher/1.1.0/ba098edde4e59cacd9225e238ea3ad9c946684ab/junit-platform-launcher-1.1.0.jar:/Users/antoniocurci/.gradle/caches/modules-2/files-2.1/org.junit.platform/junit-platform-engine/1.1.0/2596bd4d909e7ea8d029272db4338075445d731b/junit-platform-engine-1.1.0.jar:/Users/antoniocurci/.gradle/caches/modules-2/files-2.1/org.junit.platform/junit-platform-commons/1.1.0/d6aa21029f9cedfb4cc8a9e9efc0bd97987205b8/junit-platform-commons-1.1.0.jar:/Users/antoniocurci/.gradle/caches/modules-2/files-2.1/org.apiguardian/apiguardian-api/1.0.0/3ef5276905e36f4d8055fe3cb0bdcc7503ffc85d/apiguardian-api-1.0.0.jar:/Users/antoniocurci/.gradle/caches/modules-2/files-2.1/org.opentest4j/opentest4j/1.0.0/6f09c598e9ff64bf0ce2fa7e7de49a99ba83c0b4/opentest4j-1.0.0.jar"/>
<property name="java.class.version" value="52.0"/>
<property name="java.endorsed.dirs" value="/Library/Java/JavaVirtualMachines/jdk1.8.0_251.jdk/Contents/Home/jre/lib/endorsed"/>
<property name="java.ext.dirs" value="/Users/antoniocurci/Library/Java/Extensions:/Library/Java/JavaVirtualMachines/jdk1.8.0_251.jdk/Contents/Home/jre/lib/ext:/Library/Java/Extensions:/Network/Library/Java/Extensions:/System/Library/Java/Extensions:/usr/lib/java"/>
<property name="java.home" value="/Library/Java/JavaVirtualMachines/jdk1.8.0_251.jdk/Contents/Home/jre"/>
<property name="java.io.tmpdir" value="/var/folders/bx/1jr_p2r545z00kcp9drf1fz80000gn/T/"/>
<property name="java.library.path" value="/Users/antoniocurci/Library/Java/Extensions:/Library/Java/Extensions:/Network/Library/Java/Extensions:/System/Library/Java/Extensions:/usr/lib/java:."/>
<property name="java.runtime.name" value="Java(TM) SE Runtime Environment"/>
<property name="java.runtime.version" value="1.8.0_251-b08"/>
<<<<<<< HEAD
<<<<<<< HEAD
>>>>>>> Riparazione conflitti
>>>>>>> Riparazione conflitti
<<<<<<< HEAD
>>>>>>> Riparazione conflitti
=======
=======
>>>>>>> Implementazione test classi comando, giocatore, turno, pezzo e scacchiera
>>>>>>> Implementazione test classi comando, giocatore, turno, pezzo e scacchiera
=======
>>>>>>> c4eeb60a8ca4455df22bc68691708cb9613b6fe3
=======
<property name="java.runtime.version" value="1.8.0_251-b08"/>
>>>>>>> Riparazione conflitti
>>>>>>> Riparazione conflitti
=======
<property name="java.runtime.version" value="1.8.0_251-b08"/>
>>>>>>> Implementazione test classi comando, giocatore, turno, pezzo e scacchiera
=======
>>>>>>> Risoluzione errori checkstyle e miglioramento codice
<property name="java.specification.name" value="Java Platform API Specification"/>
<property name="java.specification.vendor" value="Oracle Corporation"/>
<property name="java.specification.version" value="1.8"/>
<property name="java.vendor" value="Oracle Corporation"/>
<property name="java.vendor.url" value="http://java.oracle.com/"/>
<property name="java.vendor.url.bug" value="http://bugreport.sun.com/bugreport/"/>
<<<<<<< HEAD
<<<<<<< HEAD
<<<<<<< HEAD
<<<<<<< HEAD
<<<<<<< HEAD
<property name="java.version" value="1.8.0_251"/>
=======
=======
>>>>>>> Implementazione test classi comando, giocatore, turno, pezzo e scacchiera
<<<<<<< HEAD
<property name="java.version" value="1.8.0_241"/>
=======
<<<<<<< HEAD
<<<<<<< HEAD
=======
>>>>>>> Riparazione conflitti
<property name="java.version" value="1.8.0_191"/>
=======
<property name="java.version" value="1.8.0_251"/>
>>>>>>> c4eeb60a8ca4455df22bc68691708cb9613b6fe3
=======
<property name="java.version" value="1.8.0_251"/>
>>>>>>> Riparazione conflitti
<<<<<<< HEAD
>>>>>>> Riparazione conflitti
<<<<<<< HEAD
>>>>>>> Riparazione conflitti
=======
=======
<property name="java.version" value="1.8.0_251"/>
>>>>>>> Implementazione test classi comando, giocatore, turno, pezzo e scacchiera
>>>>>>> Implementazione test classi comando, giocatore, turno, pezzo e scacchiera
=======
>>>>>>> Riparazione conflitti
=======
<property name="java.version" value="1.8.0_251"/>
>>>>>>> Implementazione test classi comando, giocatore, turno, pezzo e scacchiera
=======
<property name="java.version" value="1.8.0_251"/>
>>>>>>> Risoluzione errori checkstyle e miglioramento codice
<property name="java.vm.info" value="mixed mode"/>
<property name="java.vm.name" value="Java HotSpot(TM) 64-Bit Server VM"/>
<property name="java.vm.specification.name" value="Java Virtual Machine Specification"/>
<property name="java.vm.specification.vendor" value="Oracle Corporation"/>
<property name="java.vm.specification.version" value="1.8"/>
<property name="java.vm.vendor" value="Oracle Corporation"/>
<<<<<<< HEAD
<<<<<<< HEAD
<<<<<<< HEAD
<<<<<<< HEAD
<<<<<<< HEAD
<property name="java.vm.version" value="25.251-b08"/>
=======
=======
>>>>>>> Implementazione test classi comando, giocatore, turno, pezzo e scacchiera
<<<<<<< HEAD
<property name="java.vm.version" value="25.241-b07"/>
=======
<<<<<<< HEAD
<<<<<<< HEAD
=======
>>>>>>> Riparazione conflitti
<property name="java.vm.version" value="25.191-b12"/>
=======
<property name="java.vm.version" value="25.251-b08"/>
>>>>>>> c4eeb60a8ca4455df22bc68691708cb9613b6fe3
=======
<property name="java.vm.version" value="25.251-b08"/>
>>>>>>> Riparazione conflitti
<<<<<<< HEAD
>>>>>>> Riparazione conflitti
<<<<<<< HEAD
>>>>>>> Riparazione conflitti
=======
=======
<property name="java.vm.version" value="25.251-b08"/>
>>>>>>> Implementazione test classi comando, giocatore, turno, pezzo e scacchiera
>>>>>>> Implementazione test classi comando, giocatore, turno, pezzo e scacchiera
=======
>>>>>>> Riparazione conflitti
=======
<property name="java.vm.version" value="25.251-b08"/>
>>>>>>> Implementazione test classi comando, giocatore, turno, pezzo e scacchiera
=======
<property name="java.vm.version" value="25.251-b08"/>
>>>>>>> Risoluzione errori checkstyle e miglioramento codice
<property name="line.separator" value="
"/>
<property name="os.arch" value="x86_64"/>
<property name="os.name" value="Mac OS X"/>
<property name="os.version" value="10.15.4"/>
<property name="path.separator" value=":"/>
<property name="socksNonProxyHosts" value="local|*.local|169.254/16|*.169.254/16"/>
<property name="sun.arch.data.model" value="64"/>
<<<<<<< HEAD
<<<<<<< HEAD
<<<<<<< HEAD
<<<<<<< HEAD
<<<<<<< HEAD
<property name="sun.boot.class.path" value="C:\Program Files\Java\jdk1.8.0_251\jre\lib\resources.jar;C:\Program Files\Java\jdk1.8.0_251\jre\lib\rt.jar;C:\Program Files\Java\jdk1.8.0_251\jre\lib\sunrsasign.jar;C:\Program Files\Java\jdk1.8.0_251\jre\lib\jsse.jar;C:\Program Files\Java\jdk1.8.0_251\jre\lib\jce.jar;C:\Program Files\Java\jdk1.8.0_251\jre\lib\charsets.jar;C:\Program Files\Java\jdk1.8.0_251\jre\lib\jfr.jar;C:\Program Files\Java\jdk1.8.0_251\jre\classes"/>
<property name="sun.boot.library.path" value="C:\Program Files\Java\jdk1.8.0_251\jre\bin"/>
=======
=======
>>>>>>> Implementazione test classi comando, giocatore, turno, pezzo e scacchiera
<<<<<<< HEAD
<property name="sun.boot.class.path" value="C:\Program Files\Java\jdk1.8.0_241\jre\lib\resources.jar;C:\Program Files\Java\jdk1.8.0_241\jre\lib\rt.jar;C:\Program Files\Java\jdk1.8.0_241\jre\lib\sunrsasign.jar;C:\Program Files\Java\jdk1.8.0_241\jre\lib\jsse.jar;C:\Program Files\Java\jdk1.8.0_241\jre\lib\jce.jar;C:\Program Files\Java\jdk1.8.0_241\jre\lib\charsets.jar;C:\Program Files\Java\jdk1.8.0_241\jre\lib\jfr.jar;C:\Program Files\Java\jdk1.8.0_241\jre\classes"/>
<property name="sun.boot.library.path" value="C:\Program Files\Java\jdk1.8.0_241\jre\bin"/>
=======
<<<<<<< HEAD
<<<<<<< HEAD
=======
>>>>>>> Riparazione conflitti
<property name="sun.boot.class.path" value="C:\Program Files\Java\jdk1.8.0_191\jre\lib\resources.jar;C:\Program Files\Java\jdk1.8.0_191\jre\lib\rt.jar;C:\Program Files\Java\jdk1.8.0_191\jre\lib\sunrsasign.jar;C:\Program Files\Java\jdk1.8.0_191\jre\lib\jsse.jar;C:\Program Files\Java\jdk1.8.0_191\jre\lib\jce.jar;C:\Program Files\Java\jdk1.8.0_191\jre\lib\charsets.jar;C:\Program Files\Java\jdk1.8.0_191\jre\lib\jfr.jar;C:\Program Files\Java\jdk1.8.0_191\jre\classes"/>
<property name="sun.boot.library.path" value="C:\Program Files\Java\jdk1.8.0_191\jre\bin"/>
=======
<property name="sun.boot.class.path" value="C:\Program Files\Java\jdk1.8.0_251\jre\lib\resources.jar;C:\Program Files\Java\jdk1.8.0_251\jre\lib\rt.jar;C:\Program Files\Java\jdk1.8.0_251\jre\lib\sunrsasign.jar;C:\Program Files\Java\jdk1.8.0_251\jre\lib\jsse.jar;C:\Program Files\Java\jdk1.8.0_251\jre\lib\jce.jar;C:\Program Files\Java\jdk1.8.0_251\jre\lib\charsets.jar;C:\Program Files\Java\jdk1.8.0_251\jre\lib\jfr.jar;C:\Program Files\Java\jdk1.8.0_251\jre\classes"/>
<property name="sun.boot.library.path" value="C:\Program Files\Java\jdk1.8.0_251\jre\bin"/>
>>>>>>> c4eeb60a8ca4455df22bc68691708cb9613b6fe3
>>>>>>> Riparazione conflitti
>>>>>>> Riparazione conflitti
<property name="sun.cpu.endian" value="little"/>
<property name="sun.cpu.isalist" value="amd64"/>
<property name="sun.desktop" value="windows"/>
<property name="sun.io.unicode.encoding" value="UnicodeLittle"/>
<<<<<<< HEAD
<property name="sun.java.command" value="org.junit.platform.console.ConsoleLauncher --details NONE --scan-class-path C:\Users\Gregorio\eclipse-workspace\scacchi\build\classes\java\main;C:\Users\Gregorio\eclipse-workspace\scacchi\build\resources\main;C:\Users\Gregorio\eclipse-workspace\scacchi\build\classes\java\test;C:\Users\Gregorio\eclipse-workspace\scacchi\build\resources\test -n ^.*Tests?$ -e junit-jupiter --reports-dir C:\Users\Gregorio\eclipse-workspace\scacchi\build\test-results\junit-platform"/>
=======
<<<<<<< HEAD
<property name="sun.java.command" value="org.junit.platform.console.ConsoleLauncher --details NONE --scan-class-path C:\Users\lomon\progetto1920-catmull\build\classes\java\main;C:\Users\lomon\progetto1920-catmull\build\resources\main;C:\Users\lomon\progetto1920-catmull\build\classes\java\test;C:\Users\lomon\progetto1920-catmull\build\resources\test -n ^.*Tests?$ -e junit-jupiter --reports-dir C:\Users\lomon\progetto1920-catmull\build\test-results\junit-platform"/>
=======
<<<<<<< HEAD
<property name="sun.java.command" value="org.junit.platform.console.ConsoleLauncher --details NONE --scan-class-path C:\Users\Admin\progetto1920-catmull\build\classes\java\main;C:\Users\Admin\progetto1920-catmull\build\resources\main;C:\Users\Admin\progetto1920-catmull\build\classes\java\test;C:\Users\Admin\progetto1920-catmull\build\resources\test -n ^.*Tests?$ -e junit-jupiter --reports-dir C:\Users\Admin\progetto1920-catmull\build\test-results\junit-platform"/>
=======
<property name="sun.java.command" value="org.junit.platform.console.ConsoleLauncher --details NONE --scan-class-path C:\Users\Gregorio\eclipse-workspace\scacchi\build\classes\java\main;C:\Users\Gregorio\eclipse-workspace\scacchi\build\resources\main;C:\Users\Gregorio\eclipse-workspace\scacchi\build\classes\java\test;C:\Users\Gregorio\eclipse-workspace\scacchi\build\resources\test -n ^.*Tests?$ -e junit-jupiter --reports-dir C:\Users\Gregorio\eclipse-workspace\scacchi\build\test-results\junit-platform"/>
>>>>>>> c4eeb60a8ca4455df22bc68691708cb9613b6fe3
=======
<<<<<<< HEAD
=======
>>>>>>> Implementazione test classi comando, giocatore, turno, pezzo e scacchiera
=======
>>>>>>> Riparazione conflitti
=======
>>>>>>> Implementazione test classi comando, giocatore, turno, pezzo e scacchiera
=======
>>>>>>> Risoluzione errori checkstyle e miglioramento codice
<property name="sun.boot.class.path" value="/Library/Java/JavaVirtualMachines/jdk1.8.0_251.jdk/Contents/Home/jre/lib/resources.jar:/Library/Java/JavaVirtualMachines/jdk1.8.0_251.jdk/Contents/Home/jre/lib/rt.jar:/Library/Java/JavaVirtualMachines/jdk1.8.0_251.jdk/Contents/Home/jre/lib/sunrsasign.jar:/Library/Java/JavaVirtualMachines/jdk1.8.0_251.jdk/Contents/Home/jre/lib/jsse.jar:/Library/Java/JavaVirtualMachines/jdk1.8.0_251.jdk/Contents/Home/jre/lib/jce.jar:/Library/Java/JavaVirtualMachines/jdk1.8.0_251.jdk/Contents/Home/jre/lib/charsets.jar:/Library/Java/JavaVirtualMachines/jdk1.8.0_251.jdk/Contents/Home/jre/lib/jfr.jar:/Library/Java/JavaVirtualMachines/jdk1.8.0_251.jdk/Contents/Home/jre/classes"/>
<property name="sun.boot.library.path" value="/Library/Java/JavaVirtualMachines/jdk1.8.0_251.jdk/Contents/Home/jre/lib"/>
<property name="sun.cpu.endian" value="little"/>
<property name="sun.cpu.isalist" value=""/>
<property name="sun.io.unicode.encoding" value="UnicodeBig"/>
<property name="sun.java.command" value="org.junit.platform.console.ConsoleLauncher --details NONE --scan-class-path /Users/antoniocurci/progetto1920-catmull/build/classes/java/main:/Users/antoniocurci/progetto1920-catmull/build/resources/main:/Users/antoniocurci/progetto1920-catmull/build/classes/java/test:/Users/antoniocurci/progetto1920-catmull/build/resources/test -n ^.*Tests?$ -e junit-jupiter --reports-dir /Users/antoniocurci/progetto1920-catmull/build/test-results/junit-platform"/>
<<<<<<< HEAD
<<<<<<< HEAD
<<<<<<< HEAD
<<<<<<< HEAD
>>>>>>> Riparazione conflitti
>>>>>>> Riparazione conflitti
<<<<<<< HEAD
>>>>>>> Riparazione conflitti
=======
=======
>>>>>>> Implementazione test classi comando, giocatore, turno, pezzo e scacchiera
>>>>>>> Implementazione test classi comando, giocatore, turno, pezzo e scacchiera
=======
>>>>>>> Riparazione conflitti
>>>>>>> Riparazione conflitti
=======
>>>>>>> Implementazione test classi comando, giocatore, turno, pezzo e scacchiera
=======
>>>>>>> Risoluzione errori checkstyle e miglioramento codice
<property name="sun.java.launcher" value="SUN_STANDARD"/>
<property name="sun.jnu.encoding" value="UTF-8"/>
<property name="sun.management.compiler" value="HotSpot 64-Bit Tiered Compilers"/>
<property name="sun.os.patch.level" value="unknown"/>
<property name="user.country" value="IT"/>
<<<<<<< HEAD
<<<<<<< HEAD
<<<<<<< HEAD
<<<<<<< HEAD
<<<<<<< HEAD
<property name="user.dir" value="C:\Users\Gregorio\eclipse-workspace\scacchi"/>
<property name="user.home" value="C:\Users\Gregorio"/>
=======
=======
>>>>>>> Implementazione test classi comando, giocatore, turno, pezzo e scacchiera
<<<<<<< HEAD
<property name="user.dir" value="C:\Users\lomon\progetto1920-catmull"/>
<property name="user.home" value="C:\Users\lomon"/>
=======
<<<<<<< HEAD
<<<<<<< HEAD
=======
>>>>>>> Riparazione conflitti
<property name="user.dir" value="C:\Users\Admin\progetto1920-catmull"/>
<property name="user.home" value="C:\Users\Admin"/>
<property name="user.language" value="it"/>
<property name="user.name" value="Admin"/>
=======
<property name="user.dir" value="C:\Users\Gregorio\eclipse-workspace\scacchi"/>
<property name="user.home" value="C:\Users\Gregorio"/>
>>>>>>> Riparazione conflitti
>>>>>>> Riparazione conflitti
<property name="user.language" value="it"/>
<property name="user.name" value="Gregorio"/>
<property name="user.script" value=""/>
<property name="user.timezone" value="Europe/Berlin"/>
=======
<<<<<<< HEAD
=======
>>>>>>> Implementazione test classi comando, giocatore, turno, pezzo e scacchiera
=======
>>>>>>> Riparazione conflitti
=======
>>>>>>> Implementazione test classi comando, giocatore, turno, pezzo e scacchiera
=======
>>>>>>> Risoluzione errori checkstyle e miglioramento codice
<property name="user.dir" value="/Users/antoniocurci/progetto1920-catmull"/>
<property name="user.home" value="/Users/antoniocurci"/>
<property name="user.language" value="it"/>
<property name="user.name" value="antoniocurci"/>
<property name="user.timezone" value="Europe/Rome"/>
<<<<<<< HEAD
<<<<<<< HEAD
<property name="user.variant" value=""/>
</properties>
<testcase name="testGetSimbolo()" classname="scacchiera.pedine.PezzoTest" time="0.026">
<system-out><![CDATA[
unique-id: [engine:junit-jupiter]/[class:scacchiera.pedine.PezzoTest]/[method:testGetSimbolo()]
display-name: testGetSimbolo()
]]></system-out>
</testcase>
<testcase name="testToString()" classname="scacchiera.pedine.PezzoTest" time="0.001">
<system-out><![CDATA[
unique-id: [engine:junit-jupiter]/[class:scacchiera.pedine.PezzoTest]/[method:testToString()]
display-name: testToString()
]]></system-out>
</testcase>
<testcase name="testGetNome()" classname="scacchiera.pedine.PezzoTest" time="0">
<system-out><![CDATA[
unique-id: [engine:junit-jupiter]/[class:scacchiera.pedine.PezzoTest]/[method:testGetNome()]
display-name: testGetNome()
]]></system-out>
</testcase>
<testcase name="testGetColore()" classname="scacchiera.pedine.PezzoTest" time="0">
<system-out><![CDATA[
unique-id: [engine:junit-jupiter]/[class:scacchiera.pedine.PezzoTest]/[method:testGetColore()]
display-name: testGetColore()
]]></system-out>
</testcase>
<testcase name="testEndX()" classname="scacchiera.CellaTest" time="0.001">
=======
>>>>>>> Riparazione conflitti
<property name="user.variant" value=""/>
</properties>
<testcase name="testEndX()" classname="scacchiera.CellaTest" time="0.021">
>>>>>>> Riparazione conflitti
=======
<property name="user.variant" value=""/>
</properties>
<testcase name="testToString()" classname="scacchiera.pedine.PezzoTest" time="0.029">
<system-out><![CDATA[
unique-id: [engine:junit-jupiter]/[class:scacchiera.pedine.PezzoTest]/[method:testToString()]
display-name: testToString()
]]></system-out>
</testcase>
<testcase name="testGetNome()" classname="scacchiera.pedine.PezzoTest" time="0.001">
<system-out><![CDATA[
unique-id: [engine:junit-jupiter]/[class:scacchiera.pedine.PezzoTest]/[method:testGetNome()]
display-name: testGetNome()
]]></system-out>
</testcase>
<testcase name="testGetSimboloNero()" classname="scacchiera.pedine.PezzoTest" time="0.001">
<system-out><![CDATA[
unique-id: [engine:junit-jupiter]/[class:scacchiera.pedine.PezzoTest]/[method:testGetSimboloNero()]
display-name: testGetSimboloNero()
]]></system-out>
</testcase>
<testcase name="testGetSimboloBianco()" classname="scacchiera.pedine.PezzoTest" time="0.001">
<system-out><![CDATA[
unique-id: [engine:junit-jupiter]/[class:scacchiera.pedine.PezzoTest]/[method:testGetSimboloBianco()]
display-name: testGetSimboloBianco()
]]></system-out>
</testcase>
<testcase name="testGetColore()" classname="scacchiera.pedine.PezzoTest" time="0.001">
<system-out><![CDATA[
unique-id: [engine:junit-jupiter]/[class:scacchiera.pedine.PezzoTest]/[method:testGetColore()]
display-name: testGetColore()
]]></system-out>
</testcase>
<<<<<<< HEAD
<testcase name="testEndX()" classname="scacchiera.CellaTest" time="0.001">
>>>>>>> Implementazione test classi comando, giocatore, turno, pezzo e scacchiera
=======
<testcase name="testEndX()" classname="scacchiera.CellaTest" time="0">
>>>>>>> Risoluzione errori checkstyle e miglioramento codice
<system-out><![CDATA[
unique-id: [engine:junit-jupiter]/[class:scacchiera.CellaTest]/[method:testEndX()]
display-name: testEndX()
]]></system-out>
</testcase>
<<<<<<< HEAD
<<<<<<< HEAD
<<<<<<< HEAD
<testcase name="testEndY()" classname="scacchiera.CellaTest" time="0">
=======
<testcase name="testEndY()" classname="scacchiera.CellaTest" time="0.001">
>>>>>>> Riparazione conflitti
=======
<testcase name="testEndY()" classname="scacchiera.CellaTest" time="0">
>>>>>>> Implementazione test classi comando, giocatore, turno, pezzo e scacchiera
=======
<testcase name="testEndY()" classname="scacchiera.CellaTest" time="0.001">
>>>>>>> Risoluzione errori checkstyle e miglioramento codice
<system-out><![CDATA[
unique-id: [engine:junit-jupiter]/[class:scacchiera.CellaTest]/[method:testEndY()]
display-name: testEndY()
]]></system-out>
</testcase>
<<<<<<< HEAD
<<<<<<< HEAD
<<<<<<< HEAD
=======
>>>>>>> Implementazione test classi comando, giocatore, turno, pezzo e scacchiera
<testcase name="testCostruttore()" classname="scacchiera.CellaTest" time="0.002">
=======
<testcase name="testCostruttore()" classname="scacchiera.CellaTest" time="0">
>>>>>>> Risoluzione errori checkstyle e miglioramento codice
<system-out><![CDATA[
unique-id: [engine:junit-jupiter]/[class:scacchiera.CellaTest]/[method:testCostruttore()]
display-name: testCostruttore()
]]></system-out>
</testcase>
<<<<<<< HEAD
<<<<<<< HEAD
=======
>>>>>>> Riparazione conflitti
=======
>>>>>>> Implementazione test classi comando, giocatore, turno, pezzo e scacchiera
<testcase name="testStartX()" classname="scacchiera.CellaTest" time="0.001">
=======
<testcase name="testStartX()" classname="scacchiera.CellaTest" time="0">
>>>>>>> Risoluzione errori checkstyle e miglioramento codice
<system-out><![CDATA[
unique-id: [engine:junit-jupiter]/[class:scacchiera.CellaTest]/[method:testStartX()]
display-name: testStartX()
]]></system-out>
</testcase>
<testcase name="testStartY()" classname="scacchiera.CellaTest" time="0">
<system-out><![CDATA[
unique-id: [engine:junit-jupiter]/[class:scacchiera.CellaTest]/[method:testStartY()]
display-name: testStartY()
]]></system-out>
</testcase>
<<<<<<< HEAD
<<<<<<< HEAD
<<<<<<< HEAD
<testcase name="testSetGiocatoreInAttesa()" classname="gioco.TurnoTest" time="0">
=======
<testcase name="testSetGiocatoreInAttesa()" classname="gioco.TurnoTest" time="0.002">
>>>>>>> Riparazione conflitti
=======
<testcase name="testSetGiocatoreInAttesa()" classname="gioco.TurnoTest" time="0">
>>>>>>> Implementazione test classi comando, giocatore, turno, pezzo e scacchiera
=======
<testcase name="testGetArrayStoriaMosseBianco()" classname="gioco.TurnoTest" time="0">
>>>>>>> Risoluzione errori checkstyle e miglioramento codice
<system-out><![CDATA[
unique-id: [engine:junit-jupiter]/[class:gioco.TurnoTest]/[method:testGetArrayStoriaMosseBianco()]
display-name: testGetArrayStoriaMosseBianco()
]]></system-out>
</testcase>
<testcase name="testGetGiocatoreInAttesa()" classname="gioco.TurnoTest" time="0.001">
<system-out><![CDATA[
unique-id: [engine:junit-jupiter]/[class:gioco.TurnoTest]/[method:testGetGiocatoreInAttesa()]
display-name: testGetGiocatoreInAttesa()
]]></system-out>
</testcase>
<testcase name="testGetArrayStoriaMosseNero()" classname="gioco.TurnoTest" time="0">
<system-out><![CDATA[
unique-id: [engine:junit-jupiter]/[class:gioco.TurnoTest]/[method:testGetArrayStoriaMosseNero()]
display-name: testGetArrayStoriaMosseNero()
]]></system-out>
</testcase>
<testcase name="testGetArrayStoriaMosseAttesaDim1Nero()" classname="gioco.TurnoTest" time="0">
<system-out><![CDATA[
unique-id: [engine:junit-jupiter]/[class:gioco.TurnoTest]/[method:testGetArrayStoriaMosseAttesaDim1Nero()]
display-name: testGetArrayStoriaMosseAttesaDim1Nero()
]]></system-out>
</testcase>
<testcase name="testSetNomeGiocatoreInTurno()" classname="gioco.TurnoTest" time="0.001">
<system-out><![CDATA[
unique-id: [engine:junit-jupiter]/[class:gioco.TurnoTest]/[method:testSetNomeGiocatoreInTurno()]
display-name: testSetNomeGiocatoreInTurno()
]]></system-out>
</testcase>
<<<<<<< HEAD
<<<<<<< HEAD
<<<<<<< HEAD
<testcase name="testGetGiocatoreInTurno()" classname="gioco.TurnoTest" time="0.002">
=======
<testcase name="testGetGiocatoreInTurno()" classname="gioco.TurnoTest" time="0">
>>>>>>> Riparazione conflitti
=======
<testcase name="testGetGiocatoreInTurno()" classname="gioco.TurnoTest" time="0.002">
>>>>>>> Implementazione test classi comando, giocatore, turno, pezzo e scacchiera
=======
<testcase name="testGetGiocatoreInTurno()" classname="gioco.TurnoTest" time="0">
>>>>>>> Risoluzione errori checkstyle e miglioramento codice
<system-out><![CDATA[
unique-id: [engine:junit-jupiter]/[class:gioco.TurnoTest]/[method:testGetGiocatoreInTurno()]
display-name: testGetGiocatoreInTurno()
]]></system-out>
</testcase>
<testcase name="testGetArrayStoriaMosseAttesaDim1Bianco()" classname="gioco.TurnoTest" time="0.001">
<system-out><![CDATA[
unique-id: [engine:junit-jupiter]/[class:gioco.TurnoTest]/[method:testGetArrayStoriaMosseAttesaDim1Bianco()]
display-name: testGetArrayStoriaMosseAttesaDim1Bianco()
]]></system-out>
</testcase>
<testcase name="testGetArrayStoriaMosseNeroDim1()" classname="gioco.TurnoTest" time="0">
<system-out><![CDATA[
unique-id: [engine:junit-jupiter]/[class:gioco.TurnoTest]/[method:testGetArrayStoriaMosseNeroDim1()]
display-name: testGetArrayStoriaMosseNeroDim1()
]]></system-out>
</testcase>
<testcase name="testGetArrayStoriaMosseBiancoDim1()" classname="gioco.TurnoTest" time="0.001">
<system-out><![CDATA[
unique-id: [engine:junit-jupiter]/[class:gioco.TurnoTest]/[method:testGetArrayStoriaMosseBiancoDim1()]
display-name: testGetArrayStoriaMosseBiancoDim1()
]]></system-out>
</testcase>
<testcase name="testSetNomeGiocatoreInAttesa()" classname="gioco.TurnoTest" time="0">
<system-out><![CDATA[
unique-id: [engine:junit-jupiter]/[class:gioco.TurnoTest]/[method:testSetNomeGiocatoreInAttesa()]
display-name: testSetNomeGiocatoreInAttesa()
]]></system-out>
</testcase>
<testcase name="testMossaScacchi_Mangiata()" classname="gioco.ControllerTest" time="0.002">
<system-out><![CDATA[
unique-id: [engine:junit-jupiter]/[class:gioco.ControllerTest]/[method:testMossaScacchi_Mangiata()]
display-name: testMossaScacchi_Mangiata()
]]></system-out>
</testcase>
<testcase name="testMossaScacchi()" classname="gioco.ControllerTest" time="0.001">
<system-out><![CDATA[
unique-id: [engine:junit-jupiter]/[class:gioco.ControllerTest]/[method:testMossaScacchi()]
display-name: testMossaScacchi()
]]></system-out>
</testcase>
<testcase name="testMossaScacchiArrocco_Lungo_NonValido()" classname="gioco.ControllerTest" time="0.001">
<system-out><![CDATA[
unique-id: [engine:junit-jupiter]/[class:gioco.ControllerTest]/[method:testMossaScacchiArrocco_Lungo_NonValido()]
display-name: testMossaScacchiArrocco_Lungo_NonValido()
]]></system-out>
</testcase>
<testcase name="testMossaScacchiArrocco_Lungo_Valido()" classname="gioco.ControllerTest" time="0.002">
<system-out><![CDATA[
unique-id: [engine:junit-jupiter]/[class:gioco.ControllerTest]/[method:testMossaScacchiArrocco_Lungo_Valido()]
display-name: testMossaScacchiArrocco_Lungo_Valido()
]]></system-out>
</testcase>
<testcase name="testMossaScacchiRe()" classname="gioco.ControllerTest" time="0">
<system-out><![CDATA[
unique-id: [engine:junit-jupiter]/[class:gioco.ControllerTest]/[method:testMossaScacchiRe()]
display-name: testMossaScacchiRe()
]]></system-out>
</testcase>
<testcase name="testMossaScacchiTorre()" classname="gioco.ControllerTest" time="0.001">
<system-out><![CDATA[
unique-id: [engine:junit-jupiter]/[class:gioco.ControllerTest]/[method:testMossaScacchiTorre()]
display-name: testMossaScacchiTorre()
]]></system-out>
</testcase>
<testcase name="testMossaScacchi_EnPassantNonValido()" classname="gioco.ControllerTest" time="0.002">
<system-out><![CDATA[
unique-id: [engine:junit-jupiter]/[class:gioco.ControllerTest]/[method:testMossaScacchi_EnPassantNonValido()]
display-name: testMossaScacchi_EnPassantNonValido()
]]></system-out>
</testcase>
<testcase name="testMossaScacchi_EnPassant()" classname="gioco.ControllerTest" time="0.002">
<system-out><![CDATA[
unique-id: [engine:junit-jupiter]/[class:gioco.ControllerTest]/[method:testMossaScacchi_EnPassant()]
display-name: testMossaScacchi_EnPassant()
]]></system-out>
</testcase>
<testcase name="testMossaScacchiArrocco_Corto_Valido()" classname="gioco.ControllerTest" time="0.001">
<system-out><![CDATA[
unique-id: [engine:junit-jupiter]/[class:gioco.ControllerTest]/[method:testMossaScacchiArrocco_Corto_Valido()]
display-name: testMossaScacchiArrocco_Corto_Valido()
]]></system-out>
</testcase>
<testcase name="testMossaScacchiArrocco_Corto_NonValido()" classname="gioco.ControllerTest" time="0.001">
<system-out><![CDATA[
unique-id: [engine:junit-jupiter]/[class:gioco.ControllerTest]/[method:testMossaScacchiArrocco_Corto_NonValido()]
display-name: testMossaScacchiArrocco_Corto_NonValido()
]]></system-out>
</testcase>
<testcase name="testMossaScacchi_MossaNonValida()" classname="gioco.ControllerTest" time="0.001">
<system-out><![CDATA[
unique-id: [engine:junit-jupiter]/[class:gioco.ControllerTest]/[method:testMossaScacchi_MossaNonValida()]
display-name: testMossaScacchi_MossaNonValida()
]]></system-out>
</testcase>
<<<<<<< HEAD
<<<<<<< HEAD
<<<<<<< HEAD
<testcase name="testIsEnPassantValido()" classname="scacchiera.pedine.PedoneTest" time="0.003">
=======
<testcase name="testIsEnPassantValido()" classname="scacchiera.pedine.PedoneTest" time="0.007">
>>>>>>> Riparazione conflitti
=======
<testcase name="testIsEnPassantValido()" classname="scacchiera.pedine.PedoneTest" time="0.003">
>>>>>>> Implementazione test classi comando, giocatore, turno, pezzo e scacchiera
=======
<testcase name="testConvertiMossaCatturaPedone()" classname="scacchiera.pedine.PedoneTest" time="0.001">
<system-out><![CDATA[
unique-id: [engine:junit-jupiter]/[class:scacchiera.pedine.PedoneTest]/[method:testConvertiMossaCatturaPedone()]
display-name: testConvertiMossaCatturaPedone()
]]></system-out>
</testcase>
<testcase name="testIsMossaValidaObliquoNonValida()" classname="scacchiera.pedine.PedoneTest" time="0.002">
<system-out><![CDATA[
unique-id: [engine:junit-jupiter]/[class:scacchiera.pedine.PedoneTest]/[method:testIsMossaValidaObliquoNonValida()]
display-name: testIsMossaValidaObliquoNonValida()
]]></system-out>
</testcase>
<testcase name="testIsMossaValidaDueCelle()" classname="scacchiera.pedine.PedoneTest" time="0.003">
<system-out><![CDATA[
unique-id: [engine:junit-jupiter]/[class:scacchiera.pedine.PedoneTest]/[method:testIsMossaValidaDueCelle()]
display-name: testIsMossaValidaDueCelle()
]]></system-out>
</testcase>
<testcase name="testIsEnPassantValidoCatturaNonValida()" classname="scacchiera.pedine.PedoneTest" time="0">
<system-out><![CDATA[
unique-id: [engine:junit-jupiter]/[class:scacchiera.pedine.PedoneTest]/[method:testIsEnPassantValidoCatturaNonValida()]
display-name: testIsEnPassantValidoCatturaNonValida()
]]></system-out>
</testcase>
<testcase name="testIsEnPassantValido()" classname="scacchiera.pedine.PedoneTest" time="0">
>>>>>>> Risoluzione errori checkstyle e miglioramento codice
<system-out><![CDATA[
unique-id: [engine:junit-jupiter]/[class:scacchiera.pedine.PedoneTest]/[method:testIsEnPassantValido()]
display-name: testIsEnPassantValido()
]]></system-out>
</testcase>
<<<<<<< HEAD
<<<<<<< HEAD
<<<<<<< HEAD
<testcase name="testConvertiMossa()" classname="scacchiera.pedine.PedoneTest" time="0.002">
=======
<testcase name="testConvertiMossa()" classname="scacchiera.pedine.PedoneTest" time="0.001">
>>>>>>> Riparazione conflitti
=======
<testcase name="testConvertiMossa()" classname="scacchiera.pedine.PedoneTest" time="0.002">
>>>>>>> Implementazione test classi comando, giocatore, turno, pezzo e scacchiera
=======
<testcase name="testisMossaValidaFinalePienaBianco()" classname="scacchiera.pedine.PedoneTest" time="0.001">
<system-out><![CDATA[
unique-id: [engine:junit-jupiter]/[class:scacchiera.pedine.PedoneTest]/[method:testisMossaValidaFinalePienaBianco()]
display-name: testisMossaValidaFinalePienaBianco()
]]></system-out>
</testcase>
<testcase name="testIsMossaValidaUnaCellaBianco()" classname="scacchiera.pedine.PedoneTest" time="0">
<system-out><![CDATA[
unique-id: [engine:junit-jupiter]/[class:scacchiera.pedine.PedoneTest]/[method:testIsMossaValidaUnaCellaBianco()]
display-name: testIsMossaValidaUnaCellaBianco()
]]></system-out>
</testcase>
<testcase name="testIsEnPassantValidoSenzaMossaDiDue()" classname="scacchiera.pedine.PedoneTest" time="0.001">
<system-out><![CDATA[
unique-id: [engine:junit-jupiter]/[class:scacchiera.pedine.PedoneTest]/[method:testIsEnPassantValidoSenzaMossaDiDue()]
display-name: testIsEnPassantValidoSenzaMossaDiDue()
]]></system-out>
</testcase>
<testcase name="testConvertiMossaDueAvanti()" classname="scacchiera.pedine.PedoneTest" time="0.001">
<system-out><![CDATA[
unique-id: [engine:junit-jupiter]/[class:scacchiera.pedine.PedoneTest]/[method:testConvertiMossaDueAvanti()]
display-name: testConvertiMossaDueAvanti()
]]></system-out>
</testcase>
<testcase name="testIsMossaValidaDueFinaleOccupata()" classname="scacchiera.pedine.PedoneTest" time="0.001">
<system-out><![CDATA[
unique-id: [engine:junit-jupiter]/[class:scacchiera.pedine.PedoneTest]/[method:testIsMossaValidaDueFinaleOccupata()]
display-name: testIsMossaValidaDueFinaleOccupata()
]]></system-out>
</testcase>
<testcase name="testConvertiMossaSuCellaCorrente()" classname="scacchiera.pedine.PedoneTest" time="0.001">
<system-out><![CDATA[
unique-id: [engine:junit-jupiter]/[class:scacchiera.pedine.PedoneTest]/[method:testConvertiMossaSuCellaCorrente()]
display-name: testConvertiMossaSuCellaCorrente()
]]></system-out>
</testcase>
<testcase name="testConvertiMossaDueCelleBianco()" classname="scacchiera.pedine.PedoneTest" time="0">
<system-out><![CDATA[
unique-id: [engine:junit-jupiter]/[class:scacchiera.pedine.PedoneTest]/[method:testConvertiMossaDueCelleBianco()]
display-name: testConvertiMossaDueCelleBianco()
]]></system-out>
</testcase>
<testcase name="testConvertiMossaUnoAvanti()" classname="scacchiera.pedine.PedoneTest" time="0">
<system-out><![CDATA[
unique-id: [engine:junit-jupiter]/[class:scacchiera.pedine.PedoneTest]/[method:testConvertiMossaUnoAvanti()]
display-name: testConvertiMossaUnoAvanti()
]]></system-out>
</testcase>
<testcase name="testIsMossaValidaInDietro()" classname="scacchiera.pedine.PedoneTest" time="0">
<system-out><![CDATA[
unique-id: [engine:junit-jupiter]/[class:scacchiera.pedine.PedoneTest]/[method:testIsMossaValidaInDietro()]
display-name: testIsMossaValidaInDietro()
]]></system-out>
</testcase>
<testcase name="testIsMossaValidaMossaNonvalida()" classname="scacchiera.pedine.PedoneTest" time="0.002">
<system-out><![CDATA[
unique-id: [engine:junit-jupiter]/[class:scacchiera.pedine.PedoneTest]/[method:testIsMossaValidaMossaNonvalida()]
display-name: testIsMossaValidaMossaNonvalida()
]]></system-out>
</testcase>
<testcase name="testIsEnPassantValidoBianco()" classname="scacchiera.pedine.PedoneTest" time="0.001">
<system-out><![CDATA[
unique-id: [engine:junit-jupiter]/[class:scacchiera.pedine.PedoneTest]/[method:testIsEnPassantValidoBianco()]
display-name: testIsEnPassantValidoBianco()
]]></system-out>
</testcase>
<testcase name="testIsMossaValidaDueCelleBianco()" classname="scacchiera.pedine.PedoneTest" time="0.001">
<system-out><![CDATA[
unique-id: [engine:junit-jupiter]/[class:scacchiera.pedine.PedoneTest]/[method:testIsMossaValidaDueCelleBianco()]
display-name: testIsMossaValidaDueCelleBianco()
]]></system-out>
</testcase>
<testcase name="testisMossaValidaUnaCellaNero()" classname="scacchiera.pedine.PedoneTest" time="0">
<system-out><![CDATA[
unique-id: [engine:junit-jupiter]/[class:scacchiera.pedine.PedoneTest]/[method:testisMossaValidaUnaCellaNero()]
display-name: testisMossaValidaUnaCellaNero()
]]></system-out>
</testcase>
<testcase name="testIsMossaValidaObliquoValida()" classname="scacchiera.pedine.PedoneTest" time="0">
<system-out><![CDATA[
unique-id: [engine:junit-jupiter]/[class:scacchiera.pedine.PedoneTest]/[method:testIsMossaValidaObliquoValida()]
display-name: testIsMossaValidaObliquoValida()
]]></system-out>
</testcase>
<testcase name="testConvertiMossaUnaCellaBianco()" classname="scacchiera.pedine.PedoneTest" time="0.001">
<system-out><![CDATA[
unique-id: [engine:junit-jupiter]/[class:scacchiera.pedine.PedoneTest]/[method:testConvertiMossaUnaCellaBianco()]
display-name: testConvertiMossaUnaCellaBianco()
]]></system-out>
</testcase>
<testcase name="testConvertiMossaEnPassant()" classname="scacchiera.pedine.PedoneTest" time="0">
<system-out><![CDATA[
unique-id: [engine:junit-jupiter]/[class:scacchiera.pedine.PedoneTest]/[method:testConvertiMossaEnPassant()]
display-name: testConvertiMossaEnPassant()
]]></system-out>
</testcase>
<testcase name="TestConvertiMossa_Mangiata_BassoDx()" classname="scacchiera.pedine.AlfiereTest" time="0.001">
<system-out><![CDATA[
unique-id: [engine:junit-jupiter]/[class:scacchiera.pedine.AlfiereTest]/[method:TestConvertiMossa_Mangiata_BassoDx()]
display-name: TestConvertiMossa_Mangiata_BassoDx()
]]></system-out>
</testcase>
<testcase name="testIsMossaValida_BassoDx2()" classname="scacchiera.pedine.AlfiereTest" time="0">
<system-out><![CDATA[
unique-id: [engine:junit-jupiter]/[class:scacchiera.pedine.AlfiereTest]/[method:testIsMossaValida_BassoDx2()]
display-name: testIsMossaValida_BassoDx2()
]]></system-out>
</testcase>
<testcase name="testIsMossaValida_BassoSx2()" classname="scacchiera.pedine.AlfiereTest" time="0">
<system-out><![CDATA[
unique-id: [engine:junit-jupiter]/[class:scacchiera.pedine.AlfiereTest]/[method:testIsMossaValida_BassoSx2()]
display-name: testIsMossaValida_BassoSx2()
]]></system-out>
</testcase>
<testcase name="testConvertiMossaAltoDx()" classname="scacchiera.pedine.AlfiereTest" time="0.001">
<system-out><![CDATA[
unique-id: [engine:junit-jupiter]/[class:scacchiera.pedine.AlfiereTest]/[method:testConvertiMossaAltoDx()]
display-name: testConvertiMossaAltoDx()
]]></system-out>
</testcase>
<testcase name="testIsMossaValida_AltoDx_PercorsoOccupato()" classname="scacchiera.pedine.AlfiereTest" time="0.001">
<system-out><![CDATA[
unique-id: [engine:junit-jupiter]/[class:scacchiera.pedine.AlfiereTest]/[method:testIsMossaValida_AltoDx_PercorsoOccupato()]
display-name: testIsMossaValida_AltoDx_PercorsoOccupato()
]]></system-out>
</testcase>
<testcase name="testIsMossaValida_AltoSx_PercorsoOccupato()" classname="scacchiera.pedine.AlfiereTest" time="0">
<system-out><![CDATA[
unique-id: [engine:junit-jupiter]/[class:scacchiera.pedine.AlfiereTest]/[method:testIsMossaValida_AltoSx_PercorsoOccupato()]
display-name: testIsMossaValida_AltoSx_PercorsoOccupato()
]]></system-out>
</testcase>
<testcase name="testIsMossaValida_AltoDx()" classname="scacchiera.pedine.AlfiereTest" time="0.002">
<system-out><![CDATA[
unique-id: [engine:junit-jupiter]/[class:scacchiera.pedine.AlfiereTest]/[method:testIsMossaValida_AltoDx()]
display-name: testIsMossaValida_AltoDx()
]]></system-out>
</testcase>
<testcase name="testIsMossaValida_AltoSx()" classname="scacchiera.pedine.AlfiereTest" time="0">
<system-out><![CDATA[
unique-id: [engine:junit-jupiter]/[class:scacchiera.pedine.AlfiereTest]/[method:testIsMossaValida_AltoSx()]
display-name: testIsMossaValida_AltoSx()
]]></system-out>
</testcase>
<testcase name="testIsMossaValida_AltoDx2()" classname="scacchiera.pedine.AlfiereTest" time="0">
<system-out><![CDATA[
unique-id: [engine:junit-jupiter]/[class:scacchiera.pedine.AlfiereTest]/[method:testIsMossaValida_AltoDx2()]
display-name: testIsMossaValida_AltoDx2()
]]></system-out>
</testcase>
<testcase name="testIsMossaValida_AltoDx3()" classname="scacchiera.pedine.AlfiereTest" time="0.001">
<system-out><![CDATA[
unique-id: [engine:junit-jupiter]/[class:scacchiera.pedine.AlfiereTest]/[method:testIsMossaValida_AltoDx3()]
display-name: testIsMossaValida_AltoDx3()
]]></system-out>
</testcase>
<testcase name="testIsMossaValida_AltoSx2()" classname="scacchiera.pedine.AlfiereTest" time="0">
<system-out><![CDATA[
unique-id: [engine:junit-jupiter]/[class:scacchiera.pedine.AlfiereTest]/[method:testIsMossaValida_AltoSx2()]
display-name: testIsMossaValida_AltoSx2()
]]></system-out>
</testcase>
<testcase name="testIsMossaValida_AltoDx_Mangiata()" classname="scacchiera.pedine.AlfiereTest" time="0.001">
>>>>>>> Risoluzione errori checkstyle e miglioramento codice
<system-out><![CDATA[
unique-id: [engine:junit-jupiter]/[class:scacchiera.pedine.AlfiereTest]/[method:testIsMossaValida_AltoDx_Mangiata()]
display-name: testIsMossaValida_AltoDx_Mangiata()
]]></system-out>
</testcase>
<testcase name="testIsMossaValida_BassoDx()" classname="scacchiera.pedine.AlfiereTest" time="0.001">
<system-out><![CDATA[
unique-id: [engine:junit-jupiter]/[class:scacchiera.pedine.AlfiereTest]/[method:testIsMossaValida_BassoDx()]
display-name: testIsMossaValida_BassoDx()
]]></system-out>
</testcase>
<testcase name="testIsMossaValida_BassoSx()" classname="scacchiera.pedine.AlfiereTest" time="0">
<system-out><![CDATA[
unique-id: [engine:junit-jupiter]/[class:scacchiera.pedine.AlfiereTest]/[method:testIsMossaValida_BassoSx()]
display-name: testIsMossaValida_BassoSx()
]]></system-out>
</testcase>
<<<<<<< HEAD
<<<<<<< HEAD
<<<<<<< HEAD
<testcase name="testConvertiMossa()" classname="scacchiera.pedine.AlfiereTest" time="0.001">
=======
<testcase name="testConvertiMossa()" classname="scacchiera.pedine.AlfiereTest" time="0.002">
>>>>>>> Riparazione conflitti
=======
<testcase name="testConvertiMossa()" classname="scacchiera.pedine.AlfiereTest" time="0.001">
>>>>>>> Implementazione test classi comando, giocatore, turno, pezzo e scacchiera
=======
<testcase name="TestConvertiMossa_BassoDx2()" classname="scacchiera.pedine.AlfiereTest" time="0">
>>>>>>> Risoluzione errori checkstyle e miglioramento codice
<system-out><![CDATA[
unique-id: [engine:junit-jupiter]/[class:scacchiera.pedine.AlfiereTest]/[method:TestConvertiMossa_BassoDx2()]
display-name: TestConvertiMossa_BassoDx2()
]]></system-out>
</testcase>
<<<<<<< HEAD
<<<<<<< HEAD
<<<<<<< HEAD
<testcase name="testIsMossaValida()" classname="scacchiera.pedine.AlfiereTest" time="0.001">
=======
<testcase name="testIsMossaValida()" classname="scacchiera.pedine.AlfiereTest" time="0.002">
>>>>>>> Riparazione conflitti
=======
<testcase name="testIsMossaValida()" classname="scacchiera.pedine.AlfiereTest" time="0.001">
>>>>>>> Implementazione test classi comando, giocatore, turno, pezzo e scacchiera
=======
<testcase name="TestConvertiMossa_BassoDx()" classname="scacchiera.pedine.AlfiereTest" time="0.001">
>>>>>>> Risoluzione errori checkstyle e miglioramento codice
<system-out><![CDATA[
unique-id: [engine:junit-jupiter]/[class:scacchiera.pedine.AlfiereTest]/[method:TestConvertiMossa_BassoDx()]
display-name: TestConvertiMossa_BassoDx()
]]></system-out>
</testcase>
<testcase name="TestConvertiMossa_BassoSx()" classname="scacchiera.pedine.AlfiereTest" time="0.001">
<system-out><![CDATA[
unique-id: [engine:junit-jupiter]/[class:scacchiera.pedine.AlfiereTest]/[method:TestConvertiMossa_BassoSx()]
display-name: TestConvertiMossa_BassoSx()
]]></system-out>
</testcase>
<testcase name="TestConvertiMossa_Mangiata_AltoDx()" classname="scacchiera.pedine.AlfiereTest" time="0.002">
<system-out><![CDATA[
unique-id: [engine:junit-jupiter]/[class:scacchiera.pedine.AlfiereTest]/[method:TestConvertiMossa_Mangiata_AltoDx()]
display-name: TestConvertiMossa_Mangiata_AltoDx()
]]></system-out>
</testcase>
<testcase name="testIsMossaValida_BassoDx_PercorsoOccupato()" classname="scacchiera.pedine.AlfiereTest" time="0">
<system-out><![CDATA[
unique-id: [engine:junit-jupiter]/[class:scacchiera.pedine.AlfiereTest]/[method:testIsMossaValida_BassoDx_PercorsoOccupato()]
display-name: testIsMossaValida_BassoDx_PercorsoOccupato()
]]></system-out>
</testcase>
<testcase name="TestConvertiMossa_AltoSx()" classname="scacchiera.pedine.AlfiereTest" time="0.001">
<system-out><![CDATA[
unique-id: [engine:junit-jupiter]/[class:scacchiera.pedine.AlfiereTest]/[method:TestConvertiMossa_AltoSx()]
display-name: TestConvertiMossa_AltoSx()
]]></system-out>
</testcase>
<testcase name="testIsMossaValida_BassoSx_PercorsoOccupato()" classname="scacchiera.pedine.AlfiereTest" time="0.001">
<system-out><![CDATA[
unique-id: [engine:junit-jupiter]/[class:scacchiera.pedine.AlfiereTest]/[method:testIsMossaValida_BassoSx_PercorsoOccupato()]
display-name: testIsMossaValida_BassoSx_PercorsoOccupato()
]]></system-out>
</testcase>
<testcase name="testIsNotazioneAlgebricaAlfiereMossa()" classname="gioco.MenuTest" time="0">
<system-out><![CDATA[
unique-id: [engine:junit-jupiter]/[class:gioco.MenuTest]/[method:testIsNotazioneAlgebricaAlfiereMossa()]
display-name: testIsNotazioneAlgebricaAlfiereMossa()
]]></system-out>
</testcase>
<testcase name="testIsArrocco_000()" classname="gioco.MenuTest" time="0">
<system-out><![CDATA[
unique-id: [engine:junit-jupiter]/[class:gioco.MenuTest]/[method:testIsArrocco_000()]
display-name: testIsArrocco_000()
]]></system-out>
</testcase>
<testcase name="testIsArrocco_OOO()" classname="gioco.MenuTest" time="0">
<system-out><![CDATA[
unique-id: [engine:junit-jupiter]/[class:gioco.MenuTest]/[method:testIsArrocco_OOO()]
display-name: testIsArrocco_OOO()
]]></system-out>
</testcase>
<testcase name="testIsArrocco_ooo()" classname="gioco.MenuTest" time="0">
<system-out><![CDATA[
unique-id: [engine:junit-jupiter]/[class:gioco.MenuTest]/[method:testIsArrocco_ooo()]
display-name: testIsArrocco_ooo()
]]></system-out>
</testcase>
<testcase name="testIsComandoValidoHelp()" classname="gioco.MenuTest" time="0.001">
<system-out><![CDATA[
unique-id: [engine:junit-jupiter]/[class:gioco.MenuTest]/[method:testIsComandoValidoHelp()]
display-name: testIsComandoValidoHelp()
]]></system-out>
</testcase>
<testcase name="testIsComandoValidoMenu()" classname="gioco.MenuTest" time="0">
<system-out><![CDATA[
unique-id: [engine:junit-jupiter]/[class:gioco.MenuTest]/[method:testIsComandoValidoMenu()]
display-name: testIsComandoValidoMenu()
]]></system-out>
</testcase>
<testcase name="testIsComandoValidoQuit()" classname="gioco.MenuTest" time="0.001">
<system-out><![CDATA[
unique-id: [engine:junit-jupiter]/[class:gioco.MenuTest]/[method:testIsComandoValidoQuit()]
display-name: testIsComandoValidoQuit()
]]></system-out>
</testcase>
<testcase name="testIsNotazioneAlgebricaReginaMossa()" classname="gioco.MenuTest" time="0">
<system-out><![CDATA[
unique-id: [engine:junit-jupiter]/[class:gioco.MenuTest]/[method:testIsNotazioneAlgebricaReginaMossa()]
display-name: testIsNotazioneAlgebricaReginaMossa()
]]></system-out>
</testcase>
<testcase name="testIsNotazioneAlgebricaPedoneEP()" classname="gioco.MenuTest" time="0.001">
<system-out><![CDATA[
unique-id: [engine:junit-jupiter]/[class:gioco.MenuTest]/[method:testIsNotazioneAlgebricaPedoneEP()]
display-name: testIsNotazioneAlgebricaPedoneEP()
]]></system-out>
</testcase>
<testcase name="testIsComandoValidoCaptures()" classname="gioco.MenuTest" time="0.001">
<system-out><![CDATA[
unique-id: [engine:junit-jupiter]/[class:gioco.MenuTest]/[method:testIsComandoValidoCaptures()]
display-name: testIsComandoValidoCaptures()
]]></system-out>
</testcase>
<<<<<<< HEAD
<<<<<<< HEAD
=======
>>>>>>> Implementazione test classi comando, giocatore, turno, pezzo e scacchiera
<testcase name="testPlay()" classname="gioco.MenuTest" time="0">
<system-out><![CDATA[
unique-id: [engine:junit-jupiter]/[class:gioco.MenuTest]/[method:testPlay()]
display-name: testPlay()
<<<<<<< HEAD
]]></system-out>
</testcase>
<testcase name="testIsNotazioneAlgebricaCavalloCattura()" classname="gioco.MenuTest" time="0.001">
<system-out><![CDATA[
unique-id: [engine:junit-jupiter]/[class:gioco.MenuTest]/[method:testIsNotazioneAlgebricaCavalloCattura()]
display-name: testIsNotazioneAlgebricaCavalloCattura()
]]></system-out>
</testcase>
<testcase name="testIsNotazioneAlgebricaTorreCattura()" classname="gioco.MenuTest" time="0">
<system-out><![CDATA[
unique-id: [engine:junit-jupiter]/[class:gioco.MenuTest]/[method:testIsNotazioneAlgebricaTorreCattura()]
display-name: testIsNotazioneAlgebricaTorreCattura()
]]></system-out>
</testcase>
<testcase name="testIsArroccoNonValido()" classname="gioco.MenuTest" time="0">
<system-out><![CDATA[
unique-id: [engine:junit-jupiter]/[class:gioco.MenuTest]/[method:testIsArroccoNonValido()]
display-name: testIsArroccoNonValido()
]]></system-out>
</testcase>
<testcase name="testIsNotazioneAlgebricaReCattura()" classname="gioco.MenuTest" time="0.001">
<system-out><![CDATA[
unique-id: [engine:junit-jupiter]/[class:gioco.MenuTest]/[method:testIsNotazioneAlgebricaReCattura()]
display-name: testIsNotazioneAlgebricaReCattura()
]]></system-out>
</testcase>
<testcase name="testIsNotazioneAlgebricaPedoneCattura()" classname="gioco.MenuTest" time="0.001">
<system-out><![CDATA[
unique-id: [engine:junit-jupiter]/[class:gioco.MenuTest]/[method:testIsNotazioneAlgebricaPedoneCattura()]
display-name: testIsNotazioneAlgebricaPedoneCattura()
]]></system-out>
</testcase>
<testcase name="testIsNotazioneAlgebricaArroccoCorto()" classname="gioco.MenuTest" time="0.001">
<system-out><![CDATA[
unique-id: [engine:junit-jupiter]/[class:gioco.MenuTest]/[method:testIsNotazioneAlgebricaArroccoCorto()]
display-name: testIsNotazioneAlgebricaArroccoCorto()
]]></system-out>
</testcase>
<testcase name="testIsNotazioneAlgebricaArroccoLungo()" classname="gioco.MenuTest" time="0.001">
<system-out><![CDATA[
unique-id: [engine:junit-jupiter]/[class:gioco.MenuTest]/[method:testIsNotazioneAlgebricaArroccoLungo()]
display-name: testIsNotazioneAlgebricaArroccoLungo()
]]></system-out>
</testcase>
<testcase name="testIsNotazioneAlgebricaReMossa()" classname="gioco.MenuTest" time="0">
<system-out><![CDATA[
unique-id: [engine:junit-jupiter]/[class:gioco.MenuTest]/[method:testIsNotazioneAlgebricaReMossa()]
display-name: testIsNotazioneAlgebricaReMossa()
]]></system-out>
</testcase>
<testcase name="testIsNotazioneAlgebricaPedoneMossa()" classname="gioco.MenuTest" time="0.001">
<system-out><![CDATA[
unique-id: [engine:junit-jupiter]/[class:gioco.MenuTest]/[method:testIsNotazioneAlgebricaPedoneMossa()]
display-name: testIsNotazioneAlgebricaPedoneMossa()
]]></system-out>
</testcase>
<testcase name="testIsNotazioneAlgebricaAlfiereCattura()" classname="gioco.MenuTest" time="0.001">
<system-out><![CDATA[
unique-id: [engine:junit-jupiter]/[class:gioco.MenuTest]/[method:testIsNotazioneAlgebricaAlfiereCattura()]
display-name: testIsNotazioneAlgebricaAlfiereCattura()
]]></system-out>
</testcase>
<testcase name="testIsNotazioneAlgebricaComandoVuoto()" classname="gioco.MenuTest" time="0">
<system-out><![CDATA[
unique-id: [engine:junit-jupiter]/[class:gioco.MenuTest]/[method:testIsNotazioneAlgebricaComandoVuoto()]
display-name: testIsNotazioneAlgebricaComandoVuoto()
]]></system-out>
</testcase>
<testcase name="testIsArrocco_00()" classname="gioco.MenuTest" time="0">
<system-out><![CDATA[
unique-id: [engine:junit-jupiter]/[class:gioco.MenuTest]/[method:testIsArrocco_00()]
display-name: testIsArrocco_00()
]]></system-out>
</testcase>
<testcase name="testIsArrocco_OO()" classname="gioco.MenuTest" time="0">
<system-out><![CDATA[
unique-id: [engine:junit-jupiter]/[class:gioco.MenuTest]/[method:testIsArrocco_OO()]
display-name: testIsArrocco_OO()
]]></system-out>
</testcase>
<testcase name="testIsArrocco_oo()" classname="gioco.MenuTest" time="0.001">
<system-out><![CDATA[
unique-id: [engine:junit-jupiter]/[class:gioco.MenuTest]/[method:testIsArrocco_oo()]
display-name: testIsArrocco_oo()
]]></system-out>
</testcase>
<testcase name="testIsNotazioneAlgebricaReginaCattura()" classname="gioco.MenuTest" time="0">
<system-out><![CDATA[
unique-id: [engine:junit-jupiter]/[class:gioco.MenuTest]/[method:testIsNotazioneAlgebricaReginaCattura()]
display-name: testIsNotazioneAlgebricaReginaCattura()
]]></system-out>
</testcase>
<testcase name="testIsComandoValidoBoard()" classname="gioco.MenuTest" time="0">
<system-out><![CDATA[
unique-id: [engine:junit-jupiter]/[class:gioco.MenuTest]/[method:testIsComandoValidoBoard()]
display-name: testIsComandoValidoBoard()
]]></system-out>
</testcase>
<testcase name="testIsComandoValidoMoves()" classname="gioco.MenuTest" time="0.001">
<system-out><![CDATA[
unique-id: [engine:junit-jupiter]/[class:gioco.MenuTest]/[method:testIsComandoValidoMoves()]
display-name: testIsComandoValidoMoves()
]]></system-out>
</testcase>
<testcase name="testIsNotazioneAlgebricaTorreMossa()" classname="gioco.MenuTest" time="0">
<system-out><![CDATA[
unique-id: [engine:junit-jupiter]/[class:gioco.MenuTest]/[method:testIsNotazioneAlgebricaTorreMossa()]
display-name: testIsNotazioneAlgebricaTorreMossa()
]]></system-out>
</testcase>
<testcase name="testIsNotazioneAlgebricaErrata()" classname="gioco.MenuTest" time="0">
<system-out><![CDATA[
unique-id: [engine:junit-jupiter]/[class:gioco.MenuTest]/[method:testIsNotazioneAlgebricaErrata()]
display-name: testIsNotazioneAlgebricaErrata()
]]></system-out>
</testcase>
<testcase name="testIsNotazioneAlgebricaCavalloMossa()" classname="gioco.MenuTest" time="0">
<system-out><![CDATA[
unique-id: [engine:junit-jupiter]/[class:gioco.MenuTest]/[method:testIsNotazioneAlgebricaCavalloMossa()]
display-name: testIsNotazioneAlgebricaCavalloMossa()
]]></system-out>
</testcase>
<testcase name="test()" classname="scacchiera.pedine.ReTest" time="0">
<system-out><![CDATA[
unique-id: [engine:junit-jupiter]/[class:scacchiera.pedine.ReTest]/[method:test()]
display-name: test()
=======
<testcase name="testIsArroccoValido()" classname="scacchiera.pedine.ReTest" time="0.006">
<failure message="Not yet implemented" type="org.opentest4j.AssertionFailedError"><![CDATA[org.opentest4j.AssertionFailedError: Not yet implemented
	at org.junit.jupiter.api.AssertionUtils.fail(AssertionUtils.java:39)
	at org.junit.jupiter.api.Assertions.fail(Assertions.java:109)
	at scacchiera.pedine.ReTest.testIsArroccoValido(ReTest.java:16)
	at sun.reflect.NativeMethodAccessorImpl.invoke0(Native Method)
	at sun.reflect.NativeMethodAccessorImpl.invoke(NativeMethodAccessorImpl.java:62)
	at sun.reflect.DelegatingMethodAccessorImpl.invoke(DelegatingMethodAccessorImpl.java:43)
	at java.lang.reflect.Method.invoke(Method.java:498)
	at org.junit.platform.commons.util.ReflectionUtils.invokeMethod(ReflectionUtils.java:686)
	at org.junit.jupiter.engine.execution.MethodInvocation.proceed(MethodInvocation.java:60)
	at org.junit.jupiter.engine.execution.InvocationInterceptorChain$ValidatingInvocation.proceed(InvocationInterceptorChain.java:131)
	at org.junit.jupiter.engine.extension.TimeoutExtension.intercept(TimeoutExtension.java:149)
	at org.junit.jupiter.engine.extension.TimeoutExtension.interceptTestableMethod(TimeoutExtension.java:140)
	at org.junit.jupiter.engine.extension.TimeoutExtension.interceptTestMethod(TimeoutExtension.java:84)
	at org.junit.jupiter.engine.execution.ExecutableInvoker$ReflectiveInterceptorCall.lambda$ofVoidMethod$0(ExecutableInvoker.java:115)
	at org.junit.jupiter.engine.execution.ExecutableInvoker.lambda$invoke$0(ExecutableInvoker.java:105)
	at org.junit.jupiter.engine.execution.InvocationInterceptorChain$InterceptedInvocation.proceed(InvocationInterceptorChain.java:106)
	at org.junit.jupiter.engine.execution.InvocationInterceptorChain.proceed(InvocationInterceptorChain.java:64)
	at org.junit.jupiter.engine.execution.InvocationInterceptorChain.chainAndInvoke(InvocationInterceptorChain.java:45)
	at org.junit.jupiter.engine.execution.InvocationInterceptorChain.invoke(InvocationInterceptorChain.java:37)
	at org.junit.jupiter.engine.execution.ExecutableInvoker.invoke(ExecutableInvoker.java:104)
	at org.junit.jupiter.engine.execution.ExecutableInvoker.invoke(ExecutableInvoker.java:98)
	at org.junit.jupiter.engine.descriptor.TestMethodTestDescriptor.lambda$invokeTestMethod$6(TestMethodTestDescriptor.java:205)
	at org.junit.platform.engine.support.hierarchical.ThrowableCollector.execute(ThrowableCollector.java:73)
	at org.junit.jupiter.engine.descriptor.TestMethodTestDescriptor.invokeTestMethod(TestMethodTestDescriptor.java:201)
	at org.junit.jupiter.engine.descriptor.TestMethodTestDescriptor.execute(TestMethodTestDescriptor.java:137)
	at org.junit.jupiter.engine.descriptor.TestMethodTestDescriptor.execute(TestMethodTestDescriptor.java:71)
	at org.junit.platform.engine.support.hierarchical.NodeTestTask.lambda$executeRecursively$5(NodeTestTask.java:135)
	at org.junit.platform.engine.support.hierarchical.ThrowableCollector.execute(ThrowableCollector.java:73)
	at org.junit.platform.engine.support.hierarchical.NodeTestTask.lambda$executeRecursively$7(NodeTestTask.java:125)
	at org.junit.platform.engine.support.hierarchical.Node.around(Node.java:135)
	at org.junit.platform.engine.support.hierarchical.NodeTestTask.lambda$executeRecursively$8(NodeTestTask.java:123)
	at org.junit.platform.engine.support.hierarchical.ThrowableCollector.execute(ThrowableCollector.java:73)
	at org.junit.platform.engine.support.hierarchical.NodeTestTask.executeRecursively(NodeTestTask.java:122)
	at org.junit.platform.engine.support.hierarchical.NodeTestTask.execute(NodeTestTask.java:80)
	at java.util.ArrayList.forEach(ArrayList.java:1257)
	at org.junit.platform.engine.support.hierarchical.SameThreadHierarchicalTestExecutorService.invokeAll(SameThreadHierarchicalTestExecutorService.java:38)
	at org.junit.platform.engine.support.hierarchical.NodeTestTask.lambda$executeRecursively$5(NodeTestTask.java:139)
	at org.junit.platform.engine.support.hierarchical.ThrowableCollector.execute(ThrowableCollector.java:73)
	at org.junit.platform.engine.support.hierarchical.NodeTestTask.lambda$executeRecursively$7(NodeTestTask.java:125)
	at org.junit.platform.engine.support.hierarchical.Node.around(Node.java:135)
	at org.junit.platform.engine.support.hierarchical.NodeTestTask.lambda$executeRecursively$8(NodeTestTask.java:123)
	at org.junit.platform.engine.support.hierarchical.ThrowableCollector.execute(ThrowableCollector.java:73)
	at org.junit.platform.engine.support.hierarchical.NodeTestTask.executeRecursively(NodeTestTask.java:122)
	at org.junit.platform.engine.support.hierarchical.NodeTestTask.execute(NodeTestTask.java:80)
	at java.util.ArrayList.forEach(ArrayList.java:1257)
	at org.junit.platform.engine.support.hierarchical.SameThreadHierarchicalTestExecutorService.invokeAll(SameThreadHierarchicalTestExecutorService.java:38)
	at org.junit.platform.engine.support.hierarchical.NodeTestTask.lambda$executeRecursively$5(NodeTestTask.java:139)
	at org.junit.platform.engine.support.hierarchical.ThrowableCollector.execute(ThrowableCollector.java:73)
	at org.junit.platform.engine.support.hierarchical.NodeTestTask.lambda$executeRecursively$7(NodeTestTask.java:125)
	at org.junit.platform.engine.support.hierarchical.Node.around(Node.java:135)
	at org.junit.platform.engine.support.hierarchical.NodeTestTask.lambda$executeRecursively$8(NodeTestTask.java:123)
	at org.junit.platform.engine.support.hierarchical.ThrowableCollector.execute(ThrowableCollector.java:73)
	at org.junit.platform.engine.support.hierarchical.NodeTestTask.executeRecursively(NodeTestTask.java:122)
	at org.junit.platform.engine.support.hierarchical.NodeTestTask.execute(NodeTestTask.java:80)
	at org.junit.platform.engine.support.hierarchical.SameThreadHierarchicalTestExecutorService.submit(SameThreadHierarchicalTestExecutorService.java:32)
	at org.junit.platform.engine.support.hierarchical.HierarchicalTestExecutor.execute(HierarchicalTestExecutor.java:57)
	at org.junit.platform.engine.support.hierarchical.HierarchicalTestEngine.execute(HierarchicalTestEngine.java:51)
	at org.junit.platform.launcher.core.DefaultLauncher.execute(DefaultLauncher.java:170)
	at org.junit.platform.launcher.core.DefaultLauncher.execute(DefaultLauncher.java:154)
	at org.junit.platform.launcher.core.DefaultLauncher.execute(DefaultLauncher.java:90)
	at org.junit.platform.console.tasks.ConsoleTestExecutor.executeTests(ConsoleTestExecutor.java:65)
	at org.junit.platform.console.tasks.ConsoleTestExecutor.lambda$execute$0(ConsoleTestExecutor.java:57)
	at org.junit.platform.console.tasks.CustomContextClassLoaderExecutor.invoke(CustomContextClassLoaderExecutor.java:33)
	at org.junit.platform.console.tasks.ConsoleTestExecutor.execute(ConsoleTestExecutor.java:57)
	at org.junit.platform.console.ConsoleLauncher.executeTests(ConsoleLauncher.java:84)
	at org.junit.platform.console.ConsoleLauncher.execute(ConsoleLauncher.java:74)
	at org.junit.platform.console.ConsoleLauncher.execute(ConsoleLauncher.java:47)
	at org.junit.platform.console.ConsoleLauncher.main(ConsoleLauncher.java:39)
]]></failure>
<system-out><![CDATA[
unique-id: [engine:junit-jupiter]/[class:scacchiera.pedine.ReTest]/[method:testIsArroccoValido()]
display-name: testIsArroccoValido()
]]></system-out>
</testcase>
<testcase name="testIsReSottoScacco()" classname="scacchiera.pedine.ReTest" time="0.001">
<failure message="Not yet implemented" type="org.opentest4j.AssertionFailedError"><![CDATA[org.opentest4j.AssertionFailedError: Not yet implemented
	at org.junit.jupiter.api.AssertionUtils.fail(AssertionUtils.java:39)
	at org.junit.jupiter.api.Assertions.fail(Assertions.java:109)
	at scacchiera.pedine.ReTest.testIsReSottoScacco(ReTest.java:31)
	at sun.reflect.NativeMethodAccessorImpl.invoke0(Native Method)
	at sun.reflect.NativeMethodAccessorImpl.invoke(NativeMethodAccessorImpl.java:62)
	at sun.reflect.DelegatingMethodAccessorImpl.invoke(DelegatingMethodAccessorImpl.java:43)
	at java.lang.reflect.Method.invoke(Method.java:498)
	at org.junit.platform.commons.util.ReflectionUtils.invokeMethod(ReflectionUtils.java:686)
	at org.junit.jupiter.engine.execution.MethodInvocation.proceed(MethodInvocation.java:60)
	at org.junit.jupiter.engine.execution.InvocationInterceptorChain$ValidatingInvocation.proceed(InvocationInterceptorChain.java:131)
	at org.junit.jupiter.engine.extension.TimeoutExtension.intercept(TimeoutExtension.java:149)
	at org.junit.jupiter.engine.extension.TimeoutExtension.interceptTestableMethod(TimeoutExtension.java:140)
	at org.junit.jupiter.engine.extension.TimeoutExtension.interceptTestMethod(TimeoutExtension.java:84)
	at org.junit.jupiter.engine.execution.ExecutableInvoker$ReflectiveInterceptorCall.lambda$ofVoidMethod$0(ExecutableInvoker.java:115)
	at org.junit.jupiter.engine.execution.ExecutableInvoker.lambda$invoke$0(ExecutableInvoker.java:105)
	at org.junit.jupiter.engine.execution.InvocationInterceptorChain$InterceptedInvocation.proceed(InvocationInterceptorChain.java:106)
	at org.junit.jupiter.engine.execution.InvocationInterceptorChain.proceed(InvocationInterceptorChain.java:64)
	at org.junit.jupiter.engine.execution.InvocationInterceptorChain.chainAndInvoke(InvocationInterceptorChain.java:45)
	at org.junit.jupiter.engine.execution.InvocationInterceptorChain.invoke(InvocationInterceptorChain.java:37)
	at org.junit.jupiter.engine.execution.ExecutableInvoker.invoke(ExecutableInvoker.java:104)
	at org.junit.jupiter.engine.execution.ExecutableInvoker.invoke(ExecutableInvoker.java:98)
	at org.junit.jupiter.engine.descriptor.TestMethodTestDescriptor.lambda$invokeTestMethod$6(TestMethodTestDescriptor.java:205)
	at org.junit.platform.engine.support.hierarchical.ThrowableCollector.execute(ThrowableCollector.java:73)
	at org.junit.jupiter.engine.descriptor.TestMethodTestDescriptor.invokeTestMethod(TestMethodTestDescriptor.java:201)
	at org.junit.jupiter.engine.descriptor.TestMethodTestDescriptor.execute(TestMethodTestDescriptor.java:137)
	at org.junit.jupiter.engine.descriptor.TestMethodTestDescriptor.execute(TestMethodTestDescriptor.java:71)
	at org.junit.platform.engine.support.hierarchical.NodeTestTask.lambda$executeRecursively$5(NodeTestTask.java:135)
	at org.junit.platform.engine.support.hierarchical.ThrowableCollector.execute(ThrowableCollector.java:73)
	at org.junit.platform.engine.support.hierarchical.NodeTestTask.lambda$executeRecursively$7(NodeTestTask.java:125)
	at org.junit.platform.engine.support.hierarchical.Node.around(Node.java:135)
	at org.junit.platform.engine.support.hierarchical.NodeTestTask.lambda$executeRecursively$8(NodeTestTask.java:123)
	at org.junit.platform.engine.support.hierarchical.ThrowableCollector.execute(ThrowableCollector.java:73)
	at org.junit.platform.engine.support.hierarchical.NodeTestTask.executeRecursively(NodeTestTask.java:122)
	at org.junit.platform.engine.support.hierarchical.NodeTestTask.execute(NodeTestTask.java:80)
	at java.util.ArrayList.forEach(ArrayList.java:1257)
	at org.junit.platform.engine.support.hierarchical.SameThreadHierarchicalTestExecutorService.invokeAll(SameThreadHierarchicalTestExecutorService.java:38)
	at org.junit.platform.engine.support.hierarchical.NodeTestTask.lambda$executeRecursively$5(NodeTestTask.java:139)
	at org.junit.platform.engine.support.hierarchical.ThrowableCollector.execute(ThrowableCollector.java:73)
	at org.junit.platform.engine.support.hierarchical.NodeTestTask.lambda$executeRecursively$7(NodeTestTask.java:125)
	at org.junit.platform.engine.support.hierarchical.Node.around(Node.java:135)
	at org.junit.platform.engine.support.hierarchical.NodeTestTask.lambda$executeRecursively$8(NodeTestTask.java:123)
	at org.junit.platform.engine.support.hierarchical.ThrowableCollector.execute(ThrowableCollector.java:73)
	at org.junit.platform.engine.support.hierarchical.NodeTestTask.executeRecursively(NodeTestTask.java:122)
	at org.junit.platform.engine.support.hierarchical.NodeTestTask.execute(NodeTestTask.java:80)
	at java.util.ArrayList.forEach(ArrayList.java:1257)
	at org.junit.platform.engine.support.hierarchical.SameThreadHierarchicalTestExecutorService.invokeAll(SameThreadHierarchicalTestExecutorService.java:38)
	at org.junit.platform.engine.support.hierarchical.NodeTestTask.lambda$executeRecursively$5(NodeTestTask.java:139)
	at org.junit.platform.engine.support.hierarchical.ThrowableCollector.execute(ThrowableCollector.java:73)
	at org.junit.platform.engine.support.hierarchical.NodeTestTask.lambda$executeRecursively$7(NodeTestTask.java:125)
	at org.junit.platform.engine.support.hierarchical.Node.around(Node.java:135)
	at org.junit.platform.engine.support.hierarchical.NodeTestTask.lambda$executeRecursively$8(NodeTestTask.java:123)
	at org.junit.platform.engine.support.hierarchical.ThrowableCollector.execute(ThrowableCollector.java:73)
	at org.junit.platform.engine.support.hierarchical.NodeTestTask.executeRecursively(NodeTestTask.java:122)
	at org.junit.platform.engine.support.hierarchical.NodeTestTask.execute(NodeTestTask.java:80)
	at org.junit.platform.engine.support.hierarchical.SameThreadHierarchicalTestExecutorService.submit(SameThreadHierarchicalTestExecutorService.java:32)
	at org.junit.platform.engine.support.hierarchical.HierarchicalTestExecutor.execute(HierarchicalTestExecutor.java:57)
	at org.junit.platform.engine.support.hierarchical.HierarchicalTestEngine.execute(HierarchicalTestEngine.java:51)
	at org.junit.platform.launcher.core.DefaultLauncher.execute(DefaultLauncher.java:170)
	at org.junit.platform.launcher.core.DefaultLauncher.execute(DefaultLauncher.java:154)
	at org.junit.platform.launcher.core.DefaultLauncher.execute(DefaultLauncher.java:90)
	at org.junit.platform.console.tasks.ConsoleTestExecutor.executeTests(ConsoleTestExecutor.java:65)
	at org.junit.platform.console.tasks.ConsoleTestExecutor.lambda$execute$0(ConsoleTestExecutor.java:57)
	at org.junit.platform.console.tasks.CustomContextClassLoaderExecutor.invoke(CustomContextClassLoaderExecutor.java:33)
	at org.junit.platform.console.tasks.ConsoleTestExecutor.execute(ConsoleTestExecutor.java:57)
	at org.junit.platform.console.ConsoleLauncher.executeTests(ConsoleLauncher.java:84)
	at org.junit.platform.console.ConsoleLauncher.execute(ConsoleLauncher.java:74)
	at org.junit.platform.console.ConsoleLauncher.execute(ConsoleLauncher.java:47)
	at org.junit.platform.console.ConsoleLauncher.main(ConsoleLauncher.java:39)
]]></failure>
<system-out><![CDATA[
unique-id: [engine:junit-jupiter]/[class:scacchiera.pedine.ReTest]/[method:testIsReSottoScacco()]
display-name: testIsReSottoScacco()
]]></system-out>
</testcase>
<testcase name="testGetCoordinateArrocco()" classname="scacchiera.pedine.ReTest" time="0">
<failure message="Not yet implemented" type="org.opentest4j.AssertionFailedError"><![CDATA[org.opentest4j.AssertionFailedError: Not yet implemented
	at org.junit.jupiter.api.AssertionUtils.fail(AssertionUtils.java:39)
	at org.junit.jupiter.api.Assertions.fail(Assertions.java:109)
	at scacchiera.pedine.ReTest.testGetCoordinateArrocco(ReTest.java:21)
	at sun.reflect.NativeMethodAccessorImpl.invoke0(Native Method)
	at sun.reflect.NativeMethodAccessorImpl.invoke(NativeMethodAccessorImpl.java:62)
	at sun.reflect.DelegatingMethodAccessorImpl.invoke(DelegatingMethodAccessorImpl.java:43)
	at java.lang.reflect.Method.invoke(Method.java:498)
	at org.junit.platform.commons.util.ReflectionUtils.invokeMethod(ReflectionUtils.java:686)
	at org.junit.jupiter.engine.execution.MethodInvocation.proceed(MethodInvocation.java:60)
	at org.junit.jupiter.engine.execution.InvocationInterceptorChain$ValidatingInvocation.proceed(InvocationInterceptorChain.java:131)
	at org.junit.jupiter.engine.extension.TimeoutExtension.intercept(TimeoutExtension.java:149)
	at org.junit.jupiter.engine.extension.TimeoutExtension.interceptTestableMethod(TimeoutExtension.java:140)
	at org.junit.jupiter.engine.extension.TimeoutExtension.interceptTestMethod(TimeoutExtension.java:84)
	at org.junit.jupiter.engine.execution.ExecutableInvoker$ReflectiveInterceptorCall.lambda$ofVoidMethod$0(ExecutableInvoker.java:115)
	at org.junit.jupiter.engine.execution.ExecutableInvoker.lambda$invoke$0(ExecutableInvoker.java:105)
	at org.junit.jupiter.engine.execution.InvocationInterceptorChain$InterceptedInvocation.proceed(InvocationInterceptorChain.java:106)
	at org.junit.jupiter.engine.execution.InvocationInterceptorChain.proceed(InvocationInterceptorChain.java:64)
	at org.junit.jupiter.engine.execution.InvocationInterceptorChain.chainAndInvoke(InvocationInterceptorChain.java:45)
	at org.junit.jupiter.engine.execution.InvocationInterceptorChain.invoke(InvocationInterceptorChain.java:37)
	at org.junit.jupiter.engine.execution.ExecutableInvoker.invoke(ExecutableInvoker.java:104)
	at org.junit.jupiter.engine.execution.ExecutableInvoker.invoke(ExecutableInvoker.java:98)
	at org.junit.jupiter.engine.descriptor.TestMethodTestDescriptor.lambda$invokeTestMethod$6(TestMethodTestDescriptor.java:205)
	at org.junit.platform.engine.support.hierarchical.ThrowableCollector.execute(ThrowableCollector.java:73)
	at org.junit.jupiter.engine.descriptor.TestMethodTestDescriptor.invokeTestMethod(TestMethodTestDescriptor.java:201)
	at org.junit.jupiter.engine.descriptor.TestMethodTestDescriptor.execute(TestMethodTestDescriptor.java:137)
	at org.junit.jupiter.engine.descriptor.TestMethodTestDescriptor.execute(TestMethodTestDescriptor.java:71)
	at org.junit.platform.engine.support.hierarchical.NodeTestTask.lambda$executeRecursively$5(NodeTestTask.java:135)
	at org.junit.platform.engine.support.hierarchical.ThrowableCollector.execute(ThrowableCollector.java:73)
	at org.junit.platform.engine.support.hierarchical.NodeTestTask.lambda$executeRecursively$7(NodeTestTask.java:125)
	at org.junit.platform.engine.support.hierarchical.Node.around(Node.java:135)
	at org.junit.platform.engine.support.hierarchical.NodeTestTask.lambda$executeRecursively$8(NodeTestTask.java:123)
	at org.junit.platform.engine.support.hierarchical.ThrowableCollector.execute(ThrowableCollector.java:73)
	at org.junit.platform.engine.support.hierarchical.NodeTestTask.executeRecursively(NodeTestTask.java:122)
	at org.junit.platform.engine.support.hierarchical.NodeTestTask.execute(NodeTestTask.java:80)
	at java.util.ArrayList.forEach(ArrayList.java:1257)
	at org.junit.platform.engine.support.hierarchical.SameThreadHierarchicalTestExecutorService.invokeAll(SameThreadHierarchicalTestExecutorService.java:38)
	at org.junit.platform.engine.support.hierarchical.NodeTestTask.lambda$executeRecursively$5(NodeTestTask.java:139)
	at org.junit.platform.engine.support.hierarchical.ThrowableCollector.execute(ThrowableCollector.java:73)
	at org.junit.platform.engine.support.hierarchical.NodeTestTask.lambda$executeRecursively$7(NodeTestTask.java:125)
	at org.junit.platform.engine.support.hierarchical.Node.around(Node.java:135)
	at org.junit.platform.engine.support.hierarchical.NodeTestTask.lambda$executeRecursively$8(NodeTestTask.java:123)
	at org.junit.platform.engine.support.hierarchical.ThrowableCollector.execute(ThrowableCollector.java:73)
	at org.junit.platform.engine.support.hierarchical.NodeTestTask.executeRecursively(NodeTestTask.java:122)
	at org.junit.platform.engine.support.hierarchical.NodeTestTask.execute(NodeTestTask.java:80)
	at java.util.ArrayList.forEach(ArrayList.java:1257)
	at org.junit.platform.engine.support.hierarchical.SameThreadHierarchicalTestExecutorService.invokeAll(SameThreadHierarchicalTestExecutorService.java:38)
	at org.junit.platform.engine.support.hierarchical.NodeTestTask.lambda$executeRecursively$5(NodeTestTask.java:139)
	at org.junit.platform.engine.support.hierarchical.ThrowableCollector.execute(ThrowableCollector.java:73)
	at org.junit.platform.engine.support.hierarchical.NodeTestTask.lambda$executeRecursively$7(NodeTestTask.java:125)
	at org.junit.platform.engine.support.hierarchical.Node.around(Node.java:135)
	at org.junit.platform.engine.support.hierarchical.NodeTestTask.lambda$executeRecursively$8(NodeTestTask.java:123)
	at org.junit.platform.engine.support.hierarchical.ThrowableCollector.execute(ThrowableCollector.java:73)
	at org.junit.platform.engine.support.hierarchical.NodeTestTask.executeRecursively(NodeTestTask.java:122)
	at org.junit.platform.engine.support.hierarchical.NodeTestTask.execute(NodeTestTask.java:80)
	at org.junit.platform.engine.support.hierarchical.SameThreadHierarchicalTestExecutorService.submit(SameThreadHierarchicalTestExecutorService.java:32)
	at org.junit.platform.engine.support.hierarchical.HierarchicalTestExecutor.execute(HierarchicalTestExecutor.java:57)
	at org.junit.platform.engine.support.hierarchical.HierarchicalTestEngine.execute(HierarchicalTestEngine.java:51)
	at org.junit.platform.launcher.core.DefaultLauncher.execute(DefaultLauncher.java:170)
	at org.junit.platform.launcher.core.DefaultLauncher.execute(DefaultLauncher.java:154)
	at org.junit.platform.launcher.core.DefaultLauncher.execute(DefaultLauncher.java:90)
	at org.junit.platform.console.tasks.ConsoleTestExecutor.executeTests(ConsoleTestExecutor.java:65)
	at org.junit.platform.console.tasks.ConsoleTestExecutor.lambda$execute$0(ConsoleTestExecutor.java:57)
	at org.junit.platform.console.tasks.CustomContextClassLoaderExecutor.invoke(CustomContextClassLoaderExecutor.java:33)
	at org.junit.platform.console.tasks.ConsoleTestExecutor.execute(ConsoleTestExecutor.java:57)
	at org.junit.platform.console.ConsoleLauncher.executeTests(ConsoleLauncher.java:84)
	at org.junit.platform.console.ConsoleLauncher.execute(ConsoleLauncher.java:74)
	at org.junit.platform.console.ConsoleLauncher.execute(ConsoleLauncher.java:47)
	at org.junit.platform.console.ConsoleLauncher.main(ConsoleLauncher.java:39)
]]></failure>
<system-out><![CDATA[
unique-id: [engine:junit-jupiter]/[class:scacchiera.pedine.ReTest]/[method:testGetCoordinateArrocco()]
display-name: testGetCoordinateArrocco()
]]></system-out>
</testcase>
<testcase name="testConvertiMossa()" classname="scacchiera.pedine.ReTest" time="0">
<failure message="Not yet implemented" type="org.opentest4j.AssertionFailedError"><![CDATA[org.opentest4j.AssertionFailedError: Not yet implemented
	at org.junit.jupiter.api.AssertionUtils.fail(AssertionUtils.java:39)
	at org.junit.jupiter.api.Assertions.fail(Assertions.java:109)
	at scacchiera.pedine.ReTest.testConvertiMossa(ReTest.java:26)
	at sun.reflect.NativeMethodAccessorImpl.invoke0(Native Method)
	at sun.reflect.NativeMethodAccessorImpl.invoke(NativeMethodAccessorImpl.java:62)
	at sun.reflect.DelegatingMethodAccessorImpl.invoke(DelegatingMethodAccessorImpl.java:43)
	at java.lang.reflect.Method.invoke(Method.java:498)
	at org.junit.platform.commons.util.ReflectionUtils.invokeMethod(ReflectionUtils.java:686)
	at org.junit.jupiter.engine.execution.MethodInvocation.proceed(MethodInvocation.java:60)
	at org.junit.jupiter.engine.execution.InvocationInterceptorChain$ValidatingInvocation.proceed(InvocationInterceptorChain.java:131)
	at org.junit.jupiter.engine.extension.TimeoutExtension.intercept(TimeoutExtension.java:149)
	at org.junit.jupiter.engine.extension.TimeoutExtension.interceptTestableMethod(TimeoutExtension.java:140)
	at org.junit.jupiter.engine.extension.TimeoutExtension.interceptTestMethod(TimeoutExtension.java:84)
	at org.junit.jupiter.engine.execution.ExecutableInvoker$ReflectiveInterceptorCall.lambda$ofVoidMethod$0(ExecutableInvoker.java:115)
	at org.junit.jupiter.engine.execution.ExecutableInvoker.lambda$invoke$0(ExecutableInvoker.java:105)
	at org.junit.jupiter.engine.execution.InvocationInterceptorChain$InterceptedInvocation.proceed(InvocationInterceptorChain.java:106)
	at org.junit.jupiter.engine.execution.InvocationInterceptorChain.proceed(InvocationInterceptorChain.java:64)
	at org.junit.jupiter.engine.execution.InvocationInterceptorChain.chainAndInvoke(InvocationInterceptorChain.java:45)
	at org.junit.jupiter.engine.execution.InvocationInterceptorChain.invoke(InvocationInterceptorChain.java:37)
	at org.junit.jupiter.engine.execution.ExecutableInvoker.invoke(ExecutableInvoker.java:104)
	at org.junit.jupiter.engine.execution.ExecutableInvoker.invoke(ExecutableInvoker.java:98)
	at org.junit.jupiter.engine.descriptor.TestMethodTestDescriptor.lambda$invokeTestMethod$6(TestMethodTestDescriptor.java:205)
	at org.junit.platform.engine.support.hierarchical.ThrowableCollector.execute(ThrowableCollector.java:73)
	at org.junit.jupiter.engine.descriptor.TestMethodTestDescriptor.invokeTestMethod(TestMethodTestDescriptor.java:201)
	at org.junit.jupiter.engine.descriptor.TestMethodTestDescriptor.execute(TestMethodTestDescriptor.java:137)
	at org.junit.jupiter.engine.descriptor.TestMethodTestDescriptor.execute(TestMethodTestDescriptor.java:71)
	at org.junit.platform.engine.support.hierarchical.NodeTestTask.lambda$executeRecursively$5(NodeTestTask.java:135)
	at org.junit.platform.engine.support.hierarchical.ThrowableCollector.execute(ThrowableCollector.java:73)
	at org.junit.platform.engine.support.hierarchical.NodeTestTask.lambda$executeRecursively$7(NodeTestTask.java:125)
	at org.junit.platform.engine.support.hierarchical.Node.around(Node.java:135)
	at org.junit.platform.engine.support.hierarchical.NodeTestTask.lambda$executeRecursively$8(NodeTestTask.java:123)
	at org.junit.platform.engine.support.hierarchical.ThrowableCollector.execute(ThrowableCollector.java:73)
	at org.junit.platform.engine.support.hierarchical.NodeTestTask.executeRecursively(NodeTestTask.java:122)
	at org.junit.platform.engine.support.hierarchical.NodeTestTask.execute(NodeTestTask.java:80)
	at java.util.ArrayList.forEach(ArrayList.java:1257)
	at org.junit.platform.engine.support.hierarchical.SameThreadHierarchicalTestExecutorService.invokeAll(SameThreadHierarchicalTestExecutorService.java:38)
	at org.junit.platform.engine.support.hierarchical.NodeTestTask.lambda$executeRecursively$5(NodeTestTask.java:139)
	at org.junit.platform.engine.support.hierarchical.ThrowableCollector.execute(ThrowableCollector.java:73)
	at org.junit.platform.engine.support.hierarchical.NodeTestTask.lambda$executeRecursively$7(NodeTestTask.java:125)
	at org.junit.platform.engine.support.hierarchical.Node.around(Node.java:135)
	at org.junit.platform.engine.support.hierarchical.NodeTestTask.lambda$executeRecursively$8(NodeTestTask.java:123)
	at org.junit.platform.engine.support.hierarchical.ThrowableCollector.execute(ThrowableCollector.java:73)
	at org.junit.platform.engine.support.hierarchical.NodeTestTask.executeRecursively(NodeTestTask.java:122)
	at org.junit.platform.engine.support.hierarchical.NodeTestTask.execute(NodeTestTask.java:80)
	at java.util.ArrayList.forEach(ArrayList.java:1257)
	at org.junit.platform.engine.support.hierarchical.SameThreadHierarchicalTestExecutorService.invokeAll(SameThreadHierarchicalTestExecutorService.java:38)
	at org.junit.platform.engine.support.hierarchical.NodeTestTask.lambda$executeRecursively$5(NodeTestTask.java:139)
	at org.junit.platform.engine.support.hierarchical.ThrowableCollector.execute(ThrowableCollector.java:73)
	at org.junit.platform.engine.support.hierarchical.NodeTestTask.lambda$executeRecursively$7(NodeTestTask.java:125)
	at org.junit.platform.engine.support.hierarchical.Node.around(Node.java:135)
	at org.junit.platform.engine.support.hierarchical.NodeTestTask.lambda$executeRecursively$8(NodeTestTask.java:123)
	at org.junit.platform.engine.support.hierarchical.ThrowableCollector.execute(ThrowableCollector.java:73)
	at org.junit.platform.engine.support.hierarchical.NodeTestTask.executeRecursively(NodeTestTask.java:122)
	at org.junit.platform.engine.support.hierarchical.NodeTestTask.execute(NodeTestTask.java:80)
	at org.junit.platform.engine.support.hierarchical.SameThreadHierarchicalTestExecutorService.submit(SameThreadHierarchicalTestExecutorService.java:32)
	at org.junit.platform.engine.support.hierarchical.HierarchicalTestExecutor.execute(HierarchicalTestExecutor.java:57)
	at org.junit.platform.engine.support.hierarchical.HierarchicalTestEngine.execute(HierarchicalTestEngine.java:51)
	at org.junit.platform.launcher.core.DefaultLauncher.execute(DefaultLauncher.java:170)
	at org.junit.platform.launcher.core.DefaultLauncher.execute(DefaultLauncher.java:154)
	at org.junit.platform.launcher.core.DefaultLauncher.execute(DefaultLauncher.java:90)
	at org.junit.platform.console.tasks.ConsoleTestExecutor.executeTests(ConsoleTestExecutor.java:65)
	at org.junit.platform.console.tasks.ConsoleTestExecutor.lambda$execute$0(ConsoleTestExecutor.java:57)
	at org.junit.platform.console.tasks.CustomContextClassLoaderExecutor.invoke(CustomContextClassLoaderExecutor.java:33)
	at org.junit.platform.console.tasks.ConsoleTestExecutor.execute(ConsoleTestExecutor.java:57)
	at org.junit.platform.console.ConsoleLauncher.executeTests(ConsoleLauncher.java:84)
	at org.junit.platform.console.ConsoleLauncher.execute(ConsoleLauncher.java:74)
	at org.junit.platform.console.ConsoleLauncher.execute(ConsoleLauncher.java:47)
	at org.junit.platform.console.ConsoleLauncher.main(ConsoleLauncher.java:39)
]]></failure>
<system-out><![CDATA[
unique-id: [engine:junit-jupiter]/[class:scacchiera.pedine.ReTest]/[method:testConvertiMossa()]
display-name: testConvertiMossa()
]]></system-out>
</testcase>
<testcase name="testIsPrimaMossaEffettuata()" classname="scacchiera.pedine.ReTest" time="0">
<failure message="Not yet implemented" type="org.opentest4j.AssertionFailedError"><![CDATA[org.opentest4j.AssertionFailedError: Not yet implemented
	at org.junit.jupiter.api.AssertionUtils.fail(AssertionUtils.java:39)
	at org.junit.jupiter.api.Assertions.fail(Assertions.java:109)
	at scacchiera.pedine.ReTest.testIsPrimaMossaEffettuata(ReTest.java:36)
	at sun.reflect.NativeMethodAccessorImpl.invoke0(Native Method)
	at sun.reflect.NativeMethodAccessorImpl.invoke(NativeMethodAccessorImpl.java:62)
	at sun.reflect.DelegatingMethodAccessorImpl.invoke(DelegatingMethodAccessorImpl.java:43)
	at java.lang.reflect.Method.invoke(Method.java:498)
	at org.junit.platform.commons.util.ReflectionUtils.invokeMethod(ReflectionUtils.java:686)
	at org.junit.jupiter.engine.execution.MethodInvocation.proceed(MethodInvocation.java:60)
	at org.junit.jupiter.engine.execution.InvocationInterceptorChain$ValidatingInvocation.proceed(InvocationInterceptorChain.java:131)
	at org.junit.jupiter.engine.extension.TimeoutExtension.intercept(TimeoutExtension.java:149)
	at org.junit.jupiter.engine.extension.TimeoutExtension.interceptTestableMethod(TimeoutExtension.java:140)
	at org.junit.jupiter.engine.extension.TimeoutExtension.interceptTestMethod(TimeoutExtension.java:84)
	at org.junit.jupiter.engine.execution.ExecutableInvoker$ReflectiveInterceptorCall.lambda$ofVoidMethod$0(ExecutableInvoker.java:115)
	at org.junit.jupiter.engine.execution.ExecutableInvoker.lambda$invoke$0(ExecutableInvoker.java:105)
	at org.junit.jupiter.engine.execution.InvocationInterceptorChain$InterceptedInvocation.proceed(InvocationInterceptorChain.java:106)
	at org.junit.jupiter.engine.execution.InvocationInterceptorChain.proceed(InvocationInterceptorChain.java:64)
	at org.junit.jupiter.engine.execution.InvocationInterceptorChain.chainAndInvoke(InvocationInterceptorChain.java:45)
	at org.junit.jupiter.engine.execution.InvocationInterceptorChain.invoke(InvocationInterceptorChain.java:37)
	at org.junit.jupiter.engine.execution.ExecutableInvoker.invoke(ExecutableInvoker.java:104)
	at org.junit.jupiter.engine.execution.ExecutableInvoker.invoke(ExecutableInvoker.java:98)
	at org.junit.jupiter.engine.descriptor.TestMethodTestDescriptor.lambda$invokeTestMethod$6(TestMethodTestDescriptor.java:205)
	at org.junit.platform.engine.support.hierarchical.ThrowableCollector.execute(ThrowableCollector.java:73)
	at org.junit.jupiter.engine.descriptor.TestMethodTestDescriptor.invokeTestMethod(TestMethodTestDescriptor.java:201)
	at org.junit.jupiter.engine.descriptor.TestMethodTestDescriptor.execute(TestMethodTestDescriptor.java:137)
	at org.junit.jupiter.engine.descriptor.TestMethodTestDescriptor.execute(TestMethodTestDescriptor.java:71)
	at org.junit.platform.engine.support.hierarchical.NodeTestTask.lambda$executeRecursively$5(NodeTestTask.java:135)
	at org.junit.platform.engine.support.hierarchical.ThrowableCollector.execute(ThrowableCollector.java:73)
	at org.junit.platform.engine.support.hierarchical.NodeTestTask.lambda$executeRecursively$7(NodeTestTask.java:125)
	at org.junit.platform.engine.support.hierarchical.Node.around(Node.java:135)
	at org.junit.platform.engine.support.hierarchical.NodeTestTask.lambda$executeRecursively$8(NodeTestTask.java:123)
	at org.junit.platform.engine.support.hierarchical.ThrowableCollector.execute(ThrowableCollector.java:73)
	at org.junit.platform.engine.support.hierarchical.NodeTestTask.executeRecursively(NodeTestTask.java:122)
	at org.junit.platform.engine.support.hierarchical.NodeTestTask.execute(NodeTestTask.java:80)
	at java.util.ArrayList.forEach(ArrayList.java:1257)
	at org.junit.platform.engine.support.hierarchical.SameThreadHierarchicalTestExecutorService.invokeAll(SameThreadHierarchicalTestExecutorService.java:38)
	at org.junit.platform.engine.support.hierarchical.NodeTestTask.lambda$executeRecursively$5(NodeTestTask.java:139)
	at org.junit.platform.engine.support.hierarchical.ThrowableCollector.execute(ThrowableCollector.java:73)
	at org.junit.platform.engine.support.hierarchical.NodeTestTask.lambda$executeRecursively$7(NodeTestTask.java:125)
	at org.junit.platform.engine.support.hierarchical.Node.around(Node.java:135)
	at org.junit.platform.engine.support.hierarchical.NodeTestTask.lambda$executeRecursively$8(NodeTestTask.java:123)
	at org.junit.platform.engine.support.hierarchical.ThrowableCollector.execute(ThrowableCollector.java:73)
	at org.junit.platform.engine.support.hierarchical.NodeTestTask.executeRecursively(NodeTestTask.java:122)
	at org.junit.platform.engine.support.hierarchical.NodeTestTask.execute(NodeTestTask.java:80)
	at java.util.ArrayList.forEach(ArrayList.java:1257)
	at org.junit.platform.engine.support.hierarchical.SameThreadHierarchicalTestExecutorService.invokeAll(SameThreadHierarchicalTestExecutorService.java:38)
	at org.junit.platform.engine.support.hierarchical.NodeTestTask.lambda$executeRecursively$5(NodeTestTask.java:139)
	at org.junit.platform.engine.support.hierarchical.ThrowableCollector.execute(ThrowableCollector.java:73)
	at org.junit.platform.engine.support.hierarchical.NodeTestTask.lambda$executeRecursively$7(NodeTestTask.java:125)
	at org.junit.platform.engine.support.hierarchical.Node.around(Node.java:135)
	at org.junit.platform.engine.support.hierarchical.NodeTestTask.lambda$executeRecursively$8(NodeTestTask.java:123)
	at org.junit.platform.engine.support.hierarchical.ThrowableCollector.execute(ThrowableCollector.java:73)
	at org.junit.platform.engine.support.hierarchical.NodeTestTask.executeRecursively(NodeTestTask.java:122)
	at org.junit.platform.engine.support.hierarchical.NodeTestTask.execute(NodeTestTask.java:80)
	at org.junit.platform.engine.support.hierarchical.SameThreadHierarchicalTestExecutorService.submit(SameThreadHierarchicalTestExecutorService.java:32)
	at org.junit.platform.engine.support.hierarchical.HierarchicalTestExecutor.execute(HierarchicalTestExecutor.java:57)
	at org.junit.platform.engine.support.hierarchical.HierarchicalTestEngine.execute(HierarchicalTestEngine.java:51)
	at org.junit.platform.launcher.core.DefaultLauncher.execute(DefaultLauncher.java:170)
	at org.junit.platform.launcher.core.DefaultLauncher.execute(DefaultLauncher.java:154)
	at org.junit.platform.launcher.core.DefaultLauncher.execute(DefaultLauncher.java:90)
	at org.junit.platform.console.tasks.ConsoleTestExecutor.executeTests(ConsoleTestExecutor.java:65)
	at org.junit.platform.console.tasks.ConsoleTestExecutor.lambda$execute$0(ConsoleTestExecutor.java:57)
	at org.junit.platform.console.tasks.CustomContextClassLoaderExecutor.invoke(CustomContextClassLoaderExecutor.java:33)
	at org.junit.platform.console.tasks.ConsoleTestExecutor.execute(ConsoleTestExecutor.java:57)
	at org.junit.platform.console.ConsoleLauncher.executeTests(ConsoleLauncher.java:84)
	at org.junit.platform.console.ConsoleLauncher.execute(ConsoleLauncher.java:74)
	at org.junit.platform.console.ConsoleLauncher.execute(ConsoleLauncher.java:47)
	at org.junit.platform.console.ConsoleLauncher.main(ConsoleLauncher.java:39)
]]></failure>
<system-out><![CDATA[
unique-id: [engine:junit-jupiter]/[class:scacchiera.pedine.ReTest]/[method:testIsPrimaMossaEffettuata()]
display-name: testIsPrimaMossaEffettuata()
]]></system-out>
</testcase>
<testcase name="testIsMossaValida()" classname="scacchiera.pedine.ReTest" time="0">
<failure message="Not yet implemented" type="org.opentest4j.AssertionFailedError"><![CDATA[org.opentest4j.AssertionFailedError: Not yet implemented
	at org.junit.jupiter.api.AssertionUtils.fail(AssertionUtils.java:39)
	at org.junit.jupiter.api.Assertions.fail(Assertions.java:109)
	at scacchiera.pedine.ReTest.testIsMossaValida(ReTest.java:11)
	at sun.reflect.NativeMethodAccessorImpl.invoke0(Native Method)
	at sun.reflect.NativeMethodAccessorImpl.invoke(NativeMethodAccessorImpl.java:62)
	at sun.reflect.DelegatingMethodAccessorImpl.invoke(DelegatingMethodAccessorImpl.java:43)
	at java.lang.reflect.Method.invoke(Method.java:498)
	at org.junit.platform.commons.util.ReflectionUtils.invokeMethod(ReflectionUtils.java:686)
	at org.junit.jupiter.engine.execution.MethodInvocation.proceed(MethodInvocation.java:60)
	at org.junit.jupiter.engine.execution.InvocationInterceptorChain$ValidatingInvocation.proceed(InvocationInterceptorChain.java:131)
	at org.junit.jupiter.engine.extension.TimeoutExtension.intercept(TimeoutExtension.java:149)
	at org.junit.jupiter.engine.extension.TimeoutExtension.interceptTestableMethod(TimeoutExtension.java:140)
	at org.junit.jupiter.engine.extension.TimeoutExtension.interceptTestMethod(TimeoutExtension.java:84)
	at org.junit.jupiter.engine.execution.ExecutableInvoker$ReflectiveInterceptorCall.lambda$ofVoidMethod$0(ExecutableInvoker.java:115)
	at org.junit.jupiter.engine.execution.ExecutableInvoker.lambda$invoke$0(ExecutableInvoker.java:105)
	at org.junit.jupiter.engine.execution.InvocationInterceptorChain$InterceptedInvocation.proceed(InvocationInterceptorChain.java:106)
	at org.junit.jupiter.engine.execution.InvocationInterceptorChain.proceed(InvocationInterceptorChain.java:64)
	at org.junit.jupiter.engine.execution.InvocationInterceptorChain.chainAndInvoke(InvocationInterceptorChain.java:45)
	at org.junit.jupiter.engine.execution.InvocationInterceptorChain.invoke(InvocationInterceptorChain.java:37)
	at org.junit.jupiter.engine.execution.ExecutableInvoker.invoke(ExecutableInvoker.java:104)
	at org.junit.jupiter.engine.execution.ExecutableInvoker.invoke(ExecutableInvoker.java:98)
	at org.junit.jupiter.engine.descriptor.TestMethodTestDescriptor.lambda$invokeTestMethod$6(TestMethodTestDescriptor.java:205)
	at org.junit.platform.engine.support.hierarchical.ThrowableCollector.execute(ThrowableCollector.java:73)
	at org.junit.jupiter.engine.descriptor.TestMethodTestDescriptor.invokeTestMethod(TestMethodTestDescriptor.java:201)
	at org.junit.jupiter.engine.descriptor.TestMethodTestDescriptor.execute(TestMethodTestDescriptor.java:137)
	at org.junit.jupiter.engine.descriptor.TestMethodTestDescriptor.execute(TestMethodTestDescriptor.java:71)
	at org.junit.platform.engine.support.hierarchical.NodeTestTask.lambda$executeRecursively$5(NodeTestTask.java:135)
	at org.junit.platform.engine.support.hierarchical.ThrowableCollector.execute(ThrowableCollector.java:73)
	at org.junit.platform.engine.support.hierarchical.NodeTestTask.lambda$executeRecursively$7(NodeTestTask.java:125)
	at org.junit.platform.engine.support.hierarchical.Node.around(Node.java:135)
	at org.junit.platform.engine.support.hierarchical.NodeTestTask.lambda$executeRecursively$8(NodeTestTask.java:123)
	at org.junit.platform.engine.support.hierarchical.ThrowableCollector.execute(ThrowableCollector.java:73)
	at org.junit.platform.engine.support.hierarchical.NodeTestTask.executeRecursively(NodeTestTask.java:122)
	at org.junit.platform.engine.support.hierarchical.NodeTestTask.execute(NodeTestTask.java:80)
	at java.util.ArrayList.forEach(ArrayList.java:1257)
	at org.junit.platform.engine.support.hierarchical.SameThreadHierarchicalTestExecutorService.invokeAll(SameThreadHierarchicalTestExecutorService.java:38)
	at org.junit.platform.engine.support.hierarchical.NodeTestTask.lambda$executeRecursively$5(NodeTestTask.java:139)
	at org.junit.platform.engine.support.hierarchical.ThrowableCollector.execute(ThrowableCollector.java:73)
	at org.junit.platform.engine.support.hierarchical.NodeTestTask.lambda$executeRecursively$7(NodeTestTask.java:125)
	at org.junit.platform.engine.support.hierarchical.Node.around(Node.java:135)
	at org.junit.platform.engine.support.hierarchical.NodeTestTask.lambda$executeRecursively$8(NodeTestTask.java:123)
	at org.junit.platform.engine.support.hierarchical.ThrowableCollector.execute(ThrowableCollector.java:73)
	at org.junit.platform.engine.support.hierarchical.NodeTestTask.executeRecursively(NodeTestTask.java:122)
	at org.junit.platform.engine.support.hierarchical.NodeTestTask.execute(NodeTestTask.java:80)
	at java.util.ArrayList.forEach(ArrayList.java:1257)
	at org.junit.platform.engine.support.hierarchical.SameThreadHierarchicalTestExecutorService.invokeAll(SameThreadHierarchicalTestExecutorService.java:38)
	at org.junit.platform.engine.support.hierarchical.NodeTestTask.lambda$executeRecursively$5(NodeTestTask.java:139)
	at org.junit.platform.engine.support.hierarchical.ThrowableCollector.execute(ThrowableCollector.java:73)
	at org.junit.platform.engine.support.hierarchical.NodeTestTask.lambda$executeRecursively$7(NodeTestTask.java:125)
	at org.junit.platform.engine.support.hierarchical.Node.around(Node.java:135)
	at org.junit.platform.engine.support.hierarchical.NodeTestTask.lambda$executeRecursively$8(NodeTestTask.java:123)
	at org.junit.platform.engine.support.hierarchical.ThrowableCollector.execute(ThrowableCollector.java:73)
	at org.junit.platform.engine.support.hierarchical.NodeTestTask.executeRecursively(NodeTestTask.java:122)
	at org.junit.platform.engine.support.hierarchical.NodeTestTask.execute(NodeTestTask.java:80)
	at org.junit.platform.engine.support.hierarchical.SameThreadHierarchicalTestExecutorService.submit(SameThreadHierarchicalTestExecutorService.java:32)
	at org.junit.platform.engine.support.hierarchical.HierarchicalTestExecutor.execute(HierarchicalTestExecutor.java:57)
	at org.junit.platform.engine.support.hierarchical.HierarchicalTestEngine.execute(HierarchicalTestEngine.java:51)
	at org.junit.platform.launcher.core.DefaultLauncher.execute(DefaultLauncher.java:170)
	at org.junit.platform.launcher.core.DefaultLauncher.execute(DefaultLauncher.java:154)
	at org.junit.platform.launcher.core.DefaultLauncher.execute(DefaultLauncher.java:90)
	at org.junit.platform.console.tasks.ConsoleTestExecutor.executeTests(ConsoleTestExecutor.java:65)
	at org.junit.platform.console.tasks.ConsoleTestExecutor.lambda$execute$0(ConsoleTestExecutor.java:57)
	at org.junit.platform.console.tasks.CustomContextClassLoaderExecutor.invoke(CustomContextClassLoaderExecutor.java:33)
	at org.junit.platform.console.tasks.ConsoleTestExecutor.execute(ConsoleTestExecutor.java:57)
	at org.junit.platform.console.ConsoleLauncher.executeTests(ConsoleLauncher.java:84)
	at org.junit.platform.console.ConsoleLauncher.execute(ConsoleLauncher.java:74)
	at org.junit.platform.console.ConsoleLauncher.execute(ConsoleLauncher.java:47)
	at org.junit.platform.console.ConsoleLauncher.main(ConsoleLauncher.java:39)
]]></failure>
<system-out><![CDATA[
unique-id: [engine:junit-jupiter]/[class:scacchiera.pedine.ReTest]/[method:testIsMossaValida()]
display-name: testIsMossaValida()
>>>>>>> Riparazione conflitti
=======
]]></system-out>
</testcase>
<testcase name="testIsNotazioneAlgebrica()" classname="gioco.MenuTest" time="0.004">
<system-out><![CDATA[
unique-id: [engine:junit-jupiter]/[class:gioco.MenuTest]/[method:testIsNotazioneAlgebrica()]
display-name: testIsNotazioneAlgebrica()
]]></system-out>
</testcase>
<testcase name="testIsComandoValido()" classname="gioco.MenuTest" time="0">
<system-out><![CDATA[
unique-id: [engine:junit-jupiter]/[class:gioco.MenuTest]/[method:testIsComandoValido()]
display-name: testIsComandoValido()
]]></system-out>
</testcase>
<testcase name="testIsArrocco()" classname="gioco.MenuTest" time="0">
<system-out><![CDATA[
unique-id: [engine:junit-jupiter]/[class:gioco.MenuTest]/[method:testIsArrocco()]
display-name: testIsArrocco()
]]></system-out>
</testcase>
<testcase name="test()" classname="scacchiera.pedine.ReTest" time="0">
<system-out><![CDATA[
unique-id: [engine:junit-jupiter]/[class:scacchiera.pedine.ReTest]/[method:test()]
display-name: test()
>>>>>>> Implementazione test classi comando, giocatore, turno, pezzo e scacchiera
]]></system-out>
</testcase>
<testcase name="testAddPezziCatturati()" classname="gioco.GiocatoreTest" time="0.001">
<system-out><![CDATA[
unique-id: [engine:junit-jupiter]/[class:gioco.GiocatoreTest]/[method:testAddPezziCatturati()]
display-name: testAddPezziCatturati()
]]></system-out>
</testcase>
<testcase name="testIsEmptyPezziCatturati()" classname="gioco.GiocatoreTest" time="0.001">
<system-out><![CDATA[
unique-id: [engine:junit-jupiter]/[class:gioco.GiocatoreTest]/[method:testIsEmptyPezziCatturati()]
display-name: testIsEmptyPezziCatturati()
]]></system-out>
</testcase>
<testcase name="testGetNome()" classname="gioco.GiocatoreTest" time="0">
<system-out><![CDATA[
unique-id: [engine:junit-jupiter]/[class:gioco.GiocatoreTest]/[method:testGetNome()]
display-name: testGetNome()
]]></system-out>
</testcase>
<testcase name="testGetPezziCatturati()" classname="gioco.GiocatoreTest" time="0">
<system-out><![CDATA[
unique-id: [engine:junit-jupiter]/[class:gioco.GiocatoreTest]/[method:testGetPezziCatturati()]
display-name: testGetPezziCatturati()
]]></system-out>
</testcase>
<<<<<<< HEAD
<<<<<<< HEAD
<<<<<<< HEAD
=======
>>>>>>> Implementazione test classi comando, giocatore, turno, pezzo e scacchiera
<testcase name="testRemovePezzoCatturato()" classname="gioco.GiocatoreTest" time="0">
=======
<testcase name="testRemovePezzoCatturato()" classname="gioco.GiocatoreTest" time="0.001">
>>>>>>> Risoluzione errori checkstyle e miglioramento codice
<system-out><![CDATA[
unique-id: [engine:junit-jupiter]/[class:gioco.GiocatoreTest]/[method:testRemovePezzoCatturato()]
display-name: testRemovePezzoCatturato()
]]></system-out>
</testcase>
<<<<<<< HEAD
=======
>>>>>>> Riparazione conflitti
=======
>>>>>>> Implementazione test classi comando, giocatore, turno, pezzo e scacchiera
<testcase name="testGetColore()" classname="gioco.GiocatoreTest" time="0">
<system-out><![CDATA[
unique-id: [engine:junit-jupiter]/[class:gioco.GiocatoreTest]/[method:testGetColore()]
display-name: testGetColore()
]]></system-out>
</testcase>
<testcase name="testToString()" classname="gioco.ComandoTest" time="0">
<system-out><![CDATA[
unique-id: [engine:junit-jupiter]/[class:gioco.ComandoTest]/[method:testToString()]
display-name: testToString()
]]></system-out>
</testcase>
<<<<<<< HEAD
<<<<<<< HEAD
<testcase name="testGetNome()" classname="gioco.ComandoTest" time="0">
=======
<testcase name="testGetNome()" classname="gioco.ComandoTest" time="0.001">
>>>>>>> Riparazione conflitti
=======
<testcase name="testGetNome()" classname="gioco.ComandoTest" time="0">
>>>>>>> Implementazione test classi comando, giocatore, turno, pezzo e scacchiera
<system-out><![CDATA[
unique-id: [engine:junit-jupiter]/[class:gioco.ComandoTest]/[method:testGetNome()]
display-name: testGetNome()
]]></system-out>
</testcase>
<testcase name="testConvertiMossaFull()" classname="scacchiera.pedine.CavalloTest" time="0">
<system-out><![CDATA[
unique-id: [engine:junit-jupiter]/[class:scacchiera.pedine.CavalloTest]/[method:testConvertiMossaFull()]
display-name: testConvertiMossaFull()
]]></system-out>
</testcase>
<testcase name="testConvertiMossaAmbiguitaTravSx1()" classname="scacchiera.pedine.CavalloTest" time="0.002">
<system-out><![CDATA[
unique-id: [engine:junit-jupiter]/[class:scacchiera.pedine.CavalloTest]/[method:testConvertiMossaAmbiguitaTravSx1()]
display-name: testConvertiMossaAmbiguitaTravSx1()
]]></system-out>
</testcase>
<testcase name="testConvertiMossaAmbiguitaTravSx2()" classname="scacchiera.pedine.CavalloTest" time="0.001">
<system-out><![CDATA[
unique-id: [engine:junit-jupiter]/[class:scacchiera.pedine.CavalloTest]/[method:testConvertiMossaAmbiguitaTravSx2()]
display-name: testConvertiMossaAmbiguitaTravSx2()
]]></system-out>
</testcase>
<testcase name="testConvertiMossab4()" classname="scacchiera.pedine.CavalloTest" time="0.001">
<system-out><![CDATA[
unique-id: [engine:junit-jupiter]/[class:scacchiera.pedine.CavalloTest]/[method:testConvertiMossab4()]
display-name: testConvertiMossab4()
]]></system-out>
</testcase>
<testcase name="testConvertiMossab6()" classname="scacchiera.pedine.CavalloTest" time="0.001">
<system-out><![CDATA[
unique-id: [engine:junit-jupiter]/[class:scacchiera.pedine.CavalloTest]/[method:testConvertiMossab6()]
display-name: testConvertiMossab6()
]]></system-out>
</testcase>
<testcase name="testConvertiMossac3()" classname="scacchiera.pedine.CavalloTest" time="0">
<system-out><![CDATA[
unique-id: [engine:junit-jupiter]/[class:scacchiera.pedine.CavalloTest]/[method:testConvertiMossac3()]
display-name: testConvertiMossac3()
]]></system-out>
</testcase>
<testcase name="testConvertiMossac7()" classname="scacchiera.pedine.CavalloTest" time="0.001">
<system-out><![CDATA[
unique-id: [engine:junit-jupiter]/[class:scacchiera.pedine.CavalloTest]/[method:testConvertiMossac7()]
display-name: testConvertiMossac7()
]]></system-out>
</testcase>
<testcase name="testConvertiMossae3()" classname="scacchiera.pedine.CavalloTest" time="0.001">
<system-out><![CDATA[
unique-id: [engine:junit-jupiter]/[class:scacchiera.pedine.CavalloTest]/[method:testConvertiMossae3()]
display-name: testConvertiMossae3()
]]></system-out>
</testcase>
<testcase name="testConvertiMossae7()" classname="scacchiera.pedine.CavalloTest" time="0">
<system-out><![CDATA[
unique-id: [engine:junit-jupiter]/[class:scacchiera.pedine.CavalloTest]/[method:testConvertiMossae7()]
display-name: testConvertiMossae7()
]]></system-out>
</testcase>
<testcase name="testConvertiMossaf4()" classname="scacchiera.pedine.CavalloTest" time="0">
<system-out><![CDATA[
unique-id: [engine:junit-jupiter]/[class:scacchiera.pedine.CavalloTest]/[method:testConvertiMossaf4()]
display-name: testConvertiMossaf4()
]]></system-out>
</testcase>
<testcase name="testConvertiMossaf6()" classname="scacchiera.pedine.CavalloTest" time="0.001">
<system-out><![CDATA[
unique-id: [engine:junit-jupiter]/[class:scacchiera.pedine.CavalloTest]/[method:testConvertiMossaf6()]
display-name: testConvertiMossaf6()
]]></system-out>
</testcase>
<testcase name="testConvertiMossaCatturaFinaleVuota()" classname="scacchiera.pedine.CavalloTest" time="0">
<system-out><![CDATA[
unique-id: [engine:junit-jupiter]/[class:scacchiera.pedine.CavalloTest]/[method:testConvertiMossaCatturaFinaleVuota()]
display-name: testConvertiMossaCatturaFinaleVuota()
]]></system-out>
</testcase>
<testcase name="testIsMossaValidab4()" classname="scacchiera.pedine.CavalloTest" time="0">
<system-out><![CDATA[
unique-id: [engine:junit-jupiter]/[class:scacchiera.pedine.CavalloTest]/[method:testIsMossaValidab4()]
display-name: testIsMossaValidab4()
]]></system-out>
</testcase>
<testcase name="testIsMossaValidab6()" classname="scacchiera.pedine.CavalloTest" time="0.001">
<system-out><![CDATA[
unique-id: [engine:junit-jupiter]/[class:scacchiera.pedine.CavalloTest]/[method:testIsMossaValidab6()]
display-name: testIsMossaValidab6()
]]></system-out>
</testcase>
<testcase name="testIsMossaValidac3()" classname="scacchiera.pedine.CavalloTest" time="0">
<system-out><![CDATA[
unique-id: [engine:junit-jupiter]/[class:scacchiera.pedine.CavalloTest]/[method:testIsMossaValidac3()]
display-name: testIsMossaValidac3()
]]></system-out>
</testcase>
<testcase name="testIsMossaValidae3()" classname="scacchiera.pedine.CavalloTest" time="0.001">
<system-out><![CDATA[
unique-id: [engine:junit-jupiter]/[class:scacchiera.pedine.CavalloTest]/[method:testIsMossaValidae3()]
display-name: testIsMossaValidae3()
]]></system-out>
</testcase>
<testcase name="testIsMossaValidae7()" classname="scacchiera.pedine.CavalloTest" time="0.001">
<system-out><![CDATA[
unique-id: [engine:junit-jupiter]/[class:scacchiera.pedine.CavalloTest]/[method:testIsMossaValidae7()]
display-name: testIsMossaValidae7()
]]></system-out>
</testcase>
<testcase name="testIsMossaValidaf4()" classname="scacchiera.pedine.CavalloTest" time="0">
<system-out><![CDATA[
unique-id: [engine:junit-jupiter]/[class:scacchiera.pedine.CavalloTest]/[method:testIsMossaValidaf4()]
display-name: testIsMossaValidaf4()
]]></system-out>
</testcase>
<testcase name="testIsMossaValidaf6()" classname="scacchiera.pedine.CavalloTest" time="0.001">
<system-out><![CDATA[
unique-id: [engine:junit-jupiter]/[class:scacchiera.pedine.CavalloTest]/[method:testIsMossaValidaf6()]
display-name: testIsMossaValidaf6()
]]></system-out>
</testcase>
<testcase name="testConvertiMossaAmbiguitaColonnaDx()" classname="scacchiera.pedine.CavalloTest" time="0">
<system-out><![CDATA[
unique-id: [engine:junit-jupiter]/[class:scacchiera.pedine.CavalloTest]/[method:testConvertiMossaAmbiguitaColonnaDx()]
display-name: testConvertiMossaAmbiguitaColonnaDx()
]]></system-out>
</testcase>
<testcase name="testIsMossaValidaEndOccupato()" classname="scacchiera.pedine.CavalloTest" time="0">
<system-out><![CDATA[
unique-id: [engine:junit-jupiter]/[class:scacchiera.pedine.CavalloTest]/[method:testIsMossaValidaEndOccupato()]
display-name: testIsMossaValidaEndOccupato()
]]></system-out>
</testcase>
<testcase name="testConvertiMossaAmbiguitaTrav2()" classname="scacchiera.pedine.CavalloTest" time="0.001">
<system-out><![CDATA[
unique-id: [engine:junit-jupiter]/[class:scacchiera.pedine.CavalloTest]/[method:testConvertiMossaAmbiguitaTrav2()]
display-name: testConvertiMossaAmbiguitaTrav2()
]]></system-out>
</testcase>
<testcase name="testConvertiMossaAmbiguitaTrav()" classname="scacchiera.pedine.CavalloTest" time="0">
<system-out><![CDATA[
unique-id: [engine:junit-jupiter]/[class:scacchiera.pedine.CavalloTest]/[method:testConvertiMossaAmbiguitaTrav()]
display-name: testConvertiMossaAmbiguitaTrav()
]]></system-out>
</testcase>
<testcase name="testisMossaValidac7()" classname="scacchiera.pedine.CavalloTest" time="0.003">
<system-out><![CDATA[
unique-id: [engine:junit-jupiter]/[class:scacchiera.pedine.CavalloTest]/[method:testisMossaValidac7()]
display-name: testisMossaValidac7()
]]></system-out>
</testcase>
<testcase name="testConvertiMossaAmbiguitaColonna()" classname="scacchiera.pedine.CavalloTest" time="0.001">
<system-out><![CDATA[
unique-id: [engine:junit-jupiter]/[class:scacchiera.pedine.CavalloTest]/[method:testConvertiMossaAmbiguitaColonna()]
display-name: testConvertiMossaAmbiguitaColonna()
]]></system-out>
</testcase>
<testcase name="testConvertiMossaCatturaAmbiguitaTrav()" classname="scacchiera.pedine.CavalloTest" time="0.001">
<system-out><![CDATA[
unique-id: [engine:junit-jupiter]/[class:scacchiera.pedine.CavalloTest]/[method:testConvertiMossaCatturaAmbiguitaTrav()]
display-name: testConvertiMossaCatturaAmbiguitaTrav()
]]></system-out>
</testcase>
<testcase name="testConvertiMossaAmbiguitaColonnaPiena()" classname="scacchiera.pedine.CavalloTest" time="0.001">
<system-out><![CDATA[
unique-id: [engine:junit-jupiter]/[class:scacchiera.pedine.CavalloTest]/[method:testConvertiMossaAmbiguitaColonnaPiena()]
display-name: testConvertiMossaAmbiguitaColonnaPiena()
]]></system-out>
</testcase>
<testcase name="testConvertiMossaCattura()" classname="scacchiera.pedine.CavalloTest" time="0">
<system-out><![CDATA[
unique-id: [engine:junit-jupiter]/[class:scacchiera.pedine.CavalloTest]/[method:testConvertiMossaCattura()]
display-name: testConvertiMossaCattura()
]]></system-out>
</testcase>
<testcase name="testConvertiMossaAmbiguitaTravFull()" classname="scacchiera.pedine.CavalloTest" time="0">
<system-out><![CDATA[
unique-id: [engine:junit-jupiter]/[class:scacchiera.pedine.CavalloTest]/[method:testConvertiMossaAmbiguitaTravFull()]
display-name: testConvertiMossaAmbiguitaTravFull()
]]></system-out>
</testcase>
<testcase name="testConvertiMossaAmbiguitaColonnaDx2()" classname="scacchiera.pedine.CavalloTest" time="0.001">
<system-out><![CDATA[
unique-id: [engine:junit-jupiter]/[class:scacchiera.pedine.CavalloTest]/[method:testConvertiMossaAmbiguitaColonnaDx2()]
display-name: testConvertiMossaAmbiguitaColonnaDx2()
]]></system-out>
</testcase>
<testcase name="testConvertiMossaCatturaAmbiguitaTravEmpty()" classname="scacchiera.pedine.CavalloTest" time="0.003">
<system-out><![CDATA[
unique-id: [engine:junit-jupiter]/[class:scacchiera.pedine.CavalloTest]/[method:testConvertiMossaCatturaAmbiguitaTravEmpty()]
display-name: testConvertiMossaCatturaAmbiguitaTravEmpty()
]]></system-out>
</testcase>
<testcase name="testConvertiMossaCatturaAmbiguitaColonne()" classname="scacchiera.pedine.CavalloTest" time="0">
<system-out><![CDATA[
unique-id: [engine:junit-jupiter]/[class:scacchiera.pedine.CavalloTest]/[method:testConvertiMossaCatturaAmbiguitaColonne()]
display-name: testConvertiMossaCatturaAmbiguitaColonne()
]]></system-out>
</testcase>
<<<<<<< HEAD
<<<<<<< HEAD
<<<<<<< HEAD
<testcase name="testIsMossaValida()" classname="scacchiera.pedine.CavalloTest" time="0.001">
=======
<testcase name="testIsMossaValida()" classname="scacchiera.pedine.CavalloTest" time="0">
>>>>>>> Riparazione conflitti
=======
<testcase name="testIsMossaValida()" classname="scacchiera.pedine.CavalloTest" time="0.001">
>>>>>>> Implementazione test classi comando, giocatore, turno, pezzo e scacchiera
=======
<testcase name="testConvertiMossaCatturaAmbiguitaColonneEmpty()" classname="scacchiera.pedine.CavalloTest" time="0">
>>>>>>> Risoluzione errori checkstyle e miglioramento codice
<system-out><![CDATA[
unique-id: [engine:junit-jupiter]/[class:scacchiera.pedine.CavalloTest]/[method:testConvertiMossaCatturaAmbiguitaColonneEmpty()]
display-name: testConvertiMossaCatturaAmbiguitaColonneEmpty()
]]></system-out>
</testcase>
<system-out><![CDATA[
unique-id: [engine:junit-jupiter]
display-name: JUnit Jupiter
]]></system-out>
</testsuite>
