<?xml version="1.0" encoding="UTF-8"?>
<testsuite name="JUnit Jupiter" tests="146" skipped="0" failures="0" errors="0" time="0.523" hostname="DESKTOP-4L7G6SD" timestamp="2020-05-26T01:19:50">
<properties>
<property name="awt.toolkit" value="sun.awt.windows.WToolkit"/>
<property name="file.encoding" value="windows-1252"/>
<property name="file.encoding.pkg" value="sun.io"/>
<property name="file.separator" value="\"/>
<property name="java.awt.graphicsenv" value="sun.awt.Win32GraphicsEnvironment"/>
<property name="java.awt.printerjob" value="sun.awt.windows.WPrinterJob"/>
<property name="java.class.path" value="C:\Users\Gregorio\eclipse-workspace\scacchi\build\classes\java\test;C:\Users\Gregorio\eclipse-workspace\scacchi\build\resources\test;C:\Users\Gregorio\eclipse-workspace\scacchi\build\classes\java\main;C:\Users\Gregorio\eclipse-workspace\scacchi\build\resources\main;C:\Users\Gregorio\.gradle\caches\modules-2\files-2.1\com.google.apis\google-api-services-drive\v3-rev154-1.25.0\b840aeb45c31b97e28f365667f93bbd86fd8790d\google-api-services-drive-v3-rev154-1.25.0.jar;C:\Users\Gregorio\.gradle\caches\modules-2\files-2.1\com.google.api-client\google-api-client\1.25.0\e7ff725e89ff5dcbed107be1a24e8102ae2441ee\google-api-client-1.25.0.jar;C:\Users\Gregorio\.gradle\caches\modules-2\files-2.1\com.google.oauth-client\google-oauth-client-jetty\1.23.0\e0deaf34371e9ca09f9a04bcbaa854243283cae4\google-oauth-client-jetty-1.23.0.jar;C:\Users\Gregorio\.gradle\caches\modules-2\files-2.1\com.google.guava\guava\21.0\3a3d111be1be1b745edfa7d91678a12d7ed38709\guava-21.0.jar;C:\Users\Gregorio\.gradle\caches\modules-2\files-2.1\org.junit.vintage\junit-vintage-engine\5.6.0\a8e5f7ae69043582a5ab05bdaa62ba4406f403f0\junit-vintage-engine-5.6.0.jar;C:\Users\Gregorio\.gradle\caches\modules-2\files-2.1\org.junit.platform\junit-platform-engine\1.6.0\a3a6ec96c010875444b3ca31828108093758ec00\junit-platform-engine-1.6.0.jar;C:\Users\Gregorio\.gradle\caches\modules-2\files-2.1\org.junit.platform\junit-platform-commons\1.6.0\b0a75795cf03841d4f9cc54099557baffc11c727\junit-platform-commons-1.6.0.jar;C:\Users\Gregorio\.gradle\caches\modules-2\files-2.1\org.junit.jupiter\junit-jupiter-engine\5.6.0\83c9e737f6015d9e00029b9b1d51e952a884b8f9\junit-jupiter-engine-5.6.0.jar;C:\Users\Gregorio\.gradle\caches\modules-2\files-2.1\org.junit.jupiter\junit-jupiter-api\5.6.0\f29e6318333d2303ce4965c9819cfad08de7d1e5\junit-jupiter-api-5.6.0.jar;C:\Users\Gregorio\.gradle\caches\modules-2\files-2.1\junit\junit\4.13\e49ccba652b735c93bd6e6f59760d8254cf597dd\junit-4.13.jar;C:\Users\Gregorio\.gradle\caches\modules-2\files-2.1\com.google.oauth-client\google-oauth-client-java6\1.23.0\7acbddf56c4ad04efc9d3b48fe015e6250241bf0\google-oauth-client-java6-1.23.0.jar;C:\Users\Gregorio\.gradle\caches\modules-2\files-2.1\com.google.oauth-client\google-oauth-client\1.25.0\c9ee14e8b095b4b301b28d57755cc482b8d6f39f\google-oauth-client-1.25.0.jar;C:\Users\Gregorio\.gradle\caches\modules-2\files-2.1\com.google.http-client\google-http-client-jackson2\1.25.0\7c5c89bd4d0d34d9f1cb3396e8da6233e5074b5c\google-http-client-jackson2-1.25.0.jar;C:\Users\Gregorio\.gradle\caches\modules-2\files-2.1\org.mortbay.jetty\jetty\6.1.26\2f546e289fddd5b1fab1d4199fbb6e9ef43ee4b0\jetty-6.1.26.jar;C:\Users\Gregorio\.gradle\caches\modules-2\files-2.1\org.apiguardian\apiguardian-api\1.1.0\fc9dff4bb36d627bdc553de77e1f17efd790876c\apiguardian-api-1.1.0.jar;C:\Users\Gregorio\.gradle\caches\modules-2\files-2.1\org.opentest4j\opentest4j\1.2.0\28c11eb91f9b6d8e200631d46e20a7f407f2a046\opentest4j-1.2.0.jar;C:\Users\Gregorio\.gradle\caches\modules-2\files-2.1\org.hamcrest\hamcrest-core\1.3\42a25dc3219429f0e5d060061f71acb49bf010a0\hamcrest-core-1.3.jar;C:\Users\Gregorio\.gradle\caches\modules-2\files-2.1\org.mortbay.jetty\jetty-util\6.1.26\e5642fe0399814e1687d55a3862aa5a3417226a9\jetty-util-6.1.26.jar;C:\Users\Gregorio\.gradle\caches\modules-2\files-2.1\org.mortbay.jetty\servlet-api\2.5-20081211\22bff70037e1e6fa7e6413149489552ee2064702\servlet-api-2.5-20081211.jar;C:\Users\Gregorio\.gradle\caches\modules-2\files-2.1\com.google.http-client\google-http-client\1.25.0\5fb16523c393bfe0210c29db44742bd308311841\google-http-client-1.25.0.jar;C:\Users\Gregorio\.gradle\caches\modules-2\files-2.1\com.google.code.findbugs\jsr305\3.0.2\25ea2e8b0c338a877313bd4672d3fe056ea78f0d\jsr305-3.0.2.jar;C:\Users\Gregorio\.gradle\caches\modules-2\files-2.1\com.fasterxml.jackson.core\jackson-core\2.9.6\4e393793c37c77e042ccc7be5a914ae39251b365\jackson-core-2.9.6.jar;C:\Users\Gregorio\.gradle\caches\modules-2\files-2.1\org.apache.httpcomponents\httpclient\4.5.5\1603dfd56ebcd583ccdf337b6c3984ac55d89e58\httpclient-4.5.5.jar;C:\Users\Gregorio\.gradle\caches\modules-2\files-2.1\com.google.j2objc\j2objc-annotations\1.1\ed28ded51a8b1c6b112568def5f4b455e6809019\j2objc-annotations-1.1.jar;C:\Users\Gregorio\.gradle\caches\modules-2\files-2.1\org.apache.httpcomponents\httpcore\4.4.9\a86ce739e5a7175b4b234c290a00a5fdb80957a0\httpcore-4.4.9.jar;C:\Users\Gregorio\.gradle\caches\modules-2\files-2.1\commons-logging\commons-logging\1.2\4bfc12adfe4842bf07b657f0369c4cb522955686\commons-logging-1.2.jar;C:\Users\Gregorio\.gradle\caches\modules-2\files-2.1\commons-codec\commons-codec\1.10\4b95f4897fa13f2cd904aee711aeafc0c5295cd8\commons-codec-1.10.jar;C:\Users\Gregorio\.gradle\caches\modules-2\files-2.1\org.junit.platform\junit-platform-console\1.1.0\1ea376db54ab4ec0018c5e99d414e1c7c034387\junit-platform-console-1.1.0.jar;C:\Users\Gregorio\.gradle\caches\modules-2\files-2.1\org.junit.platform\junit-platform-launcher\1.1.0\ba098edde4e59cacd9225e238ea3ad9c946684ab\junit-platform-launcher-1.1.0.jar;C:\Users\Gregorio\.gradle\caches\modules-2\files-2.1\org.junit.platform\junit-platform-engine\1.1.0\2596bd4d909e7ea8d029272db4338075445d731b\junit-platform-engine-1.1.0.jar;C:\Users\Gregorio\.gradle\caches\modules-2\files-2.1\org.junit.platform\junit-platform-commons\1.1.0\d6aa21029f9cedfb4cc8a9e9efc0bd97987205b8\junit-platform-commons-1.1.0.jar;C:\Users\Gregorio\.gradle\caches\modules-2\files-2.1\org.apiguardian\apiguardian-api\1.0.0\3ef5276905e36f4d8055fe3cb0bdcc7503ffc85d\apiguardian-api-1.0.0.jar;C:\Users\Gregorio\.gradle\caches\modules-2\files-2.1\org.opentest4j\opentest4j\1.0.0\6f09c598e9ff64bf0ce2fa7e7de49a99ba83c0b4\opentest4j-1.0.0.jar"/>

<property name="java.class.version" value="52.0"/>
<property name="java.endorsed.dirs" value="C:\Program Files\Java\jdk1.8.0_191\jre\lib\endorsed"/>
<property name="java.ext.dirs" value="C:\Program Files\Java\jdk1.8.0_191\jre\lib\ext;C:\WINDOWS\Sun\Java\lib\ext"/>
<property name="java.home" value="C:\Program Files\Java\jdk1.8.0_191\jre"/>
<property name="java.io.tmpdir" value="C:\Users\Admin\AppData\Local\Temp\"/>
<property name="java.library.path" value="C:\Program Files\Java\jdk1.8.0_191\bin;C:\WINDOWS\Sun\Java\bin;C:\WINDOWS\system32;C:\WINDOWS;C:/Program Files/Java/jre1.8.0_191/bin/server;C:/Program Files/Java/jre1.8.0_191/bin;C:/Program Files/Java/jre1.8.0_191/lib/amd64;C:\Program Files (x86)\Common Files\Oracle\Java\javapath;C:\Program Files (x86)\Intel\iCLS Client\;C:\Program Files\Intel\iCLS Client\;C:\WINDOWS\system32;C:\WINDOWS;C:\WINDOWS\System32\Wbem;C:\WINDOWS\System32\WindowsPowerShell\v1.0\;C:\Program Files (x86)\Intel\Intel(R) Management Engine Components\DAL;C:\Program Files\Intel\Intel(R) Management Engine Components\DAL;C:\Program Files (x86)\Intel\Intel(R) Management Engine Components\IPT;C:\Program Files\Intel\Intel(R) Management Engine Components\IPT;C:\WINDOWS\System32\OpenSSH\;C:\MinGW\bin;C:\Program Files\Git\cmd;C:\Program Files\Docker\Docker\resources\bin;C:\ProgramData\DockerDesktop\version-bin;C:\Program Files (x86)\Graphviz2.38\bin;C:\Program Files\Java\jdk1.8.0_191\bin;C:\Program Files\MySQL\MySQL Shell 8.0\bin\;C:\Users\Admin\AppData\Local\Microsoft\WindowsApps;C:\Users\Admin\AppData\Local\Programs\Microsoft VS Code\bin;C:\Users\Admin\AppData\Local\atom\bin;C:\Program Files\Java\jre1.8.0_191\bin;C:\Users\Admin\AppData\Local\GitHubDesktop\bin;C:\WINDOWS\system32;;."/>
<property name="java.runtime.name" value="Java(TM) SE Runtime Environment"/>
<property name="java.runtime.version" value="1.8.0_191-b12"/>
<property name="java.specification.name" value="Java Platform API Specification"/>
<property name="java.specification.vendor" value="Oracle Corporation"/>
<property name="java.specification.version" value="1.8"/>
<property name="java.vendor" value="Oracle Corporation"/>
<property name="java.vendor.url" value="http://java.oracle.com/"/>
<property name="java.vendor.url.bug" value="http://bugreport.sun.com/bugreport/"/>
<property name="java.version" value="1.8.0_251"/>
<property name="java.vm.info" value="mixed mode"/>
<property name="java.vm.name" value="Java HotSpot(TM) 64-Bit Server VM"/>
<property name="java.vm.specification.name" value="Java Virtual Machine Specification"/>
<property name="java.vm.specification.vendor" value="Oracle Corporation"/>
<property name="java.vm.specification.version" value="1.8"/>
<property name="java.vm.vendor" value="Oracle Corporation"/>

<property name="java.vm.version" value="25.191-b12"/>

<property name="line.separator" value="
"/>
<property name="os.arch" value="amd64"/>
<property name="os.name" value="Windows 10"/>
<property name="os.version" value="10.0"/>
<property name="path.separator" value=";"/>
<property name="sun.arch.data.model" value="64"/>
<property name="sun.boot.class.path" value="C:\Program Files\Java\jdk1.8.0_191\jre\lib\resources.jar;C:\Program Files\Java\jdk1.8.0_191\jre\lib\rt.jar;C:\Program Files\Java\jdk1.8.0_191\jre\lib\sunrsasign.jar;C:\Program Files\Java\jdk1.8.0_191\jre\lib\jsse.jar;C:\Program Files\Java\jdk1.8.0_191\jre\lib\jce.jar;C:\Program Files\Java\jdk1.8.0_191\jre\lib\charsets.jar;C:\Program Files\Java\jdk1.8.0_191\jre\lib\jfr.jar;C:\Program Files\Java\jdk1.8.0_191\jre\classes"/>
<property name="sun.boot.library.path" value="C:\Program Files\Java\jdk1.8.0_191\jre\bin"/>
<property name="sun.cpu.endian" value="little"/>
<property name="sun.cpu.isalist" value="amd64"/>
<property name="sun.desktop" value="windows"/>
<property name="sun.io.unicode.encoding" value="UnicodeLittle"/>

<property name="sun.java.command" value="org.junit.platform.console.ConsoleLauncher --details NONE --scan-class-path C:\Users\Admin\progetto1920-catmull\build\classes\java\main;C:\Users\Admin\progetto1920-catmull\build\resources\main;C:\Users\Admin\progetto1920-catmull\build\classes\java\test;C:\Users\Admin\progetto1920-catmull\build\resources\test -n ^.*Tests?$ -e junit-jupiter --reports-dir C:\Users\Admin\progetto1920-catmull\build\test-results\junit-platform"/>
<property name="sun.java.launcher" value="SUN_STANDARD"/>
<property name="sun.jnu.encoding" value="Cp1252"/>
<property name="sun.management.compiler" value="HotSpot 64-Bit Tiered Compilers"/>
<property name="sun.os.patch.level" value=""/>
<property name="user.country" value="IT"/>
<property name="user.dir" value="C:\Users\Admin\progetto1920-catmull"/>
<property name="user.home" value="C:\Users\Admin"/>
<property name="user.language" value="it"/>
<property name="user.name" value="Admin"/>
<property name="user.script" value=""/>
<property name="user.timezone" value="Europe/Berlin"/>
<property name="user.variant" value=""/>
</properties>
<testcase name="testEndX()" classname="scacchiera.CellaTest" time="0.055">
<system-out><![CDATA[
unique-id: [engine:junit-jupiter]/[class:scacchiera.CellaTest]/[method:testEndX()]
display-name: testEndX()
]]></system-out>
</testcase>
<testcase name="testEndY()" classname="scacchiera.CellaTest" time="0">
<system-out><![CDATA[
unique-id: [engine:junit-jupiter]/[class:scacchiera.CellaTest]/[method:testEndY()]
display-name: testEndY()
]]></system-out>
</testcase>
<testcase name="testStartX()" classname="scacchiera.CellaTest" time="0.001">
<system-out><![CDATA[
unique-id: [engine:junit-jupiter]/[class:scacchiera.CellaTest]/[method:testStartX()]
display-name: testStartX()
]]></system-out>
</testcase>
<testcase name="testStartY()" classname="scacchiera.CellaTest" time="0.001">
<system-out><![CDATA[
unique-id: [engine:junit-jupiter]/[class:scacchiera.CellaTest]/[method:testStartY()]
display-name: testStartY()
]]></system-out>
</testcase>
<testcase name="testToString()" classname="scacchiera.pedine.PezzoTest" time="0.017">
<system-out><![CDATA[
unique-id: [engine:junit-jupiter]/[class:scacchiera.pedine.PezzoTest]/[method:testToString()]
display-name: testToString()
]]></system-out>
</testcase>
<testcase name="testGetNome()" classname="scacchiera.pedine.PezzoTest" time="0">
<system-out><![CDATA[
unique-id: [engine:junit-jupiter]/[class:scacchiera.pedine.PezzoTest]/[method:testGetNome()]
display-name: testGetNome()
]]></system-out>
</testcase>
<testcase name="testGetSimboloNero()" classname="scacchiera.pedine.PezzoTest" time="0">
<system-out><![CDATA[
unique-id: [engine:junit-jupiter]/[class:scacchiera.pedine.PezzoTest]/[method:testGetSimboloNero()]
display-name: testGetSimboloNero()
]]></system-out>
</testcase>
<testcase name="testGetSimboloBianco()" classname="scacchiera.pedine.PezzoTest" time="0">
<system-out><![CDATA[
unique-id: [engine:junit-jupiter]/[class:scacchiera.pedine.PezzoTest]/[method:testGetSimboloBianco()]
display-name: testGetSimboloBianco()
]]></system-out>
</testcase>
<testcase name="testGetColore()" classname="scacchiera.pedine.PezzoTest" time="0">
<system-out><![CDATA[
unique-id: [engine:junit-jupiter]/[class:scacchiera.pedine.PezzoTest]/[method:testGetColore()]
display-name: testGetColore()
]]></system-out>
</testcase>
<testcase name="testGetArrayStoriaMosseBianco()" classname="gioco.TurnoTest" time="0.001">
<system-out><![CDATA[
unique-id: [engine:junit-jupiter]/[class:gioco.TurnoTest]/[method:testGetArrayStoriaMosseBianco()]
display-name: testGetArrayStoriaMosseBianco()
]]></system-out>
</testcase>
<testcase name="testGetGiocatoreInAttesa()" classname="gioco.TurnoTest" time="0">
<system-out><![CDATA[
unique-id: [engine:junit-jupiter]/[class:gioco.TurnoTest]/[method:testGetGiocatoreInAttesa()]
display-name: testGetGiocatoreInAttesa()
]]></system-out>
</testcase>
<testcase name="testGetArrayStoriaMosseNero()" classname="gioco.TurnoTest" time="0.001">
<system-out><![CDATA[
unique-id: [engine:junit-jupiter]/[class:gioco.TurnoTest]/[method:testGetArrayStoriaMosseNero()]
display-name: testGetArrayStoriaMosseNero()
]]></system-out>
</testcase>
<testcase name="testGetArrayStoriaMosseAttesaDim1Nero()" classname="gioco.TurnoTest" time="0">
<system-out><![CDATA[
unique-id: [engine:junit-jupiter]/[class:gioco.TurnoTest]/[method:testGetArrayStoriaMosseAttesaDim1Nero()]
display-name: testGetArrayStoriaMosseAttesaDim1Nero()
]]></system-out>
</testcase>
<testcase name="testSetNomeGiocatoreInTurno()" classname="gioco.TurnoTest" time="0">
<system-out><![CDATA[
unique-id: [engine:junit-jupiter]/[class:gioco.TurnoTest]/[method:testSetNomeGiocatoreInTurno()]
display-name: testSetNomeGiocatoreInTurno()
]]></system-out>
</testcase>
<testcase name="testGetGiocatoreInTurno()" classname="gioco.TurnoTest" time="0.001">
<system-out><![CDATA[
unique-id: [engine:junit-jupiter]/[class:gioco.TurnoTest]/[method:testGetGiocatoreInTurno()]
display-name: testGetGiocatoreInTurno()
]]></system-out>
</testcase>
<testcase name="testGetArrayStoriaMosseAttesaDim1Bianco()" classname="gioco.TurnoTest" time="0">
<system-out><![CDATA[
unique-id: [engine:junit-jupiter]/[class:gioco.TurnoTest]/[method:testGetArrayStoriaMosseAttesaDim1Bianco()]
display-name: testGetArrayStoriaMosseAttesaDim1Bianco()
]]></system-out>
</testcase>
<testcase name="testGetArrayStoriaMosseNeroDim1()" classname="gioco.TurnoTest" time="0">
<system-out><![CDATA[
unique-id: [engine:junit-jupiter]/[class:gioco.TurnoTest]/[method:testGetArrayStoriaMosseNeroDim1()]
display-name: testGetArrayStoriaMosseNeroDim1()
]]></system-out>
</testcase>
<testcase name="testGetArrayStoriaMosseBiancoDim1()" classname="gioco.TurnoTest" time="0.001">
<system-out><![CDATA[
unique-id: [engine:junit-jupiter]/[class:gioco.TurnoTest]/[method:testGetArrayStoriaMosseBiancoDim1()]
display-name: testGetArrayStoriaMosseBiancoDim1()
]]></system-out>
</testcase>
<testcase name="testSetNomeGiocatoreInAttesa()" classname="gioco.TurnoTest" time="0">
<system-out><![CDATA[
unique-id: [engine:junit-jupiter]/[class:gioco.TurnoTest]/[method:testSetNomeGiocatoreInAttesa()]
display-name: testSetNomeGiocatoreInAttesa()
]]></system-out>
</testcase>
<testcase name="TestConvertiMossa_Mangiata_BassoDx()" classname="scacchiera.pedine.AlfiereTest" time="0.003">
<system-out><![CDATA[
unique-id: [engine:junit-jupiter]/[class:scacchiera.pedine.AlfiereTest]/[method:TestConvertiMossa_Mangiata_BassoDx()]
display-name: TestConvertiMossa_Mangiata_BassoDx()
]]></system-out>
</testcase>
<testcase name="testIsMossaValida_BassoDx2()" classname="scacchiera.pedine.AlfiereTest" time="0.004">
<system-out><![CDATA[
unique-id: [engine:junit-jupiter]/[class:scacchiera.pedine.AlfiereTest]/[method:testIsMossaValida_BassoDx2()]
display-name: testIsMossaValida_BassoDx2()
]]></system-out>
</testcase>
<testcase name="testIsMossaValida_BassoSx2()" classname="scacchiera.pedine.AlfiereTest" time="0.002">
<system-out><![CDATA[
unique-id: [engine:junit-jupiter]/[class:scacchiera.pedine.AlfiereTest]/[method:testIsMossaValida_BassoSx2()]
display-name: testIsMossaValida_BassoSx2()
]]></system-out>
</testcase>
<testcase name="testConvertiMossaAltoDx()" classname="scacchiera.pedine.AlfiereTest" time="0.002">
<system-out><![CDATA[
unique-id: [engine:junit-jupiter]/[class:scacchiera.pedine.AlfiereTest]/[method:testConvertiMossaAltoDx()]
display-name: testConvertiMossaAltoDx()
]]></system-out>
</testcase>
<testcase name="testIsMossaValida_AltoDx_PercorsoOccupato()" classname="scacchiera.pedine.AlfiereTest" time="0.002">
<system-out><![CDATA[
unique-id: [engine:junit-jupiter]/[class:scacchiera.pedine.AlfiereTest]/[method:testIsMossaValida_AltoDx_PercorsoOccupato()]
display-name: testIsMossaValida_AltoDx_PercorsoOccupato()
]]></system-out>
</testcase>
<testcase name="testIsMossaValida_AltoSx_PercorsoOccupato()" classname="scacchiera.pedine.AlfiereTest" time="0">
<system-out><![CDATA[
unique-id: [engine:junit-jupiter]/[class:scacchiera.pedine.AlfiereTest]/[method:testIsMossaValida_AltoSx_PercorsoOccupato()]
display-name: testIsMossaValida_AltoSx_PercorsoOccupato()
]]></system-out>
</testcase>
<testcase name="testIsMossaValida_AltoDx()" classname="scacchiera.pedine.AlfiereTest" time="0.001">
<system-out><![CDATA[
unique-id: [engine:junit-jupiter]/[class:scacchiera.pedine.AlfiereTest]/[method:testIsMossaValida_AltoDx()]
display-name: testIsMossaValida_AltoDx()
]]></system-out>
</testcase>
<testcase name="testIsMossaValida_AltoSx()" classname="scacchiera.pedine.AlfiereTest" time="0">
<system-out><![CDATA[
unique-id: [engine:junit-jupiter]/[class:scacchiera.pedine.AlfiereTest]/[method:testIsMossaValida_AltoSx()]
display-name: testIsMossaValida_AltoSx()
]]></system-out>
</testcase>
<testcase name="testIsMossaValida_AltoDx2()" classname="scacchiera.pedine.AlfiereTest" time="0.002">
<system-out><![CDATA[
unique-id: [engine:junit-jupiter]/[class:scacchiera.pedine.AlfiereTest]/[method:testIsMossaValida_AltoDx2()]
display-name: testIsMossaValida_AltoDx2()
]]></system-out>
</testcase>
<testcase name="testIsMossaValida_AltoDx3()" classname="scacchiera.pedine.AlfiereTest" time="0.001">
<system-out><![CDATA[
unique-id: [engine:junit-jupiter]/[class:scacchiera.pedine.AlfiereTest]/[method:testIsMossaValida_AltoDx3()]
display-name: testIsMossaValida_AltoDx3()
]]></system-out>
</testcase>
<testcase name="testIsMossaValida_AltoSx2()" classname="scacchiera.pedine.AlfiereTest" time="0">
<system-out><![CDATA[
unique-id: [engine:junit-jupiter]/[class:scacchiera.pedine.AlfiereTest]/[method:testIsMossaValida_AltoSx2()]
display-name: testIsMossaValida_AltoSx2()
]]></system-out>
</testcase>
<testcase name="testIsMossaValida_AltoDx_Mangiata()" classname="scacchiera.pedine.AlfiereTest" time="0.002">
<system-out><![CDATA[
unique-id: [engine:junit-jupiter]/[class:scacchiera.pedine.AlfiereTest]/[method:testIsMossaValida_AltoDx_Mangiata()]
display-name: testIsMossaValida_AltoDx_Mangiata()
]]></system-out>
</testcase>
<testcase name="testIsMossaValida_BassoDx()" classname="scacchiera.pedine.AlfiereTest" time="0.001">
<system-out><![CDATA[
unique-id: [engine:junit-jupiter]/[class:scacchiera.pedine.AlfiereTest]/[method:testIsMossaValida_BassoDx()]
display-name: testIsMossaValida_BassoDx()
]]></system-out>
</testcase>
<testcase name="testIsMossaValida_BassoSx()" classname="scacchiera.pedine.AlfiereTest" time="0.001">
<system-out><![CDATA[
unique-id: [engine:junit-jupiter]/[class:scacchiera.pedine.AlfiereTest]/[method:testIsMossaValida_BassoSx()]
display-name: testIsMossaValida_BassoSx()
]]></system-out>
</testcase>
<testcase name="TestConvertiMossa_BassoDx2()" classname="scacchiera.pedine.AlfiereTest" time="0.001">
<system-out><![CDATA[
unique-id: [engine:junit-jupiter]/[class:scacchiera.pedine.AlfiereTest]/[method:TestConvertiMossa_BassoDx2()]
display-name: TestConvertiMossa_BassoDx2()
]]></system-out>
</testcase>
<testcase name="TestConvertiMossa_BassoDx()" classname="scacchiera.pedine.AlfiereTest" time="0.006">
<system-out><![CDATA[
unique-id: [engine:junit-jupiter]/[class:scacchiera.pedine.AlfiereTest]/[method:TestConvertiMossa_BassoDx()]
display-name: TestConvertiMossa_BassoDx()
]]></system-out>
</testcase>
<testcase name="TestConvertiMossa_BassoSx()" classname="scacchiera.pedine.AlfiereTest" time="0.001">
<system-out><![CDATA[
unique-id: [engine:junit-jupiter]/[class:scacchiera.pedine.AlfiereTest]/[method:TestConvertiMossa_BassoSx()]
display-name: TestConvertiMossa_BassoSx()
]]></system-out>
</testcase>
<testcase name="TestConvertiMossa_Mangiata_AltoDx()" classname="scacchiera.pedine.AlfiereTest" time="0.001">
<system-out><![CDATA[
unique-id: [engine:junit-jupiter]/[class:scacchiera.pedine.AlfiereTest]/[method:TestConvertiMossa_Mangiata_AltoDx()]
display-name: TestConvertiMossa_Mangiata_AltoDx()
]]></system-out>
</testcase>
<testcase name="testIsMossaValida_BassoDx_PercorsoOccupato()" classname="scacchiera.pedine.AlfiereTest" time="0.001">
<system-out><![CDATA[
unique-id: [engine:junit-jupiter]/[class:scacchiera.pedine.AlfiereTest]/[method:testIsMossaValida_BassoDx_PercorsoOccupato()]
display-name: testIsMossaValida_BassoDx_PercorsoOccupato()
]]></system-out>
</testcase>
<testcase name="TestConvertiMossa_AltoSx()" classname="scacchiera.pedine.AlfiereTest" time="0.005">
<system-out><![CDATA[
unique-id: [engine:junit-jupiter]/[class:scacchiera.pedine.AlfiereTest]/[method:TestConvertiMossa_AltoSx()]
display-name: TestConvertiMossa_AltoSx()
]]></system-out>
</testcase>
<testcase name="testIsMossaValida_BassoSx_PercorsoOccupato()" classname="scacchiera.pedine.AlfiereTest" time="0.002">
<system-out><![CDATA[
unique-id: [engine:junit-jupiter]/[class:scacchiera.pedine.AlfiereTest]/[method:testIsMossaValida_BassoSx_PercorsoOccupato()]
display-name: testIsMossaValida_BassoSx_PercorsoOccupato()
]]></system-out>
</testcase>
<testcase name="testConvertiMossaCatturaPedone()" classname="scacchiera.pedine.PedoneTest" time="0.001">
<system-out><![CDATA[
unique-id: [engine:junit-jupiter]/[class:scacchiera.pedine.PedoneTest]/[method:testConvertiMossaCatturaPedone()]
display-name: testConvertiMossaCatturaPedone()
]]></system-out>
</testcase>
<testcase name="testIsMossaValidaObliquoNonValida()" classname="scacchiera.pedine.PedoneTest" time="0.002">
<system-out><![CDATA[
unique-id: [engine:junit-jupiter]/[class:scacchiera.pedine.PedoneTest]/[method:testIsMossaValidaObliquoNonValida()]
display-name: testIsMossaValidaObliquoNonValida()
]]></system-out>
</testcase>
<testcase name="testIsMossaValidaDueCelle()" classname="scacchiera.pedine.PedoneTest" time="0.003">
<system-out><![CDATA[
unique-id: [engine:junit-jupiter]/[class:scacchiera.pedine.PedoneTest]/[method:testIsMossaValidaDueCelle()]
display-name: testIsMossaValidaDueCelle()
]]></system-out>
</testcase>
<testcase name="testIsEnPassantValidoCatturaNonValida()" classname="scacchiera.pedine.PedoneTest" time="0.001">
<system-out><![CDATA[
unique-id: [engine:junit-jupiter]/[class:scacchiera.pedine.PedoneTest]/[method:testIsEnPassantValidoCatturaNonValida()]
display-name: testIsEnPassantValidoCatturaNonValida()
]]></system-out>
</testcase>
<testcase name="testIsEnPassantValido()" classname="scacchiera.pedine.PedoneTest" time="0.001">
<system-out><![CDATA[
unique-id: [engine:junit-jupiter]/[class:scacchiera.pedine.PedoneTest]/[method:testIsEnPassantValido()]
display-name: testIsEnPassantValido()
]]></system-out>
</testcase>
<testcase name="testisMossaValidaFinalePienaBianco()" classname="scacchiera.pedine.PedoneTest" time="0.001">
<system-out><![CDATA[
unique-id: [engine:junit-jupiter]/[class:scacchiera.pedine.PedoneTest]/[method:testisMossaValidaFinalePienaBianco()]
display-name: testisMossaValidaFinalePienaBianco()
]]></system-out>
</testcase>
<testcase name="testIsMossaValidaUnaCellaBianco()" classname="scacchiera.pedine.PedoneTest" time="0.003">
<system-out><![CDATA[
unique-id: [engine:junit-jupiter]/[class:scacchiera.pedine.PedoneTest]/[method:testIsMossaValidaUnaCellaBianco()]
display-name: testIsMossaValidaUnaCellaBianco()
]]></system-out>
</testcase>
<testcase name="testIsEnPassantValidoSenzaMossaDiDue()" classname="scacchiera.pedine.PedoneTest" time="0.001">
<system-out><![CDATA[
unique-id: [engine:junit-jupiter]/[class:scacchiera.pedine.PedoneTest]/[method:testIsEnPassantValidoSenzaMossaDiDue()]
display-name: testIsEnPassantValidoSenzaMossaDiDue()
]]></system-out>
</testcase>
<testcase name="testConvertiMossaDueAvanti()" classname="scacchiera.pedine.PedoneTest" time="0.001">
<system-out><![CDATA[
unique-id: [engine:junit-jupiter]/[class:scacchiera.pedine.PedoneTest]/[method:testConvertiMossaDueAvanti()]
display-name: testConvertiMossaDueAvanti()
]]></system-out>
</testcase>
<testcase name="testIsMossaValidaDueFinaleOccupata()" classname="scacchiera.pedine.PedoneTest" time="0">
<system-out><![CDATA[
unique-id: [engine:junit-jupiter]/[class:scacchiera.pedine.PedoneTest]/[method:testIsMossaValidaDueFinaleOccupata()]
display-name: testIsMossaValidaDueFinaleOccupata()
]]></system-out>
</testcase>
<testcase name="testConvertiMossaSuCellaCorrente()" classname="scacchiera.pedine.PedoneTest" time="0">
<system-out><![CDATA[
unique-id: [engine:junit-jupiter]/[class:scacchiera.pedine.PedoneTest]/[method:testConvertiMossaSuCellaCorrente()]
display-name: testConvertiMossaSuCellaCorrente()
]]></system-out>
</testcase>
<testcase name="testConvertiMossaDueCelleBianco()" classname="scacchiera.pedine.PedoneTest" time="0.001">
<system-out><![CDATA[
unique-id: [engine:junit-jupiter]/[class:scacchiera.pedine.PedoneTest]/[method:testConvertiMossaDueCelleBianco()]
display-name: testConvertiMossaDueCelleBianco()
]]></system-out>
</testcase>
<testcase name="testConvertiMossaUnoAvanti()" classname="scacchiera.pedine.PedoneTest" time="0">
<system-out><![CDATA[
unique-id: [engine:junit-jupiter]/[class:scacchiera.pedine.PedoneTest]/[method:testConvertiMossaUnoAvanti()]
display-name: testConvertiMossaUnoAvanti()
]]></system-out>
</testcase>
<testcase name="testIsMossaValidaInDietro()" classname="scacchiera.pedine.PedoneTest" time="0.001">
<system-out><![CDATA[
unique-id: [engine:junit-jupiter]/[class:scacchiera.pedine.PedoneTest]/[method:testIsMossaValidaInDietro()]
display-name: testIsMossaValidaInDietro()
]]></system-out>
</testcase>
<testcase name="testIsMossaValidaMossaNonvalida()" classname="scacchiera.pedine.PedoneTest" time="0.001">
<system-out><![CDATA[
unique-id: [engine:junit-jupiter]/[class:scacchiera.pedine.PedoneTest]/[method:testIsMossaValidaMossaNonvalida()]
display-name: testIsMossaValidaMossaNonvalida()
]]></system-out>
</testcase>
<testcase name="testIsEnPassantValidoBianco()" classname="scacchiera.pedine.PedoneTest" time="0.001">
<system-out><![CDATA[
unique-id: [engine:junit-jupiter]/[class:scacchiera.pedine.PedoneTest]/[method:testIsEnPassantValidoBianco()]
display-name: testIsEnPassantValidoBianco()
]]></system-out>
</testcase>
<testcase name="testIsMossaValidaDueCelleBianco()" classname="scacchiera.pedine.PedoneTest" time="0.001">
<system-out><![CDATA[
unique-id: [engine:junit-jupiter]/[class:scacchiera.pedine.PedoneTest]/[method:testIsMossaValidaDueCelleBianco()]
display-name: testIsMossaValidaDueCelleBianco()
]]></system-out>
</testcase>
<testcase name="testisMossaValidaUnaCellaNero()" classname="scacchiera.pedine.PedoneTest" time="0">
<system-out><![CDATA[
unique-id: [engine:junit-jupiter]/[class:scacchiera.pedine.PedoneTest]/[method:testisMossaValidaUnaCellaNero()]
display-name: testisMossaValidaUnaCellaNero()
]]></system-out>
</testcase>
<testcase name="testIsMossaValidaObliquoValida()" classname="scacchiera.pedine.PedoneTest" time="0">
<system-out><![CDATA[
unique-id: [engine:junit-jupiter]/[class:scacchiera.pedine.PedoneTest]/[method:testIsMossaValidaObliquoValida()]
display-name: testIsMossaValidaObliquoValida()
]]></system-out>
</testcase>
<testcase name="testConvertiMossaUnaCellaBianco()" classname="scacchiera.pedine.PedoneTest" time="0.002">
<system-out><![CDATA[
unique-id: [engine:junit-jupiter]/[class:scacchiera.pedine.PedoneTest]/[method:testConvertiMossaUnaCellaBianco()]
display-name: testConvertiMossaUnaCellaBianco()
]]></system-out>
</testcase>
<testcase name="testConvertiMossaEnPassant()" classname="scacchiera.pedine.PedoneTest" time="0.001">
<system-out><![CDATA[
unique-id: [engine:junit-jupiter]/[class:scacchiera.pedine.PedoneTest]/[method:testConvertiMossaEnPassant()]
display-name: testConvertiMossaEnPassant()
]]></system-out>
</testcase>
<testcase name="testIsNotazioneAlgebricaAlfiereMossa()" classname="gioco.MenuTest" time="0.001">
<system-out><![CDATA[
unique-id: [engine:junit-jupiter]/[class:gioco.MenuTest]/[method:testIsNotazioneAlgebricaAlfiereMossa()]
display-name: testIsNotazioneAlgebricaAlfiereMossa()
]]></system-out>
</testcase>
<testcase name="testIsArrocco_000()" classname="gioco.MenuTest" time="0.001">
<system-out><![CDATA[
unique-id: [engine:junit-jupiter]/[class:gioco.MenuTest]/[method:testIsArrocco_000()]
display-name: testIsArrocco_000()
]]></system-out>
</testcase>
<testcase name="testIsArrocco_OOO()" classname="gioco.MenuTest" time="0">
<system-out><![CDATA[
unique-id: [engine:junit-jupiter]/[class:gioco.MenuTest]/[method:testIsArrocco_OOO()]
display-name: testIsArrocco_OOO()
]]></system-out>
</testcase>
<testcase name="testIsArrocco_ooo()" classname="gioco.MenuTest" time="0">
<system-out><![CDATA[
unique-id: [engine:junit-jupiter]/[class:gioco.MenuTest]/[method:testIsArrocco_ooo()]
display-name: testIsArrocco_ooo()
]]></system-out>
</testcase>
<testcase name="testIsComandoValidoHelp()" classname="gioco.MenuTest" time="0">
<system-out><![CDATA[
unique-id: [engine:junit-jupiter]/[class:gioco.MenuTest]/[method:testIsComandoValidoHelp()]
display-name: testIsComandoValidoHelp()
]]></system-out>
</testcase>
<testcase name="testIsComandoValidoMenu()" classname="gioco.MenuTest" time="0.003">
<system-out><![CDATA[
unique-id: [engine:junit-jupiter]/[class:gioco.MenuTest]/[method:testIsComandoValidoMenu()]
display-name: testIsComandoValidoMenu()
]]></system-out>
</testcase>
<testcase name="testIsComandoValidoQuit()" classname="gioco.MenuTest" time="0">
<system-out><![CDATA[
unique-id: [engine:junit-jupiter]/[class:gioco.MenuTest]/[method:testIsComandoValidoQuit()]
display-name: testIsComandoValidoQuit()
]]></system-out>
</testcase>
<testcase name="testIsNotazioneAlgebricaReginaMossa()" classname="gioco.MenuTest" time="0.001">
<system-out><![CDATA[
unique-id: [engine:junit-jupiter]/[class:gioco.MenuTest]/[method:testIsNotazioneAlgebricaReginaMossa()]
display-name: testIsNotazioneAlgebricaReginaMossa()
]]></system-out>
</testcase>
<testcase name="testIsNotazioneAlgebricaPedoneEP()" classname="gioco.MenuTest" time="0.001">
<system-out><![CDATA[
unique-id: [engine:junit-jupiter]/[class:gioco.MenuTest]/[method:testIsNotazioneAlgebricaPedoneEP()]
display-name: testIsNotazioneAlgebricaPedoneEP()
]]></system-out>
</testcase>
<testcase name="testIsComandoValidoCaptures()" classname="gioco.MenuTest" time="0">
<system-out><![CDATA[
unique-id: [engine:junit-jupiter]/[class:gioco.MenuTest]/[method:testIsComandoValidoCaptures()]
display-name: testIsComandoValidoCaptures()
]]></system-out>
</testcase>
<testcase name="testPlay()" classname="gioco.MenuTest" time="0">
<system-out><![CDATA[
unique-id: [engine:junit-jupiter]/[class:gioco.MenuTest]/[method:testPlay()]
display-name: testPlay()
]]></system-out>
</testcase>
<testcase name="testIsNotazioneAlgebricaCavalloCattura()" classname="gioco.MenuTest" time="0.001">
<system-out><![CDATA[
unique-id: [engine:junit-jupiter]/[class:gioco.MenuTest]/[method:testIsNotazioneAlgebricaCavalloCattura()]
display-name: testIsNotazioneAlgebricaCavalloCattura()
]]></system-out>
</testcase>
<testcase name="testIsNotazioneAlgebricaTorreCattura()" classname="gioco.MenuTest" time="0.002">
<system-out><![CDATA[
unique-id: [engine:junit-jupiter]/[class:gioco.MenuTest]/[method:testIsNotazioneAlgebricaTorreCattura()]
display-name: testIsNotazioneAlgebricaTorreCattura()
]]></system-out>
</testcase>
<testcase name="testIsArroccoNonValido()" classname="gioco.MenuTest" time="0.001">
<system-out><![CDATA[
unique-id: [engine:junit-jupiter]/[class:gioco.MenuTest]/[method:testIsArroccoNonValido()]
display-name: testIsArroccoNonValido()
]]></system-out>
</testcase>
<testcase name="testIsNotazioneAlgebricaReCattura()" classname="gioco.MenuTest" time="0.001">
<system-out><![CDATA[
unique-id: [engine:junit-jupiter]/[class:gioco.MenuTest]/[method:testIsNotazioneAlgebricaReCattura()]
display-name: testIsNotazioneAlgebricaReCattura()
]]></system-out>
</testcase>
<testcase name="testIsNotazioneAlgebricaPedoneCattura()" classname="gioco.MenuTest" time="0.001">
<system-out><![CDATA[
unique-id: [engine:junit-jupiter]/[class:gioco.MenuTest]/[method:testIsNotazioneAlgebricaPedoneCattura()]
display-name: testIsNotazioneAlgebricaPedoneCattura()
]]></system-out>
</testcase>
<testcase name="testIsNotazioneAlgebricaArroccoCorto()" classname="gioco.MenuTest" time="0.001">
<system-out><![CDATA[
unique-id: [engine:junit-jupiter]/[class:gioco.MenuTest]/[method:testIsNotazioneAlgebricaArroccoCorto()]
display-name: testIsNotazioneAlgebricaArroccoCorto()
]]></system-out>
</testcase>
<testcase name="testIsNotazioneAlgebricaArroccoLungo()" classname="gioco.MenuTest" time="0.001">
<system-out><![CDATA[
unique-id: [engine:junit-jupiter]/[class:gioco.MenuTest]/[method:testIsNotazioneAlgebricaArroccoLungo()]
display-name: testIsNotazioneAlgebricaArroccoLungo()
]]></system-out>
</testcase>
<testcase name="testIsNotazioneAlgebricaReMossa()" classname="gioco.MenuTest" time="0.001">
<system-out><![CDATA[
unique-id: [engine:junit-jupiter]/[class:gioco.MenuTest]/[method:testIsNotazioneAlgebricaReMossa()]
display-name: testIsNotazioneAlgebricaReMossa()
]]></system-out>
</testcase>
<testcase name="testIsNotazioneAlgebricaPedoneMossa()" classname="gioco.MenuTest" time="0.001">
<system-out><![CDATA[
unique-id: [engine:junit-jupiter]/[class:gioco.MenuTest]/[method:testIsNotazioneAlgebricaPedoneMossa()]
display-name: testIsNotazioneAlgebricaPedoneMossa()
]]></system-out>
</testcase>
<testcase name="testIsNotazioneAlgebricaAlfiereCattura()" classname="gioco.MenuTest" time="0.004">
<system-out><![CDATA[
unique-id: [engine:junit-jupiter]/[class:gioco.MenuTest]/[method:testIsNotazioneAlgebricaAlfiereCattura()]
display-name: testIsNotazioneAlgebricaAlfiereCattura()
]]></system-out>
</testcase>
<testcase name="testIsNotazioneAlgebricaComandoVuoto()" classname="gioco.MenuTest" time="0.005">
<system-out><![CDATA[
unique-id: [engine:junit-jupiter]/[class:gioco.MenuTest]/[method:testIsNotazioneAlgebricaComandoVuoto()]
display-name: testIsNotazioneAlgebricaComandoVuoto()
]]></system-out>
</testcase>
<testcase name="testIsArrocco_00()" classname="gioco.MenuTest" time="0.002">
<system-out><![CDATA[
unique-id: [engine:junit-jupiter]/[class:gioco.MenuTest]/[method:testIsArrocco_00()]
display-name: testIsArrocco_00()
]]></system-out>
</testcase>
<testcase name="testIsArrocco_OO()" classname="gioco.MenuTest" time="0">
<system-out><![CDATA[
unique-id: [engine:junit-jupiter]/[class:gioco.MenuTest]/[method:testIsArrocco_OO()]
display-name: testIsArrocco_OO()
]]></system-out>
</testcase>
<testcase name="testIsArrocco_oo()" classname="gioco.MenuTest" time="0">
<system-out><![CDATA[
unique-id: [engine:junit-jupiter]/[class:gioco.MenuTest]/[method:testIsArrocco_oo()]
display-name: testIsArrocco_oo()
]]></system-out>
</testcase>
<testcase name="testIsNotazioneAlgebricaReginaCattura()" classname="gioco.MenuTest" time="0.001">
<system-out><![CDATA[
unique-id: [engine:junit-jupiter]/[class:gioco.MenuTest]/[method:testIsNotazioneAlgebricaReginaCattura()]
display-name: testIsNotazioneAlgebricaReginaCattura()
]]></system-out>
</testcase>
<testcase name="testIsComandoValidoBoard()" classname="gioco.MenuTest" time="0.001">
<system-out><![CDATA[
unique-id: [engine:junit-jupiter]/[class:gioco.MenuTest]/[method:testIsComandoValidoBoard()]
display-name: testIsComandoValidoBoard()
]]></system-out>
</testcase>
<testcase name="testIsComandoValidoMoves()" classname="gioco.MenuTest" time="0">
<system-out><![CDATA[
unique-id: [engine:junit-jupiter]/[class:gioco.MenuTest]/[method:testIsComandoValidoMoves()]
display-name: testIsComandoValidoMoves()
]]></system-out>
</testcase>
<testcase name="testIsNotazioneAlgebricaTorreMossa()" classname="gioco.MenuTest" time="0">
<system-out><![CDATA[
unique-id: [engine:junit-jupiter]/[class:gioco.MenuTest]/[method:testIsNotazioneAlgebricaTorreMossa()]
display-name: testIsNotazioneAlgebricaTorreMossa()
]]></system-out>
</testcase>
<testcase name="testIsNotazioneAlgebricaErrata()" classname="gioco.MenuTest" time="0.009">
<system-out><![CDATA[
unique-id: [engine:junit-jupiter]/[class:gioco.MenuTest]/[method:testIsNotazioneAlgebricaErrata()]
display-name: testIsNotazioneAlgebricaErrata()
]]></system-out>
</testcase>
<testcase name="testIsNotazioneAlgebricaCavalloMossa()" classname="gioco.MenuTest" time="0">
<system-out><![CDATA[
unique-id: [engine:junit-jupiter]/[class:gioco.MenuTest]/[method:testIsNotazioneAlgebricaCavalloMossa()]
display-name: testIsNotazioneAlgebricaCavalloMossa()
]]></system-out>
</testcase>
<testcase name="test()" classname="scacchiera.pedine.ReTest" time="0.001">
<system-out><![CDATA[
unique-id: [engine:junit-jupiter]/[class:scacchiera.pedine.ReTest]/[method:test()]
display-name: test()
]]></system-out>
</testcase>
<testcase name="testMossaScacchi_Mangiata()" classname="it.uniba.main.ControllerTest" time="0.014">
<system-out><![CDATA[
unique-id: [engine:junit-jupiter]/[class:it.uniba.main.ControllerTest]/[method:testMossaScacchi_Mangiata()]
display-name: testMossaScacchi_Mangiata()
]]></system-out>
</testcase>
<testcase name="testMossaScacchi()" classname="it.uniba.main.ControllerTest" time="0.001">
<system-out><![CDATA[
unique-id: [engine:junit-jupiter]/[class:it.uniba.main.ControllerTest]/[method:testMossaScacchi()]
display-name: testMossaScacchi()
]]></system-out>
</testcase>
<testcase name="testMossaScacchiArrocco_Lungo_NonValido()" classname="it.uniba.main.ControllerTest" time="0.001">
<system-out><![CDATA[
unique-id: [engine:junit-jupiter]/[class:it.uniba.main.ControllerTest]/[method:testMossaScacchiArrocco_Lungo_NonValido()]
display-name: testMossaScacchiArrocco_Lungo_NonValido()
]]></system-out>
</testcase>
<testcase name="testMossaScacchiArrocco_Lungo_Valido()" classname="it.uniba.main.ControllerTest" time="0.003">
<system-out><![CDATA[
unique-id: [engine:junit-jupiter]/[class:it.uniba.main.ControllerTest]/[method:testMossaScacchiArrocco_Lungo_Valido()]
display-name: testMossaScacchiArrocco_Lungo_Valido()
]]></system-out>
</testcase>
<testcase name="testMossaScacchiIsArroccoValidoNonValido()" classname="it.uniba.main.ControllerTest" time="0">
<system-out><![CDATA[
unique-id: [engine:junit-jupiter]/[class:it.uniba.main.ControllerTest]/[method:testMossaScacchiIsArroccoValidoNonValido()]
display-name: testMossaScacchiIsArroccoValidoNonValido()
]]></system-out>
</testcase>
<testcase name="testMossaScacchiRe()" classname="it.uniba.main.ControllerTest" time="0.001">
<system-out><![CDATA[
unique-id: [engine:junit-jupiter]/[class:it.uniba.main.ControllerTest]/[method:testMossaScacchiRe()]
display-name: testMossaScacchiRe()
]]></system-out>
</testcase>
<testcase name="testMossaScacchiTorre()" classname="it.uniba.main.ControllerTest" time="0.001">
<system-out><![CDATA[
unique-id: [engine:junit-jupiter]/[class:it.uniba.main.ControllerTest]/[method:testMossaScacchiTorre()]
display-name: testMossaScacchiTorre()
]]></system-out>
</testcase>
<testcase name="testMossaScacchi_EnPassantNonValido()" classname="it.uniba.main.ControllerTest" time="0.001">
<system-out><![CDATA[
unique-id: [engine:junit-jupiter]/[class:it.uniba.main.ControllerTest]/[method:testMossaScacchi_EnPassantNonValido()]
display-name: testMossaScacchi_EnPassantNonValido()
]]></system-out>
</testcase>
<testcase name="testMossaScacchi_EnPassant()" classname="it.uniba.main.ControllerTest" time="0.006">
<system-out><![CDATA[
unique-id: [engine:junit-jupiter]/[class:it.uniba.main.ControllerTest]/[method:testMossaScacchi_EnPassant()]
display-name: testMossaScacchi_EnPassant()
]]></system-out>
</testcase>
<testcase name="testMossaScacchiArrocco_Corto_Valido()" classname="it.uniba.main.ControllerTest" time="0.002">
<system-out><![CDATA[
unique-id: [engine:junit-jupiter]/[class:it.uniba.main.ControllerTest]/[method:testMossaScacchiArrocco_Corto_Valido()]
display-name: testMossaScacchiArrocco_Corto_Valido()
]]></system-out>
</testcase>
<testcase name="testMossaScacchiArrocco_Corto_NonValido()" classname="it.uniba.main.ControllerTest" time="0.001">
<system-out><![CDATA[
unique-id: [engine:junit-jupiter]/[class:it.uniba.main.ControllerTest]/[method:testMossaScacchiArrocco_Corto_NonValido()]
display-name: testMossaScacchiArrocco_Corto_NonValido()
]]></system-out>
</testcase>
<testcase name="testMossaScacchi_MossaNonValida()" classname="it.uniba.main.ControllerTest" time="0.003">
<system-out><![CDATA[
unique-id: [engine:junit-jupiter]/[class:it.uniba.main.ControllerTest]/[method:testMossaScacchi_MossaNonValida()]
display-name: testMossaScacchi_MossaNonValida()
]]></system-out>
</testcase>
<testcase name="testToString()" classname="gioco.ComandoTest" time="0.002">
<system-out><![CDATA[
unique-id: [engine:junit-jupiter]/[class:gioco.ComandoTest]/[method:testToString()]
display-name: testToString()
]]></system-out>
</testcase>
<testcase name="testGetNome()" classname="gioco.ComandoTest" time="0.001">
<system-out><![CDATA[
unique-id: [engine:junit-jupiter]/[class:gioco.ComandoTest]/[method:testGetNome()]
display-name: testGetNome()
]]></system-out>
</testcase>
<testcase name="testAddPezziCatturati()" classname="gioco.GiocatoreTest" time="0.005">
<system-out><![CDATA[
unique-id: [engine:junit-jupiter]/[class:gioco.GiocatoreTest]/[method:testAddPezziCatturati()]
display-name: testAddPezziCatturati()
]]></system-out>
</testcase>
<testcase name="testIsEmptyPezziCatturati()" classname="gioco.GiocatoreTest" time="0.001">
<system-out><![CDATA[
unique-id: [engine:junit-jupiter]/[class:gioco.GiocatoreTest]/[method:testIsEmptyPezziCatturati()]
display-name: testIsEmptyPezziCatturati()
]]></system-out>
</testcase>
<testcase name="testGetNome()" classname="gioco.GiocatoreTest" time="0.001">
<system-out><![CDATA[
unique-id: [engine:junit-jupiter]/[class:gioco.GiocatoreTest]/[method:testGetNome()]
display-name: testGetNome()
]]></system-out>
</testcase>
<testcase name="testGetPezziCatturati()" classname="gioco.GiocatoreTest" time="0">
<system-out><![CDATA[
unique-id: [engine:junit-jupiter]/[class:gioco.GiocatoreTest]/[method:testGetPezziCatturati()]
display-name: testGetPezziCatturati()
]]></system-out>
</testcase>
<testcase name="testRemovePezzoCatturato()" classname="gioco.GiocatoreTest" time="0.003">
<system-out><![CDATA[
unique-id: [engine:junit-jupiter]/[class:gioco.GiocatoreTest]/[method:testRemovePezzoCatturato()]
display-name: testRemovePezzoCatturato()
]]></system-out>
</testcase>
<testcase name="testGetColore()" classname="gioco.GiocatoreTest" time="0.001">
<system-out><![CDATA[
unique-id: [engine:junit-jupiter]/[class:gioco.GiocatoreTest]/[method:testGetColore()]
display-name: testGetColore()
]]></system-out>
</testcase>
<testcase name="testConvertiMossaFull()" classname="scacchiera.pedine.CavalloTest" time="0">
<system-out><![CDATA[
unique-id: [engine:junit-jupiter]/[class:scacchiera.pedine.CavalloTest]/[method:testConvertiMossaFull()]
display-name: testConvertiMossaFull()
]]></system-out>
</testcase>
<testcase name="testConvertiMossaAmbiguitaTravSx1()" classname="scacchiera.pedine.CavalloTest" time="0.001">
<system-out><![CDATA[
unique-id: [engine:junit-jupiter]/[class:scacchiera.pedine.CavalloTest]/[method:testConvertiMossaAmbiguitaTravSx1()]
display-name: testConvertiMossaAmbiguitaTravSx1()
]]></system-out>
</testcase>
<testcase name="testConvertiMossaAmbiguitaTravSx2()" classname="scacchiera.pedine.CavalloTest" time="0.003">
<system-out><![CDATA[
unique-id: [engine:junit-jupiter]/[class:scacchiera.pedine.CavalloTest]/[method:testConvertiMossaAmbiguitaTravSx2()]
display-name: testConvertiMossaAmbiguitaTravSx2()
]]></system-out>
</testcase>
<testcase name="testConvertiMossab4()" classname="scacchiera.pedine.CavalloTest" time="0.002">
<system-out><![CDATA[
unique-id: [engine:junit-jupiter]/[class:scacchiera.pedine.CavalloTest]/[method:testConvertiMossab4()]
display-name: testConvertiMossab4()
]]></system-out>
</testcase>
<testcase name="testConvertiMossab6()" classname="scacchiera.pedine.CavalloTest" time="0.001">
<system-out><![CDATA[
unique-id: [engine:junit-jupiter]/[class:scacchiera.pedine.CavalloTest]/[method:testConvertiMossab6()]
display-name: testConvertiMossab6()
]]></system-out>
</testcase>
<testcase name="testConvertiMossac3()" classname="scacchiera.pedine.CavalloTest" time="0.001">
<system-out><![CDATA[
unique-id: [engine:junit-jupiter]/[class:scacchiera.pedine.CavalloTest]/[method:testConvertiMossac3()]
display-name: testConvertiMossac3()
]]></system-out>
</testcase>
<testcase name="testConvertiMossac7()" classname="scacchiera.pedine.CavalloTest" time="0">
<system-out><![CDATA[
unique-id: [engine:junit-jupiter]/[class:scacchiera.pedine.CavalloTest]/[method:testConvertiMossac7()]
display-name: testConvertiMossac7()
]]></system-out>
</testcase>
<testcase name="testConvertiMossae3()" classname="scacchiera.pedine.CavalloTest" time="0">
<system-out><![CDATA[
unique-id: [engine:junit-jupiter]/[class:scacchiera.pedine.CavalloTest]/[method:testConvertiMossae3()]
display-name: testConvertiMossae3()
]]></system-out>
</testcase>
<testcase name="testConvertiMossae7()" classname="scacchiera.pedine.CavalloTest" time="0">
<system-out><![CDATA[
unique-id: [engine:junit-jupiter]/[class:scacchiera.pedine.CavalloTest]/[method:testConvertiMossae7()]
display-name: testConvertiMossae7()
]]></system-out>
</testcase>
<testcase name="testConvertiMossaf4()" classname="scacchiera.pedine.CavalloTest" time="0">
<system-out><![CDATA[
unique-id: [engine:junit-jupiter]/[class:scacchiera.pedine.CavalloTest]/[method:testConvertiMossaf4()]
display-name: testConvertiMossaf4()
]]></system-out>
</testcase>
<testcase name="testConvertiMossaf6()" classname="scacchiera.pedine.CavalloTest" time="0.001">
<system-out><![CDATA[
unique-id: [engine:junit-jupiter]/[class:scacchiera.pedine.CavalloTest]/[method:testConvertiMossaf6()]
display-name: testConvertiMossaf6()
]]></system-out>
</testcase>
<testcase name="testConvertiMossaCatturaFinaleVuota()" classname="scacchiera.pedine.CavalloTest" time="0.001">
<system-out><![CDATA[
unique-id: [engine:junit-jupiter]/[class:scacchiera.pedine.CavalloTest]/[method:testConvertiMossaCatturaFinaleVuota()]
display-name: testConvertiMossaCatturaFinaleVuota()
]]></system-out>
</testcase>
<testcase name="testIsMossaValidab4()" classname="scacchiera.pedine.CavalloTest" time="0.001">
<system-out><![CDATA[
unique-id: [engine:junit-jupiter]/[class:scacchiera.pedine.CavalloTest]/[method:testIsMossaValidab4()]
display-name: testIsMossaValidab4()
]]></system-out>
</testcase>
<testcase name="testIsMossaValidab6()" classname="scacchiera.pedine.CavalloTest" time="0.001">
<system-out><![CDATA[
unique-id: [engine:junit-jupiter]/[class:scacchiera.pedine.CavalloTest]/[method:testIsMossaValidab6()]
display-name: testIsMossaValidab6()
]]></system-out>
</testcase>
<testcase name="testIsMossaValidac3()" classname="scacchiera.pedine.CavalloTest" time="0.013">
<system-out><![CDATA[
unique-id: [engine:junit-jupiter]/[class:scacchiera.pedine.CavalloTest]/[method:testIsMossaValidac3()]
display-name: testIsMossaValidac3()
]]></system-out>
</testcase>
<testcase name="testIsMossaValidae3()" classname="scacchiera.pedine.CavalloTest" time="0.004">
<system-out><![CDATA[
unique-id: [engine:junit-jupiter]/[class:scacchiera.pedine.CavalloTest]/[method:testIsMossaValidae3()]
display-name: testIsMossaValidae3()
]]></system-out>
</testcase>
<testcase name="testIsMossaValidae7()" classname="scacchiera.pedine.CavalloTest" time="0.01">
<system-out><![CDATA[
unique-id: [engine:junit-jupiter]/[class:scacchiera.pedine.CavalloTest]/[method:testIsMossaValidae7()]
display-name: testIsMossaValidae7()
]]></system-out>
</testcase>
<testcase name="testIsMossaValidaf4()" classname="scacchiera.pedine.CavalloTest" time="0">
<system-out><![CDATA[
unique-id: [engine:junit-jupiter]/[class:scacchiera.pedine.CavalloTest]/[method:testIsMossaValidaf4()]
display-name: testIsMossaValidaf4()
]]></system-out>
</testcase>
<testcase name="testIsMossaValidaf6()" classname="scacchiera.pedine.CavalloTest" time="0">
<system-out><![CDATA[
unique-id: [engine:junit-jupiter]/[class:scacchiera.pedine.CavalloTest]/[method:testIsMossaValidaf6()]
display-name: testIsMossaValidaf6()
]]></system-out>
</testcase>
<testcase name="testConvertiMossaAmbiguitaColonnaDx()" classname="scacchiera.pedine.CavalloTest" time="0.002">
<system-out><![CDATA[
unique-id: [engine:junit-jupiter]/[class:scacchiera.pedine.CavalloTest]/[method:testConvertiMossaAmbiguitaColonnaDx()]
display-name: testConvertiMossaAmbiguitaColonnaDx()
]]></system-out>
</testcase>
<testcase name="testIsMossaValidaEndOccupato()" classname="scacchiera.pedine.CavalloTest" time="0.001">
<system-out><![CDATA[
unique-id: [engine:junit-jupiter]/[class:scacchiera.pedine.CavalloTest]/[method:testIsMossaValidaEndOccupato()]
display-name: testIsMossaValidaEndOccupato()
]]></system-out>
</testcase>
<testcase name="testConvertiMossaAmbiguitaTrav2()" classname="scacchiera.pedine.CavalloTest" time="0.003">
<system-out><![CDATA[
unique-id: [engine:junit-jupiter]/[class:scacchiera.pedine.CavalloTest]/[method:testConvertiMossaAmbiguitaTrav2()]
display-name: testConvertiMossaAmbiguitaTrav2()
]]></system-out>
</testcase>
<testcase name="testConvertiMossaAmbiguitaTrav()" classname="scacchiera.pedine.CavalloTest" time="0.014">
<system-out><![CDATA[
unique-id: [engine:junit-jupiter]/[class:scacchiera.pedine.CavalloTest]/[method:testConvertiMossaAmbiguitaTrav()]
display-name: testConvertiMossaAmbiguitaTrav()
]]></system-out>
</testcase>
<testcase name="testisMossaValidac7()" classname="scacchiera.pedine.CavalloTest" time="0">
<system-out><![CDATA[
unique-id: [engine:junit-jupiter]/[class:scacchiera.pedine.CavalloTest]/[method:testisMossaValidac7()]
display-name: testisMossaValidac7()
]]></system-out>
</testcase>
<testcase name="testConvertiMossaAmbiguitaColonna()" classname="scacchiera.pedine.CavalloTest" time="0">
<system-out><![CDATA[
unique-id: [engine:junit-jupiter]/[class:scacchiera.pedine.CavalloTest]/[method:testConvertiMossaAmbiguitaColonna()]
display-name: testConvertiMossaAmbiguitaColonna()
]]></system-out>
</testcase>
<testcase name="testConvertiMossaCatturaAmbiguitaTrav()" classname="scacchiera.pedine.CavalloTest" time="0">
<system-out><![CDATA[
unique-id: [engine:junit-jupiter]/[class:scacchiera.pedine.CavalloTest]/[method:testConvertiMossaCatturaAmbiguitaTrav()]
display-name: testConvertiMossaCatturaAmbiguitaTrav()
]]></system-out>
</testcase>
<testcase name="testConvertiMossaAmbiguitaColonnaPiena()" classname="scacchiera.pedine.CavalloTest" time="0.004">
<system-out><![CDATA[
unique-id: [engine:junit-jupiter]/[class:scacchiera.pedine.CavalloTest]/[method:testConvertiMossaAmbiguitaColonnaPiena()]
display-name: testConvertiMossaAmbiguitaColonnaPiena()
]]></system-out>
</testcase>
<testcase name="testConvertiMossaCattura()" classname="scacchiera.pedine.CavalloTest" time="0.001">
<system-out><![CDATA[
unique-id: [engine:junit-jupiter]/[class:scacchiera.pedine.CavalloTest]/[method:testConvertiMossaCattura()]
display-name: testConvertiMossaCattura()
]]></system-out>
</testcase>
<testcase name="testConvertiMossaAmbiguitaTravFull()" classname="scacchiera.pedine.CavalloTest" time="0">
<system-out><![CDATA[
unique-id: [engine:junit-jupiter]/[class:scacchiera.pedine.CavalloTest]/[method:testConvertiMossaAmbiguitaTravFull()]
display-name: testConvertiMossaAmbiguitaTravFull()
]]></system-out>
</testcase>
<testcase name="testConvertiMossaAmbiguitaColonnaDx2()" classname="scacchiera.pedine.CavalloTest" time="0.001">
<system-out><![CDATA[
unique-id: [engine:junit-jupiter]/[class:scacchiera.pedine.CavalloTest]/[method:testConvertiMossaAmbiguitaColonnaDx2()]
display-name: testConvertiMossaAmbiguitaColonnaDx2()
]]></system-out>
</testcase>
<testcase name="testConvertiMossaCatturaAmbiguitaTravEmpty()" classname="scacchiera.pedine.CavalloTest" time="0">
<system-out><![CDATA[
unique-id: [engine:junit-jupiter]/[class:scacchiera.pedine.CavalloTest]/[method:testConvertiMossaCatturaAmbiguitaTravEmpty()]
display-name: testConvertiMossaCatturaAmbiguitaTravEmpty()
]]></system-out>
</testcase>
<testcase name="testConvertiMossaCatturaAmbiguitaColonne()" classname="scacchiera.pedine.CavalloTest" time="0">
<system-out><![CDATA[
unique-id: [engine:junit-jupiter]/[class:scacchiera.pedine.CavalloTest]/[method:testConvertiMossaCatturaAmbiguitaColonne()]
display-name: testConvertiMossaCatturaAmbiguitaColonne()
]]></system-out>
</testcase>
<testcase name="testConvertiMossaCatturaAmbiguitaColonneEmpty()" classname="scacchiera.pedine.CavalloTest" time="0.001">
<system-out><![CDATA[
unique-id: [engine:junit-jupiter]/[class:scacchiera.pedine.CavalloTest]/[method:testConvertiMossaCatturaAmbiguitaColonneEmpty()]
display-name: testConvertiMossaCatturaAmbiguitaColonneEmpty()
]]></system-out>
</testcase>
<system-out><![CDATA[
unique-id: [engine:junit-jupiter]
display-name: JUnit Jupiter
]]></system-out>
</testsuite>
