<?xml version="1.0" encoding="UTF-8"?>
<testsuite name="JUnit Jupiter" tests="36" skipped="0" failures="0" errors="0" time="0.145" hostname="MBP-di-Antonio" timestamp="2020-05-17T16:44:34">
<properties>
<property name="awt.toolkit" value="sun.lwawt.macosx.LWCToolkit"/>
<property name="file.encoding" value="UTF-8"/>
<property name="file.encoding.pkg" value="sun.io"/>
<property name="file.separator" value="/"/>
<property name="ftp.nonProxyHosts" value="local|*.local|169.254/16|*.169.254/16"/>
<property name="gopherProxySet" value="false"/>
<property name="http.nonProxyHosts" value="local|*.local|169.254/16|*.169.254/16"/>
<property name="java.awt.graphicsenv" value="sun.awt.CGraphicsEnvironment"/>
<property name="java.awt.printerjob" value="sun.lwawt.macosx.CPrinterJob"/>
<property name="java.class.path" value="/Users/antoniocurci/progetto1920-catmull/build/classes/java/test:/Users/antoniocurci/progetto1920-catmull/build/resources/test:/Users/antoniocurci/progetto1920-catmull/build/classes/java/main:/Users/antoniocurci/progetto1920-catmull/build/resources/main:/Users/antoniocurci/.gradle/caches/modules-2/files-2.1/com.google.apis/google-api-services-drive/v3-rev154-1.25.0/b840aeb45c31b97e28f365667f93bbd86fd8790d/google-api-services-drive-v3-rev154-1.25.0.jar:/Users/antoniocurci/.gradle/caches/modules-2/files-2.1/com.google.api-client/google-api-client/1.25.0/e7ff725e89ff5dcbed107be1a24e8102ae2441ee/google-api-client-1.25.0.jar:/Users/antoniocurci/.gradle/caches/modules-2/files-2.1/com.google.oauth-client/google-oauth-client-jetty/1.23.0/e0deaf34371e9ca09f9a04bcbaa854243283cae4/google-oauth-client-jetty-1.23.0.jar:/Users/antoniocurci/.gradle/caches/modules-2/files-2.1/com.google.guava/guava/21.0/3a3d111be1be1b745edfa7d91678a12d7ed38709/guava-21.0.jar:/Users/antoniocurci/.gradle/caches/modules-2/files-2.1/org.junit.vintage/junit-vintage-engine/5.6.0/a8e5f7ae69043582a5ab05bdaa62ba4406f403f0/junit-vintage-engine-5.6.0.jar:/Users/antoniocurci/.gradle/caches/modules-2/files-2.1/org.junit.platform/junit-platform-engine/1.6.0/a3a6ec96c010875444b3ca31828108093758ec00/junit-platform-engine-1.6.0.jar:/Users/antoniocurci/.gradle/caches/modules-2/files-2.1/org.junit.platform/junit-platform-commons/1.6.0/b0a75795cf03841d4f9cc54099557baffc11c727/junit-platform-commons-1.6.0.jar:/Users/antoniocurci/.gradle/caches/modules-2/files-2.1/org.junit.jupiter/junit-jupiter-engine/5.6.0/83c9e737f6015d9e00029b9b1d51e952a884b8f9/junit-jupiter-engine-5.6.0.jar:/Users/antoniocurci/.gradle/caches/modules-2/files-2.1/org.junit.jupiter/junit-jupiter-api/5.6.0/f29e6318333d2303ce4965c9819cfad08de7d1e5/junit-jupiter-api-5.6.0.jar:/Users/antoniocurci/.gradle/caches/modules-2/files-2.1/junit/junit/4.13/e49ccba652b735c93bd6e6f59760d8254cf597dd/junit-4.13.jar:/Users/antoniocurci/.gradle/caches/modules-2/files-2.1/com.google.oauth-client/google-oauth-client-java6/1.23.0/7acbddf56c4ad04efc9d3b48fe015e6250241bf0/google-oauth-client-java6-1.23.0.jar:/Users/antoniocurci/.gradle/caches/modules-2/files-2.1/com.google.oauth-client/google-oauth-client/1.25.0/c9ee14e8b095b4b301b28d57755cc482b8d6f39f/google-oauth-client-1.25.0.jar:/Users/antoniocurci/.gradle/caches/modules-2/files-2.1/com.google.http-client/google-http-client-jackson2/1.25.0/7c5c89bd4d0d34d9f1cb3396e8da6233e5074b5c/google-http-client-jackson2-1.25.0.jar:/Users/antoniocurci/.gradle/caches/modules-2/files-2.1/org.mortbay.jetty/jetty/6.1.26/2f546e289fddd5b1fab1d4199fbb6e9ef43ee4b0/jetty-6.1.26.jar:/Users/antoniocurci/.gradle/caches/modules-2/files-2.1/org.apiguardian/apiguardian-api/1.1.0/fc9dff4bb36d627bdc553de77e1f17efd790876c/apiguardian-api-1.1.0.jar:/Users/antoniocurci/.gradle/caches/modules-2/files-2.1/org.opentest4j/opentest4j/1.2.0/28c11eb91f9b6d8e200631d46e20a7f407f2a046/opentest4j-1.2.0.jar:/Users/antoniocurci/.gradle/caches/modules-2/files-2.1/org.hamcrest/hamcrest-core/1.3/42a25dc3219429f0e5d060061f71acb49bf010a0/hamcrest-core-1.3.jar:/Users/antoniocurci/.gradle/caches/modules-2/files-2.1/org.mortbay.jetty/jetty-util/6.1.26/e5642fe0399814e1687d55a3862aa5a3417226a9/jetty-util-6.1.26.jar:/Users/antoniocurci/.gradle/caches/modules-2/files-2.1/org.mortbay.jetty/servlet-api/2.5-20081211/22bff70037e1e6fa7e6413149489552ee2064702/servlet-api-2.5-20081211.jar:/Users/antoniocurci/.gradle/caches/modules-2/files-2.1/com.google.http-client/google-http-client/1.25.0/5fb16523c393bfe0210c29db44742bd308311841/google-http-client-1.25.0.jar:/Users/antoniocurci/.gradle/caches/modules-2/files-2.1/com.google.code.findbugs/jsr305/3.0.2/25ea2e8b0c338a877313bd4672d3fe056ea78f0d/jsr305-3.0.2.jar:/Users/antoniocurci/.gradle/caches/modules-2/files-2.1/com.fasterxml.jackson.core/jackson-core/2.9.6/4e393793c37c77e042ccc7be5a914ae39251b365/jackson-core-2.9.6.jar:/Users/antoniocurci/.gradle/caches/modules-2/files-2.1/org.apache.httpcomponents/httpclient/4.5.5/1603dfd56ebcd583ccdf337b6c3984ac55d89e58/httpclient-4.5.5.jar:/Users/antoniocurci/.gradle/caches/modules-2/files-2.1/com.google.j2objc/j2objc-annotations/1.1/ed28ded51a8b1c6b112568def5f4b455e6809019/j2objc-annotations-1.1.jar:/Users/antoniocurci/.gradle/caches/modules-2/files-2.1/org.apache.httpcomponents/httpcore/4.4.9/a86ce739e5a7175b4b234c290a00a5fdb80957a0/httpcore-4.4.9.jar:/Users/antoniocurci/.gradle/caches/modules-2/files-2.1/commons-logging/commons-logging/1.2/4bfc12adfe4842bf07b657f0369c4cb522955686/commons-logging-1.2.jar:/Users/antoniocurci/.gradle/caches/modules-2/files-2.1/commons-codec/commons-codec/1.10/4b95f4897fa13f2cd904aee711aeafc0c5295cd8/commons-codec-1.10.jar:/Users/antoniocurci/.gradle/caches/modules-2/files-2.1/org.junit.platform/junit-platform-console/1.1.0/1ea376db54ab4ec0018c5e99d414e1c7c034387/junit-platform-console-1.1.0.jar:/Users/antoniocurci/.gradle/caches/modules-2/files-2.1/org.junit.platform/junit-platform-launcher/1.1.0/ba098edde4e59cacd9225e238ea3ad9c946684ab/junit-platform-launcher-1.1.0.jar:/Users/antoniocurci/.gradle/caches/modules-2/files-2.1/org.junit.platform/junit-platform-engine/1.1.0/2596bd4d909e7ea8d029272db4338075445d731b/junit-platform-engine-1.1.0.jar:/Users/antoniocurci/.gradle/caches/modules-2/files-2.1/org.junit.platform/junit-platform-commons/1.1.0/d6aa21029f9cedfb4cc8a9e9efc0bd97987205b8/junit-platform-commons-1.1.0.jar:/Users/antoniocurci/.gradle/caches/modules-2/files-2.1/org.apiguardian/apiguardian-api/1.0.0/3ef5276905e36f4d8055fe3cb0bdcc7503ffc85d/apiguardian-api-1.0.0.jar:/Users/antoniocurci/.gradle/caches/modules-2/files-2.1/org.opentest4j/opentest4j/1.0.0/6f09c598e9ff64bf0ce2fa7e7de49a99ba83c0b4/opentest4j-1.0.0.jar"/>
<property name="java.class.version" value="52.0"/>
<property name="java.endorsed.dirs" value="/Library/Java/JavaVirtualMachines/jdk1.8.0_251.jdk/Contents/Home/jre/lib/endorsed"/>
<property name="java.ext.dirs" value="/Users/antoniocurci/Library/Java/Extensions:/Library/Java/JavaVirtualMachines/jdk1.8.0_251.jdk/Contents/Home/jre/lib/ext:/Library/Java/Extensions:/Network/Library/Java/Extensions:/System/Library/Java/Extensions:/usr/lib/java"/>
<property name="java.home" value="/Library/Java/JavaVirtualMachines/jdk1.8.0_251.jdk/Contents/Home/jre"/>
<property name="java.io.tmpdir" value="/var/folders/bx/1jr_p2r545z00kcp9drf1fz80000gn/T/"/>
<property name="java.library.path" value="/Users/antoniocurci/Library/Java/Extensions:/Library/Java/Extensions:/Network/Library/Java/Extensions:/System/Library/Java/Extensions:/usr/lib/java:."/>
<property name="java.runtime.name" value="Java(TM) SE Runtime Environment"/>
<property name="java.runtime.version" value="1.8.0_251-b08"/>
<property name="java.specification.name" value="Java Platform API Specification"/>
<property name="java.specification.vendor" value="Oracle Corporation"/>
<property name="java.specification.version" value="1.8"/>
<property name="java.vendor" value="Oracle Corporation"/>
<property name="java.vendor.url" value="http://java.oracle.com/"/>
<property name="java.vendor.url.bug" value="http://bugreport.sun.com/bugreport/"/>
<property name="java.version" value="1.8.0_251"/>
<property name="java.vm.info" value="mixed mode"/>
<property name="java.vm.name" value="Java HotSpot(TM) 64-Bit Server VM"/>
<property name="java.vm.specification.name" value="Java Virtual Machine Specification"/>
<property name="java.vm.specification.vendor" value="Oracle Corporation"/>
<property name="java.vm.specification.version" value="1.8"/>
<property name="java.vm.vendor" value="Oracle Corporation"/>
<property name="java.vm.version" value="25.251-b08"/>
<property name="line.separator" value="
"/>
<property name="os.arch" value="x86_64"/>
<property name="os.name" value="Mac OS X"/>
<property name="os.version" value="10.15.4"/>
<property name="path.separator" value=":"/>
<property name="socksNonProxyHosts" value="local|*.local|169.254/16|*.169.254/16"/>
<property name="sun.arch.data.model" value="64"/>
<property name="sun.boot.class.path" value="/Library/Java/JavaVirtualMachines/jdk1.8.0_251.jdk/Contents/Home/jre/lib/resources.jar:/Library/Java/JavaVirtualMachines/jdk1.8.0_251.jdk/Contents/Home/jre/lib/rt.jar:/Library/Java/JavaVirtualMachines/jdk1.8.0_251.jdk/Contents/Home/jre/lib/sunrsasign.jar:/Library/Java/JavaVirtualMachines/jdk1.8.0_251.jdk/Contents/Home/jre/lib/jsse.jar:/Library/Java/JavaVirtualMachines/jdk1.8.0_251.jdk/Contents/Home/jre/lib/jce.jar:/Library/Java/JavaVirtualMachines/jdk1.8.0_251.jdk/Contents/Home/jre/lib/charsets.jar:/Library/Java/JavaVirtualMachines/jdk1.8.0_251.jdk/Contents/Home/jre/lib/jfr.jar:/Library/Java/JavaVirtualMachines/jdk1.8.0_251.jdk/Contents/Home/jre/classes"/>
<property name="sun.boot.library.path" value="/Library/Java/JavaVirtualMachines/jdk1.8.0_251.jdk/Contents/Home/jre/lib"/>
<property name="sun.cpu.endian" value="little"/>
<property name="sun.cpu.isalist" value=""/>
<property name="sun.io.unicode.encoding" value="UnicodeBig"/>
<property name="sun.java.command" value="org.junit.platform.console.ConsoleLauncher --details NONE --scan-class-path /Users/antoniocurci/progetto1920-catmull/build/classes/java/main:/Users/antoniocurci/progetto1920-catmull/build/resources/main:/Users/antoniocurci/progetto1920-catmull/build/classes/java/test:/Users/antoniocurci/progetto1920-catmull/build/resources/test -n ^.*Tests?$ -e junit-jupiter --reports-dir /Users/antoniocurci/progetto1920-catmull/build/test-results/junit-platform"/>
<property name="sun.java.launcher" value="SUN_STANDARD"/>
<property name="sun.jnu.encoding" value="UTF-8"/>
<property name="sun.management.compiler" value="HotSpot 64-Bit Tiered Compilers"/>
<property name="sun.os.patch.level" value="unknown"/>
<property name="user.country" value="IT"/>
<property name="user.dir" value="/Users/antoniocurci/progetto1920-catmull"/>
<property name="user.home" value="/Users/antoniocurci"/>
<property name="user.language" value="it"/>
<property name="user.name" value="antoniocurci"/>
<property name="user.timezone" value="Europe/Rome"/>
<property name="user.variant" value=""/>
</properties>
<testcase name="testGetSimbolo()" classname="scacchiera.pedine.PezzoTest" time="0.026">
<system-out><![CDATA[
unique-id: [engine:junit-jupiter]/[class:scacchiera.pedine.PezzoTest]/[method:testGetSimbolo()]
display-name: testGetSimbolo()
]]></system-out>
</testcase>
<testcase name="testToString()" classname="scacchiera.pedine.PezzoTest" time="0.001">
<system-out><![CDATA[
unique-id: [engine:junit-jupiter]/[class:scacchiera.pedine.PezzoTest]/[method:testToString()]
display-name: testToString()
]]></system-out>
</testcase>
<testcase name="testGetNome()" classname="scacchiera.pedine.PezzoTest" time="0">
<system-out><![CDATA[
unique-id: [engine:junit-jupiter]/[class:scacchiera.pedine.PezzoTest]/[method:testGetNome()]
display-name: testGetNome()
]]></system-out>
</testcase>
<testcase name="testGetColore()" classname="scacchiera.pedine.PezzoTest" time="0">
<system-out><![CDATA[
unique-id: [engine:junit-jupiter]/[class:scacchiera.pedine.PezzoTest]/[method:testGetColore()]
display-name: testGetColore()
]]></system-out>
</testcase>
<testcase name="testEndX()" classname="scacchiera.CellaTest" time="0.001">
<system-out><![CDATA[
unique-id: [engine:junit-jupiter]/[class:scacchiera.CellaTest]/[method:testEndX()]
display-name: testEndX()
]]></system-out>
</testcase>
<testcase name="testEndY()" classname="scacchiera.CellaTest" time="0">
<system-out><![CDATA[
unique-id: [engine:junit-jupiter]/[class:scacchiera.CellaTest]/[method:testEndY()]
display-name: testEndY()
]]></system-out>
</testcase>
<testcase name="testCostruttore()" classname="scacchiera.CellaTest" time="0.002">
<system-out><![CDATA[
unique-id: [engine:junit-jupiter]/[class:scacchiera.CellaTest]/[method:testCostruttore()]
display-name: testCostruttore()
]]></system-out>
</testcase>
<testcase name="testStartX()" classname="scacchiera.CellaTest" time="0.001">
<system-out><![CDATA[
unique-id: [engine:junit-jupiter]/[class:scacchiera.CellaTest]/[method:testStartX()]
display-name: testStartX()
]]></system-out>
</testcase>
<testcase name="testStartY()" classname="scacchiera.CellaTest" time="0.001">
<system-out><![CDATA[
unique-id: [engine:junit-jupiter]/[class:scacchiera.CellaTest]/[method:testStartY()]
display-name: testStartY()
]]></system-out>
</testcase>
<testcase name="testSetGiocatoreInAttesa()" classname="gioco.TurnoTest" time="0">
<system-out><![CDATA[
unique-id: [engine:junit-jupiter]/[class:gioco.TurnoTest]/[method:testSetGiocatoreInAttesa()]
display-name: testSetGiocatoreInAttesa()
]]></system-out>
</testcase>
<testcase name="testGetGiocatoreInAttesa()" classname="gioco.TurnoTest" time="0">
<system-out><![CDATA[
unique-id: [engine:junit-jupiter]/[class:gioco.TurnoTest]/[method:testGetGiocatoreInAttesa()]
display-name: testGetGiocatoreInAttesa()
]]></system-out>
</testcase>
<testcase name="testSetGiocatoreInTurno()" classname="gioco.TurnoTest" time="0">
<system-out><![CDATA[
unique-id: [engine:junit-jupiter]/[class:gioco.TurnoTest]/[method:testSetGiocatoreInTurno()]
display-name: testSetGiocatoreInTurno()
]]></system-out>
</testcase>
<testcase name="testGetGiocatoreInTurno()" classname="gioco.TurnoTest" time="0.002">
<system-out><![CDATA[
unique-id: [engine:junit-jupiter]/[class:gioco.TurnoTest]/[method:testGetGiocatoreInTurno()]
display-name: testGetGiocatoreInTurno()
]]></system-out>
</testcase>
<testcase name="testGetArrayStoriaMosse()" classname="gioco.TurnoTest" time="0.001">
<system-out><![CDATA[
unique-id: [engine:junit-jupiter]/[class:gioco.TurnoTest]/[method:testGetArrayStoriaMosse()]
display-name: testGetArrayStoriaMosse()
]]></system-out>
</testcase>
<testcase name="testIsEnPassantValido()" classname="scacchiera.pedine.PedoneTest" time="0.003">
<system-out><![CDATA[
unique-id: [engine:junit-jupiter]/[class:scacchiera.pedine.PedoneTest]/[method:testIsEnPassantValido()]
display-name: testIsEnPassantValido()
]]></system-out>
</testcase>
<testcase name="testConvertiMossa()" classname="scacchiera.pedine.PedoneTest" time="0.002">
<system-out><![CDATA[
unique-id: [engine:junit-jupiter]/[class:scacchiera.pedine.PedoneTest]/[method:testConvertiMossa()]
display-name: testConvertiMossa()
]]></system-out>
</testcase>
<testcase name="testIsPedone()" classname="scacchiera.pedine.PedoneTest" time="0.001">
<system-out><![CDATA[
unique-id: [engine:junit-jupiter]/[class:scacchiera.pedine.PedoneTest]/[method:testIsPedone()]
display-name: testIsPedone()
]]></system-out>
</testcase>
<testcase name="testIsMossaValida()" classname="scacchiera.pedine.PedoneTest" time="0.001">
<system-out><![CDATA[
unique-id: [engine:junit-jupiter]/[class:scacchiera.pedine.PedoneTest]/[method:testIsMossaValida()]
display-name: testIsMossaValida()
]]></system-out>
</testcase>
<testcase name="testConvertiMossa()" classname="scacchiera.pedine.AlfiereTest" time="0.001">
<system-out><![CDATA[
unique-id: [engine:junit-jupiter]/[class:scacchiera.pedine.AlfiereTest]/[method:testConvertiMossa()]
display-name: testConvertiMossa()
]]></system-out>
</testcase>
<testcase name="testIsMossaValida()" classname="scacchiera.pedine.AlfiereTest" time="0.001">
<system-out><![CDATA[
unique-id: [engine:junit-jupiter]/[class:scacchiera.pedine.AlfiereTest]/[method:testIsMossaValida()]
display-name: testIsMossaValida()
]]></system-out>
</testcase>
<testcase name="testPlay()" classname="gioco.MenuTest" time="0">
<system-out><![CDATA[
unique-id: [engine:junit-jupiter]/[class:gioco.MenuTest]/[method:testPlay()]
display-name: testPlay()
]]></system-out>
</testcase>
<testcase name="testIsNotazioneAlgebrica()" classname="gioco.MenuTest" time="0.004">
<system-out><![CDATA[
unique-id: [engine:junit-jupiter]/[class:gioco.MenuTest]/[method:testIsNotazioneAlgebrica()]
display-name: testIsNotazioneAlgebrica()
]]></system-out>
</testcase>
<testcase name="testIsComandoValido()" classname="gioco.MenuTest" time="0">
<system-out><![CDATA[
unique-id: [engine:junit-jupiter]/[class:gioco.MenuTest]/[method:testIsComandoValido()]
display-name: testIsComandoValido()
]]></system-out>
</testcase>
<testcase name="testIsArrocco()" classname="gioco.MenuTest" time="0">
<system-out><![CDATA[
unique-id: [engine:junit-jupiter]/[class:gioco.MenuTest]/[method:testIsArrocco()]
display-name: testIsArrocco()
]]></system-out>
</testcase>
<testcase name="test()" classname="scacchiera.pedine.ReTest" time="0">
<system-out><![CDATA[
unique-id: [engine:junit-jupiter]/[class:scacchiera.pedine.ReTest]/[method:test()]
display-name: test()
]]></system-out>
</testcase>
<testcase name="testAddPezziCatturati()" classname="gioco.GiocatoreTest" time="0.001">
<system-out><![CDATA[
unique-id: [engine:junit-jupiter]/[class:gioco.GiocatoreTest]/[method:testAddPezziCatturati()]
display-name: testAddPezziCatturati()
]]></system-out>
</testcase>
<testcase name="testIsEmptyPezziCatturati()" classname="gioco.GiocatoreTest" time="0.001">
<system-out><![CDATA[
unique-id: [engine:junit-jupiter]/[class:gioco.GiocatoreTest]/[method:testIsEmptyPezziCatturati()]
display-name: testIsEmptyPezziCatturati()
]]></system-out>
</testcase>
<testcase name="testGetNome()" classname="gioco.GiocatoreTest" time="0">
<system-out><![CDATA[
unique-id: [engine:junit-jupiter]/[class:gioco.GiocatoreTest]/[method:testGetNome()]
display-name: testGetNome()
]]></system-out>
</testcase>
<testcase name="testGetPezziCatturati()" classname="gioco.GiocatoreTest" time="0.001">
<system-out><![CDATA[
unique-id: [engine:junit-jupiter]/[class:gioco.GiocatoreTest]/[method:testGetPezziCatturati()]
display-name: testGetPezziCatturati()
]]></system-out>
</testcase>
<testcase name="testRemovePezzoCatturato()" classname="gioco.GiocatoreTest" time="0">
<system-out><![CDATA[
unique-id: [engine:junit-jupiter]/[class:gioco.GiocatoreTest]/[method:testRemovePezzoCatturato()]
display-name: testRemovePezzoCatturato()
]]></system-out>
</testcase>
<testcase name="testGetColore()" classname="gioco.GiocatoreTest" time="0">
<system-out><![CDATA[
unique-id: [engine:junit-jupiter]/[class:gioco.GiocatoreTest]/[method:testGetColore()]
display-name: testGetColore()
]]></system-out>
</testcase>
<testcase name="testToString()" classname="gioco.ComandoTest" time="0">
<system-out><![CDATA[
unique-id: [engine:junit-jupiter]/[class:gioco.ComandoTest]/[method:testToString()]
display-name: testToString()
]]></system-out>
</testcase>
<testcase name="testGetNome()" classname="gioco.ComandoTest" time="0">
<system-out><![CDATA[
unique-id: [engine:junit-jupiter]/[class:gioco.ComandoTest]/[method:testGetNome()]
display-name: testGetNome()
]]></system-out>
</testcase>
<testcase name="testGetDescrizione()" classname="gioco.ComandoTest" time="0">
<system-out><![CDATA[
unique-id: [engine:junit-jupiter]/[class:gioco.ComandoTest]/[method:testGetDescrizione()]
display-name: testGetDescrizione()
]]></system-out>
</testcase>
<testcase name="testConvertiMossa()" classname="scacchiera.pedine.CavalloTest" time="0.005">
<system-out><![CDATA[
unique-id: [engine:junit-jupiter]/[class:scacchiera.pedine.CavalloTest]/[method:testConvertiMossa()]
display-name: testConvertiMossa()
]]></system-out>
</testcase>
<testcase name="testIsMossaValida()" classname="scacchiera.pedine.CavalloTest" time="0.001">
<system-out><![CDATA[
unique-id: [engine:junit-jupiter]/[class:scacchiera.pedine.CavalloTest]/[method:testIsMossaValida()]
display-name: testIsMossaValida()
]]></system-out>
</testcase>
<system-out><![CDATA[
unique-id: [engine:junit-jupiter]
display-name: JUnit Jupiter
]]></system-out>
</testsuite>
